11:34:08 INFO:root_logger	Starting script...
11:34:14 DEBUG:root_logger	Initalized scraper
11:34:14 INFO:root_logger	Filling items from page #1
11:34:20 ERROR:root_logger	Message: Browsing context has been discarded

11:34:20 ERROR:root_logger	Message: Browsing context has been discarded

11:34:21 ERROR:root_logger	Message: Failed to decode response from marionette

11:34:21 ERROR:root_logger	Message: Tried to run command without establishing a connection

11:34:21 ERROR:root_logger	Message: Tried to run command without establishing a connection

11:34:21 ERROR:root_logger	Message: Tried to run command without establishing a connection

11:34:21 ERROR:root_logger	Message: Tried to run command without establishing a connection

11:34:21 ERROR:root_logger	Message: Tried to run command without establishing a connection

11:34:21 ERROR:root_logger	Message: Tried to run command without establishing a connection

11:34:21 ERROR:root_logger	Message: Tried to run command without establishing a connection

11:34:21 ERROR:root_logger	Message: Tried to run command without establishing a connection

11:34:21 ERROR:root_logger	Message: Tried to run command without establishing a connection

11:34:21 ERROR:root_logger	Message: Tried to run command without establishing a connection

11:34:21 ERROR:root_logger	Message: Tried to run command without establishing a connection

11:34:21 ERROR:root_logger	Message: Tried to run command without establishing a connection

11:34:21 ERROR:root_logger	Message: Tried to run command without establishing a connection

11:34:21 ERROR:root_logger	Message: Tried to run command without establishing a connection

11:34:21 ERROR:root_logger	Message: Tried to run command without establishing a connection

11:34:21 ERROR:root_logger	Message: Tried to run command without establishing a connection

11:34:21 ERROR:root_logger	Message: Tried to run command without establishing a connection

11:34:21 ERROR:root_logger	Message: Tried to run command without establishing a connection

11:34:21 ERROR:root_logger	Message: Tried to run command without establishing a connection

11:34:21 ERROR:root_logger	Message: Tried to run command without establishing a connection

11:34:21 ERROR:root_logger	Message: Tried to run command without establishing a connection

11:34:21 ERROR:root_logger	Message: Tried to run command without establishing a connection

11:34:21 ERROR:root_logger	Message: Tried to run command without establishing a connection

11:34:21 ERROR:root_logger	Message: Tried to run command without establishing a connection

11:34:21 ERROR:root_logger	Message: Tried to run command without establishing a connection

11:34:21 ERROR:root_logger	Message: Tried to run command without establishing a connection

11:34:21 ERROR:root_logger	Message: Tried to run command without establishing a connection

11:34:21 ERROR:root_logger	Message: Tried to run command without establishing a connection

11:34:21 ERROR:root_logger	Message: Tried to run command without establishing a connection

11:34:21 ERROR:root_logger	Message: Tried to run command without establishing a connection

11:34:21 ERROR:root_logger	Message: Tried to run command without establishing a connection

11:34:21 ERROR:root_logger	Message: Tried to run command without establishing a connection

11:34:21 ERROR:root_logger	Message: Tried to run command without establishing a connection

11:34:21 ERROR:root_logger	Message: Tried to run command without establishing a connection

11:34:21 ERROR:root_logger	Message: Tried to run command without establishing a connection

11:34:21 ERROR:root_logger	Message: Tried to run command without establishing a connection

11:34:21 ERROR:root_logger	Message: Tried to run command without establishing a connection

11:34:21 ERROR:root_logger	Message: Tried to run command without establishing a connection

11:34:21 ERROR:root_logger	Message: Tried to run command without establishing a connection

11:34:21 ERROR:root_logger	Message: Tried to run command without establishing a connection

11:34:21 ERROR:root_logger	Message: Tried to run command without establishing a connection

11:34:21 ERROR:root_logger	Message: Tried to run command without establishing a connection

11:34:21 ERROR:root_logger	Message: Tried to run command without establishing a connection

11:34:21 ERROR:root_logger	Message: Tried to run command without establishing a connection

11:34:21 ERROR:root_logger	Message: Tried to run command without establishing a connection

11:34:21 ERROR:root_logger	Message: Tried to run command without establishing a connection

11:34:21 ERROR:root_logger	Message: Tried to run command without establishing a connection

11:34:21 ERROR:root_logger	Message: Tried to run command without establishing a connection

11:34:21 ERROR:root_logger	Message: Tried to run command without establishing a connection

11:34:21 ERROR:root_logger	Message: Tried to run command without establishing a connection

11:34:21 ERROR:root_logger	Message: Tried to run command without establishing a connection

11:34:21 ERROR:root_logger	Message: Tried to run command without establishing a connection

11:34:21 ERROR:root_logger	Message: Tried to run command without establishing a connection

11:34:21 ERROR:root_logger	Message: Tried to run command without establishing a connection

11:34:21 ERROR:root_logger	Message: Tried to run command without establishing a connection

11:34:21 ERROR:root_logger	Message: Tried to run command without establishing a connection

11:34:21 ERROR:root_logger	Message: Tried to run command without establishing a connection

11:34:21 ERROR:root_logger	Message: Tried to run command without establishing a connection

11:34:21 ERROR:root_logger	Message: Tried to run command without establishing a connection

11:34:21 ERROR:root_logger	Message: Tried to run command without establishing a connection

11:34:21 ERROR:root_logger	Message: Tried to run command without establishing a connection

11:34:21 ERROR:root_logger	Message: Tried to run command without establishing a connection

11:34:21 ERROR:root_logger	Message: Tried to run command without establishing a connection

11:34:21 ERROR:root_logger	Message: Tried to run command without establishing a connection

11:34:21 ERROR:root_logger	Message: Tried to run command without establishing a connection

11:34:21 ERROR:root_logger	Message: Tried to run command without establishing a connection

11:34:21 ERROR:root_logger	Message: Tried to run command without establishing a connection

11:34:21 ERROR:root_logger	Message: Tried to run command without establishing a connection

11:34:21 ERROR:root_logger	Message: Tried to run command without establishing a connection

11:34:21 INFO:root_logger	Filling items from page #2
11:34:21 ERROR:root_logger	Message: Tried to run command without establishing a connection

11:36:26 INFO:root_logger	Starting script...
11:36:32 DEBUG:root_logger	Initalized scraper
11:36:32 INFO:root_logger	Filling items from page #1
11:36:38 ERROR:root_logger	'list' object has no attribute 'text'
11:36:40 ERROR:root_logger	'list' object has no attribute 'text'
11:36:42 ERROR:root_logger	'list' object has no attribute 'text'
11:36:43 ERROR:root_logger	'list' object has no attribute 'text'
11:36:45 ERROR:root_logger	'list' object has no attribute 'text'
11:36:47 ERROR:root_logger	'list' object has no attribute 'text'
11:36:49 ERROR:root_logger	Message: Failed to decode response from marionette

11:36:49 ERROR:root_logger	Message: Tried to run command without establishing a connection

11:36:49 ERROR:root_logger	Message: Tried to run command without establishing a connection

11:36:49 ERROR:root_logger	Message: Tried to run command without establishing a connection

11:36:49 ERROR:root_logger	Message: Tried to run command without establishing a connection

11:36:49 ERROR:root_logger	Message: Tried to run command without establishing a connection

11:36:49 ERROR:root_logger	Message: Tried to run command without establishing a connection

11:36:49 ERROR:root_logger	Message: Tried to run command without establishing a connection

11:36:49 ERROR:root_logger	Message: Tried to run command without establishing a connection

11:36:49 ERROR:root_logger	Message: Tried to run command without establishing a connection

11:36:49 ERROR:root_logger	Message: Tried to run command without establishing a connection

11:36:49 ERROR:root_logger	Message: Tried to run command without establishing a connection

11:36:49 ERROR:root_logger	Message: Tried to run command without establishing a connection

11:36:49 ERROR:root_logger	Message: Tried to run command without establishing a connection

11:36:49 ERROR:root_logger	Message: Tried to run command without establishing a connection

11:36:49 ERROR:root_logger	Message: Tried to run command without establishing a connection

11:36:49 ERROR:root_logger	Message: Tried to run command without establishing a connection

11:36:49 ERROR:root_logger	Message: Tried to run command without establishing a connection

11:36:49 ERROR:root_logger	Message: Tried to run command without establishing a connection

11:36:49 ERROR:root_logger	Message: Tried to run command without establishing a connection

11:36:49 ERROR:root_logger	Message: Tried to run command without establishing a connection

11:36:49 ERROR:root_logger	Message: Tried to run command without establishing a connection

11:36:49 ERROR:root_logger	Message: Tried to run command without establishing a connection

11:36:49 ERROR:root_logger	Message: Tried to run command without establishing a connection

11:36:49 ERROR:root_logger	Message: Tried to run command without establishing a connection

11:36:49 ERROR:root_logger	Message: Tried to run command without establishing a connection

11:36:49 ERROR:root_logger	Message: Tried to run command without establishing a connection

11:36:49 ERROR:root_logger	Message: Tried to run command without establishing a connection

11:36:49 ERROR:root_logger	Message: Tried to run command without establishing a connection

11:36:49 ERROR:root_logger	Message: Tried to run command without establishing a connection

11:36:49 ERROR:root_logger	Message: Tried to run command without establishing a connection

11:36:49 ERROR:root_logger	Message: Tried to run command without establishing a connection

11:36:49 ERROR:root_logger	Message: Tried to run command without establishing a connection

11:36:49 ERROR:root_logger	Message: Tried to run command without establishing a connection

11:36:49 ERROR:root_logger	Message: Tried to run command without establishing a connection

11:36:49 ERROR:root_logger	Message: Tried to run command without establishing a connection

11:36:49 ERROR:root_logger	Message: Tried to run command without establishing a connection

11:36:49 ERROR:root_logger	Message: Tried to run command without establishing a connection

11:36:49 ERROR:root_logger	Message: Tried to run command without establishing a connection

11:36:49 ERROR:root_logger	Message: Tried to run command without establishing a connection

11:36:49 ERROR:root_logger	Message: Tried to run command without establishing a connection

11:36:49 ERROR:root_logger	Message: Tried to run command without establishing a connection

11:36:49 ERROR:root_logger	Message: Tried to run command without establishing a connection

11:36:49 ERROR:root_logger	Message: Tried to run command without establishing a connection

11:36:49 ERROR:root_logger	Message: Tried to run command without establishing a connection

11:36:49 ERROR:root_logger	Message: Tried to run command without establishing a connection

11:36:49 ERROR:root_logger	Message: Tried to run command without establishing a connection

11:36:49 ERROR:root_logger	Message: Tried to run command without establishing a connection

11:36:49 ERROR:root_logger	Message: Tried to run command without establishing a connection

11:36:49 ERROR:root_logger	Message: Tried to run command without establishing a connection

11:36:49 ERROR:root_logger	Message: Tried to run command without establishing a connection

11:36:49 ERROR:root_logger	Message: Tried to run command without establishing a connection

11:36:49 ERROR:root_logger	Message: Tried to run command without establishing a connection

11:36:49 ERROR:root_logger	Message: Tried to run command without establishing a connection

11:36:49 ERROR:root_logger	Message: Tried to run command without establishing a connection

11:36:49 ERROR:root_logger	Message: Tried to run command without establishing a connection

11:36:49 ERROR:root_logger	Message: Tried to run command without establishing a connection

11:36:49 ERROR:root_logger	Message: Tried to run command without establishing a connection

11:36:49 ERROR:root_logger	Message: Tried to run command without establishing a connection

11:36:49 ERROR:root_logger	Message: Tried to run command without establishing a connection

11:36:49 ERROR:root_logger	Message: Tried to run command without establishing a connection

11:36:49 ERROR:root_logger	Message: Tried to run command without establishing a connection

11:36:49 ERROR:root_logger	Message: Tried to run command without establishing a connection

11:36:49 ERROR:root_logger	Message: Tried to run command without establishing a connection

11:36:49 ERROR:root_logger	Message: Tried to run command without establishing a connection

11:36:49 ERROR:root_logger	Message: Tried to run command without establishing a connection

11:36:49 INFO:root_logger	Filling items from page #2
11:36:49 ERROR:root_logger	Message: Tried to run command without establishing a connection

11:37:44 INFO:root_logger	Starting script...
11:37:49 DEBUG:root_logger	Initalized scraper
11:37:49 INFO:root_logger	Filling items from page #1
11:37:56 ERROR:root_logger	Message: Unable to locate element: /html/body/div[1]/div[7]/div[2]/div[1]/div[4]/div[1]/div[3]/div[4]/div[2]/div[2]/div[2]/div[2]/span/span[3]

11:37:58 ERROR:root_logger	Message: Unable to locate element: /html/body/div[1]/div[7]/div[2]/div[1]/div[4]/div[1]/div[3]/div[4]/div[2]/div[2]/div[2]/div[2]/span/span[3]

11:38:00 ERROR:root_logger	Message: Unable to locate element: /html/body/div[1]/div[7]/div[2]/div[1]/div[4]/div[1]/div[3]/div[4]/div[2]/div[2]/div[2]/div[2]/span/span[3]

11:38:02 ERROR:root_logger	Message: Unable to locate element: /html/body/div[1]/div[7]/div[2]/div[1]/div[4]/div[1]/div[3]/div[4]/div[2]/div[2]/div[2]/div[2]/span/span[3]

11:38:04 ERROR:root_logger	Message: Unable to locate element: /html/body/div[1]/div[7]/div[2]/div[1]/div[4]/div[1]/div[3]/div[4]/div[2]/div[2]/div[2]/div[2]/span/span[3]

11:38:05 ERROR:root_logger	Message: Unable to locate element: /html/body/div[1]/div[7]/div[2]/div[1]/div[4]/div[1]/div[3]/div[4]/div[2]/div[2]/div[2]/div[2]/span/span[3]

11:38:06 DEBUG:root_logger	shutdown() called on Scraper instance
11:38:10 INFO:root_logger	Filling items from page #2
11:38:14 ERROR:root_logger	HTTPConnectionPool(host='127.0.0.1', port=65353): Max retries exceeded with url: /session/f6f1dbe2-2c6b-4606-ba22-c8a02256c51f/url (Caused by NewConnectionError('<urllib3.connection.HTTPConnection object at 0x000001F34BDEC390>: Failed to establish a new connection: [WinError 10061] No connection could be made because the target machine actively refused it',))
11:43:41 INFO:root_logger	Starting script...
11:43:47 DEBUG:root_logger	Initalized scraper
11:43:47 INFO:root_logger	Filling items from page #1
11:43:54 ERROR:root_logger	name 'NoSuchElementException' is not defined
11:43:55 ERROR:root_logger	name 'NoSuchElementException' is not defined
11:43:57 ERROR:root_logger	name 'NoSuchElementException' is not defined
11:43:59 ERROR:root_logger	name 'NoSuchElementException' is not defined
11:43:59 ERROR:root_logger	Message: Tried to run command without establishing a connection

11:43:59 ERROR:root_logger	Message: Tried to run command without establishing a connection

11:43:59 ERROR:root_logger	Message: Tried to run command without establishing a connection

11:43:59 ERROR:root_logger	Message: Tried to run command without establishing a connection

11:43:59 ERROR:root_logger	Message: Tried to run command without establishing a connection

11:43:59 ERROR:root_logger	Message: Tried to run command without establishing a connection

11:43:59 ERROR:root_logger	Message: Tried to run command without establishing a connection

11:43:59 ERROR:root_logger	Message: Tried to run command without establishing a connection

11:43:59 ERROR:root_logger	Message: Tried to run command without establishing a connection

11:43:59 ERROR:root_logger	Message: Tried to run command without establishing a connection

11:43:59 ERROR:root_logger	Message: Tried to run command without establishing a connection

11:43:59 ERROR:root_logger	Message: Tried to run command without establishing a connection

11:43:59 ERROR:root_logger	Message: Tried to run command without establishing a connection

11:43:59 ERROR:root_logger	Message: Tried to run command without establishing a connection

11:43:59 ERROR:root_logger	Message: Tried to run command without establishing a connection

11:43:59 ERROR:root_logger	Message: Tried to run command without establishing a connection

11:43:59 ERROR:root_logger	Message: Tried to run command without establishing a connection

11:43:59 ERROR:root_logger	Message: Tried to run command without establishing a connection

11:43:59 ERROR:root_logger	Message: Tried to run command without establishing a connection

11:43:59 ERROR:root_logger	Message: Tried to run command without establishing a connection

11:43:59 ERROR:root_logger	Message: Tried to run command without establishing a connection

11:43:59 ERROR:root_logger	Message: Tried to run command without establishing a connection

11:43:59 ERROR:root_logger	Message: Tried to run command without establishing a connection

11:43:59 ERROR:root_logger	Message: Tried to run command without establishing a connection

11:43:59 ERROR:root_logger	Message: Tried to run command without establishing a connection

11:43:59 ERROR:root_logger	Message: Tried to run command without establishing a connection

11:43:59 ERROR:root_logger	Message: Tried to run command without establishing a connection

11:43:59 ERROR:root_logger	Message: Tried to run command without establishing a connection

11:43:59 ERROR:root_logger	Message: Tried to run command without establishing a connection

11:43:59 ERROR:root_logger	Message: Tried to run command without establishing a connection

11:43:59 ERROR:root_logger	Message: Tried to run command without establishing a connection

11:43:59 ERROR:root_logger	Message: Tried to run command without establishing a connection

11:43:59 ERROR:root_logger	Message: Tried to run command without establishing a connection

11:43:59 ERROR:root_logger	Message: Tried to run command without establishing a connection

11:43:59 ERROR:root_logger	Message: Tried to run command without establishing a connection

11:44:00 ERROR:root_logger	Message: Tried to run command without establishing a connection

11:44:00 ERROR:root_logger	Message: Tried to run command without establishing a connection

11:44:00 ERROR:root_logger	Message: Tried to run command without establishing a connection

11:44:00 ERROR:root_logger	Message: Tried to run command without establishing a connection

11:44:00 ERROR:root_logger	Message: Tried to run command without establishing a connection

11:44:00 ERROR:root_logger	Message: Tried to run command without establishing a connection

11:44:00 ERROR:root_logger	Message: Tried to run command without establishing a connection

11:44:00 ERROR:root_logger	Message: Tried to run command without establishing a connection

11:44:00 ERROR:root_logger	Message: Tried to run command without establishing a connection

11:44:00 ERROR:root_logger	Message: Tried to run command without establishing a connection

11:44:00 ERROR:root_logger	Message: Tried to run command without establishing a connection

11:44:00 ERROR:root_logger	Message: Tried to run command without establishing a connection

11:44:00 ERROR:root_logger	Message: Tried to run command without establishing a connection

11:44:00 ERROR:root_logger	Message: Tried to run command without establishing a connection

11:44:00 ERROR:root_logger	Message: Tried to run command without establishing a connection

11:44:00 ERROR:root_logger	Message: Tried to run command without establishing a connection

11:44:00 ERROR:root_logger	Message: Tried to run command without establishing a connection

11:44:00 ERROR:root_logger	Message: Tried to run command without establishing a connection

11:44:00 ERROR:root_logger	Message: Tried to run command without establishing a connection

11:44:00 ERROR:root_logger	Message: Tried to run command without establishing a connection

11:44:00 ERROR:root_logger	Message: Tried to run command without establishing a connection

11:44:00 ERROR:root_logger	Message: Tried to run command without establishing a connection

11:44:00 ERROR:root_logger	Message: Tried to run command without establishing a connection

11:44:00 ERROR:root_logger	Message: Tried to run command without establishing a connection

11:44:00 ERROR:root_logger	Message: Tried to run command without establishing a connection

11:44:00 ERROR:root_logger	Message: Tried to run command without establishing a connection

11:44:00 ERROR:root_logger	Message: Tried to run command without establishing a connection

11:44:00 ERROR:root_logger	Message: Tried to run command without establishing a connection

11:44:00 ERROR:root_logger	Message: Tried to run command without establishing a connection

11:44:00 ERROR:root_logger	Message: Tried to run command without establishing a connection

11:44:00 ERROR:root_logger	Message: Tried to run command without establishing a connection

11:44:00 ERROR:root_logger	Message: Tried to run command without establishing a connection

11:44:00 ERROR:root_logger	Message: Tried to run command without establishing a connection

11:44:00 INFO:root_logger	Filling items from page #2
11:44:00 ERROR:root_logger	Message: Tried to run command without establishing a connection

11:45:00 INFO:root_logger	Starting script...
11:45:05 DEBUG:root_logger	Initalized scraper
11:45:05 INFO:root_logger	Filling items from page #1
11:45:12 DEBUG:root_logger	Element not found
11:45:12 ERROR:root_logger	Message: Unable to locate element: span.market_commodity_orders_header_promote:nth-child(2)

11:45:14 DEBUG:root_logger	Element not found
11:45:14 ERROR:root_logger	Message: Unable to locate element: span.market_commodity_orders_header_promote:nth-child(2)

11:45:15 DEBUG:root_logger	Element not found
11:45:15 ERROR:root_logger	Message: Unable to locate element: span.market_commodity_orders_header_promote:nth-child(2)

11:45:17 DEBUG:root_logger	Element not found
11:45:17 ERROR:root_logger	Message: Unable to locate element: span.market_commodity_orders_header_promote:nth-child(2)

11:45:18 DEBUG:root_logger	shutdown() called on Scraper instance
11:45:23 INFO:root_logger	Filling items from page #2
11:45:27 ERROR:root_logger	HTTPConnectionPool(host='127.0.0.1', port=49164): Max retries exceeded with url: /session/e2bb80ca-b70b-4e68-a59e-6931b5c9faf3/url (Caused by NewConnectionError('<urllib3.connection.HTTPConnection object at 0x0000025EF49EB390>: Failed to establish a new connection: [WinError 10061] No connection could be made because the target machine actively refused it',))
12:03:57 INFO:root_logger	Starting script...
12:04:03 DEBUG:root_logger	Initalized scraper
12:04:03 INFO:root_logger	Filling items from page #1
12:04:10 DEBUG:root_logger	Element not found
12:04:10 ERROR:root_logger	Message: Unable to locate element: span.market_commodity_orders_header_promote:nth-child(2)

12:04:11 DEBUG:root_logger	Element not found
12:04:11 ERROR:root_logger	Message: Unable to locate element: span.market_commodity_orders_header_promote:nth-child(2)

12:04:14 DEBUG:root_logger	Element not found
12:04:14 ERROR:root_logger	Message: Unable to locate element: span.market_commodity_orders_header_promote:nth-child(2)

12:04:16 DEBUG:root_logger	Element not found
12:04:16 ERROR:root_logger	Message: Unable to locate element: span.market_commodity_orders_header_promote:nth-child(2)

12:04:18 DEBUG:root_logger	Element not found
12:04:18 ERROR:root_logger	Message: Unable to locate element: span.market_commodity_orders_header_promote:nth-child(2)

12:04:19 DEBUG:root_logger	Element not found
12:04:19 ERROR:root_logger	Message: Unable to locate element: span.market_commodity_orders_header_promote:nth-child(2)

12:04:21 DEBUG:root_logger	Element not found
12:04:21 ERROR:root_logger	Message: Unable to locate element: span.market_commodity_orders_header_promote:nth-child(2)

12:04:23 DEBUG:root_logger	Element not found
12:04:23 ERROR:root_logger	Message: Unable to locate element: span.market_commodity_orders_header_promote:nth-child(2)

12:04:24 DEBUG:root_logger	Element not found
12:04:24 ERROR:root_logger	Message: Unable to locate element: span.market_commodity_orders_header_promote:nth-child(2)

12:04:26 DEBUG:root_logger	Element not found
12:04:26 ERROR:root_logger	Message: Unable to locate element: span.market_commodity_orders_header_promote:nth-child(2)

12:04:28 DEBUG:root_logger	Element not found
12:04:28 ERROR:root_logger	Message: Unable to locate element: span.market_commodity_orders_header_promote:nth-child(2)

12:04:30 DEBUG:root_logger	Element not found
12:04:30 ERROR:root_logger	Message: Unable to locate element: span.market_commodity_orders_header_promote:nth-child(2)

12:04:32 DEBUG:root_logger	Element not found
12:04:32 ERROR:root_logger	Message: Unable to locate element: span.market_commodity_orders_header_promote:nth-child(2)

12:04:34 DEBUG:root_logger	Element not found
12:04:34 ERROR:root_logger	Message: Unable to locate element: span.market_commodity_orders_header_promote:nth-child(2)

12:04:35 DEBUG:root_logger	Element not found
12:04:35 ERROR:root_logger	Message: Unable to locate element: span.market_commodity_orders_header_promote:nth-child(2)

12:04:37 DEBUG:root_logger	Element not found
12:04:37 ERROR:root_logger	Message: Unable to locate element: span.market_commodity_orders_header_promote:nth-child(2)

12:04:39 DEBUG:root_logger	Element not found
12:04:39 ERROR:root_logger	Message: Unable to locate element: span.market_commodity_orders_header_promote:nth-child(2)

12:04:40 DEBUG:root_logger	Element not found
12:04:40 ERROR:root_logger	Message: Unable to locate element: span.market_commodity_orders_header_promote:nth-child(2)

12:04:43 DEBUG:root_logger	Element not found
12:04:43 ERROR:root_logger	Message: Unable to locate element: span.market_commodity_orders_header_promote:nth-child(2)

12:04:46 DEBUG:root_logger	Element not found
12:04:46 ERROR:root_logger	Message: Unable to locate element: span.market_commodity_orders_header_promote:nth-child(2)

12:04:47 DEBUG:root_logger	Element not found
12:04:47 ERROR:root_logger	Message: Unable to locate element: span.market_commodity_orders_header_promote:nth-child(2)

12:04:49 DEBUG:root_logger	Element not found
12:04:49 ERROR:root_logger	Message: Unable to locate element: span.market_commodity_orders_header_promote:nth-child(2)

12:04:52 DEBUG:root_logger	Element not found
12:04:52 ERROR:root_logger	Message: Unable to locate element: span.market_commodity_orders_header_promote:nth-child(2)

12:04:54 DEBUG:root_logger	Element not found
12:04:54 ERROR:root_logger	Message: Unable to locate element: span.market_commodity_orders_header_promote:nth-child(2)

12:04:56 DEBUG:root_logger	Element not found
12:04:56 ERROR:root_logger	Message: Unable to locate element: span.market_commodity_orders_header_promote:nth-child(2)

12:04:57 DEBUG:root_logger	Element not found
12:04:57 ERROR:root_logger	Message: Unable to locate element: span.market_commodity_orders_header_promote:nth-child(2)

12:04:58 DEBUG:root_logger	Element not found
12:04:58 ERROR:root_logger	Message: Unable to locate element: span.market_commodity_orders_header_promote:nth-child(2)

12:04:58 DEBUG:root_logger	Element not found
12:04:58 ERROR:root_logger	Message: Unable to locate element: span.market_commodity_orders_header_promote:nth-child(2)

12:04:59 DEBUG:root_logger	Element not found
12:04:59 ERROR:root_logger	Message: Unable to locate element: span.market_commodity_orders_header_promote:nth-child(2)

12:05:00 DEBUG:root_logger	Element not found
12:05:00 ERROR:root_logger	Message: Unable to locate element: span.market_commodity_orders_header_promote:nth-child(2)

12:05:00 DEBUG:root_logger	Element not found
12:05:00 ERROR:root_logger	Message: Unable to locate element: span.market_commodity_orders_header_promote:nth-child(2)

12:05:01 DEBUG:root_logger	Element not found
12:05:01 ERROR:root_logger	Message: Unable to locate element: span.market_commodity_orders_header_promote:nth-child(2)

12:05:02 DEBUG:root_logger	Element not found
12:05:02 ERROR:root_logger	Message: Unable to locate element: span.market_commodity_orders_header_promote:nth-child(2)

12:05:03 DEBUG:root_logger	Element not found
12:05:03 ERROR:root_logger	Message: Unable to locate element: span.market_commodity_orders_header_promote:nth-child(2)

12:05:03 DEBUG:root_logger	Element not found
12:05:03 ERROR:root_logger	Message: Unable to locate element: span.market_commodity_orders_header_promote:nth-child(2)

12:05:04 DEBUG:root_logger	Element not found
12:05:04 ERROR:root_logger	Message: Unable to locate element: span.market_commodity_orders_header_promote:nth-child(2)

12:05:04 INFO:root_logger	Filling items from page #2
12:05:06 DEBUG:root_logger	Element not found
12:05:06 ERROR:root_logger	Message: Unable to locate element: span.market_commodity_orders_header_promote:nth-child(2)

12:05:07 DEBUG:root_logger	Element not found
12:05:07 ERROR:root_logger	Message: Unable to locate element: span.market_commodity_orders_header_promote:nth-child(2)

12:05:08 DEBUG:root_logger	Element not found
12:05:08 ERROR:root_logger	Message: Unable to locate element: span.market_commodity_orders_header_promote:nth-child(2)

12:05:09 DEBUG:root_logger	Element not found
12:05:09 ERROR:root_logger	Message: Unable to locate element: span.market_commodity_orders_header_promote:nth-child(2)

12:05:09 DEBUG:root_logger	Element not found
12:05:09 ERROR:root_logger	Message: Unable to locate element: span.market_commodity_orders_header_promote:nth-child(2)

12:05:10 DEBUG:root_logger	Element not found
12:05:10 ERROR:root_logger	Message: Unable to locate element: span.market_commodity_orders_header_promote:nth-child(2)

12:05:11 DEBUG:root_logger	Element not found
12:05:11 ERROR:root_logger	Message: Unable to locate element: span.market_commodity_orders_header_promote:nth-child(2)

12:05:12 DEBUG:root_logger	Element not found
12:05:12 ERROR:root_logger	Message: Unable to locate element: span.market_commodity_orders_header_promote:nth-child(2)

12:05:12 DEBUG:root_logger	Element not found
12:05:12 ERROR:root_logger	Message: Unable to locate element: span.market_commodity_orders_header_promote:nth-child(2)

12:05:13 DEBUG:root_logger	Element not found
12:05:13 ERROR:root_logger	Message: Unable to locate element: span.market_commodity_orders_header_promote:nth-child(2)

12:05:14 DEBUG:root_logger	Element not found
12:05:14 ERROR:root_logger	Message: Unable to locate element: span.market_commodity_orders_header_promote:nth-child(2)

12:05:15 DEBUG:root_logger	Element not found
12:05:15 ERROR:root_logger	Message: Unable to locate element: span.market_commodity_orders_header_promote:nth-child(2)

12:05:16 DEBUG:root_logger	Element not found
12:05:16 ERROR:root_logger	Message: Unable to locate element: span.market_commodity_orders_header_promote:nth-child(2)

12:05:16 DEBUG:root_logger	Element not found
12:05:16 ERROR:root_logger	Message: Unable to locate element: span.market_commodity_orders_header_promote:nth-child(2)

12:05:17 DEBUG:root_logger	Element not found
12:05:17 ERROR:root_logger	Message: Unable to locate element: span.market_commodity_orders_header_promote:nth-child(2)

12:05:18 DEBUG:root_logger	Element not found
12:05:18 ERROR:root_logger	Message: Unable to locate element: span.market_commodity_orders_header_promote:nth-child(2)

12:05:19 DEBUG:root_logger	Element not found
12:05:19 ERROR:root_logger	Message: Unable to locate element: span.market_commodity_orders_header_promote:nth-child(2)

12:05:20 DEBUG:root_logger	Element not found
12:05:20 ERROR:root_logger	Message: Unable to locate element: span.market_commodity_orders_header_promote:nth-child(2)

12:05:21 DEBUG:root_logger	Element not found
12:05:21 ERROR:root_logger	Message: Unable to locate element: span.market_commodity_orders_header_promote:nth-child(2)

12:05:22 DEBUG:root_logger	Element not found
12:05:22 ERROR:root_logger	Message: Unable to locate element: span.market_commodity_orders_header_promote:nth-child(2)

12:05:23 DEBUG:root_logger	Element not found
12:05:23 ERROR:root_logger	Message: Unable to locate element: span.market_commodity_orders_header_promote:nth-child(2)

12:05:24 DEBUG:root_logger	Element not found
12:05:24 ERROR:root_logger	Message: Unable to locate element: span.market_commodity_orders_header_promote:nth-child(2)

12:05:25 DEBUG:root_logger	Element not found
12:05:25 ERROR:root_logger	Message: Unable to locate element: span.market_commodity_orders_header_promote:nth-child(2)

12:05:25 DEBUG:root_logger	Element not found
12:05:25 ERROR:root_logger	Message: Unable to locate element: span.market_commodity_orders_header_promote:nth-child(2)

12:05:26 DEBUG:root_logger	Element not found
12:05:26 ERROR:root_logger	Message: Unable to locate element: span.market_commodity_orders_header_promote:nth-child(2)

12:05:27 DEBUG:root_logger	Element not found
12:05:27 ERROR:root_logger	Message: Unable to locate element: span.market_commodity_orders_header_promote:nth-child(2)

12:05:27 DEBUG:root_logger	Element not found
12:05:28 ERROR:root_logger	Message: Unable to locate element: span.market_commodity_orders_header_promote:nth-child(2)

12:05:28 DEBUG:root_logger	Element not found
12:05:28 ERROR:root_logger	Message: Unable to locate element: span.market_commodity_orders_header_promote:nth-child(2)

12:05:30 ERROR:root_logger	Message: Failed to decode response from marionette

12:05:30 ERROR:root_logger	Message: Tried to run command without establishing a connection

12:05:30 ERROR:root_logger	Message: Tried to run command without establishing a connection

12:05:30 ERROR:root_logger	Message: Tried to run command without establishing a connection

12:05:30 ERROR:root_logger	Message: Tried to run command without establishing a connection

12:05:30 ERROR:root_logger	Message: Tried to run command without establishing a connection

12:05:30 ERROR:root_logger	Message: Tried to run command without establishing a connection

12:05:30 ERROR:root_logger	Message: Tried to run command without establishing a connection

12:05:30 ERROR:root_logger	Message: Tried to run command without establishing a connection

12:05:30 ERROR:root_logger	Message: Tried to run command without establishing a connection

12:05:30 ERROR:root_logger	Message: Tried to run command without establishing a connection

12:05:30 ERROR:root_logger	Message: Tried to run command without establishing a connection

12:05:30 ERROR:root_logger	Message: Tried to run command without establishing a connection

12:05:30 ERROR:root_logger	Message: Tried to run command without establishing a connection

12:05:30 ERROR:root_logger	Message: Tried to run command without establishing a connection

12:05:30 ERROR:root_logger	Message: Tried to run command without establishing a connection

12:05:30 INFO:root_logger	Filling items from page #3
12:05:30 ERROR:root_logger	Message: Tried to run command without establishing a connection

12:08:41 INFO:root_logger	Starting script...
12:08:47 DEBUG:root_logger	Initalized scraper
12:08:47 INFO:root_logger	Filling items from page #1
12:08:50 INFO:root_logger	Filling items from page #2
12:08:52 INFO:root_logger	Filling items from page #3
12:08:53 INFO:root_logger	Filling items from page #4
12:08:54 INFO:root_logger	Filling items from page #5
12:08:55 INFO:root_logger	Filling items from page #6
12:08:57 INFO:root_logger	Filling items from page #7
12:08:58 INFO:root_logger	Filling items from page #8
12:09:00 INFO:root_logger	Filling items from page #9
12:09:01 INFO:root_logger	Filling items from page #10
12:09:03 INFO:root_logger	Filling items from page #11
12:09:04 INFO:root_logger	Filling items from page #12
12:09:06 INFO:root_logger	Filling items from page #13
12:09:07 INFO:root_logger	Filling items from page #14
12:09:09 INFO:root_logger	Filling items from page #15
12:09:10 INFO:root_logger	Filling items from page #16
12:09:12 INFO:root_logger	Filling items from page #17
12:09:14 INFO:root_logger	Filling items from page #18
12:09:16 INFO:root_logger	Filling items from page #19
12:09:18 INFO:root_logger	Filling items from page #20
12:09:20 INFO:root_logger	Filling items from page #21
12:09:21 INFO:root_logger	Filling items from page #22
12:09:23 INFO:root_logger	Filling items from page #23
12:09:25 INFO:root_logger	Filling items from page #24
12:09:27 INFO:root_logger	Filling items from page #25
12:09:29 INFO:root_logger	Filling items from page #26
12:09:31 INFO:root_logger	Filling items from page #27
12:09:33 INFO:root_logger	Filling items from page #28
12:09:35 INFO:root_logger	Filling items from page #29
12:09:37 INFO:root_logger	Filling items from page #30
12:09:39 INFO:root_logger	Filling items from page #31
12:09:41 INFO:root_logger	Filling items from page #32
12:09:44 INFO:root_logger	Filling items from page #33
12:09:46 INFO:root_logger	Filling items from page #34
12:09:48 INFO:root_logger	Filling items from page #35
12:09:51 INFO:root_logger	Filling items from page #36
12:09:53 INFO:root_logger	Filling items from page #37
12:09:56 INFO:root_logger	Filling items from page #38
12:09:58 INFO:root_logger	Filling items from page #39
12:10:00 INFO:root_logger	Filling items from page #40
12:10:03 INFO:root_logger	Filling items from page #41
12:10:06 INFO:root_logger	Filling items from page #42
12:10:09 INFO:root_logger	Filling items from page #43
12:10:12 INFO:root_logger	Filling items from page #44
12:10:15 INFO:root_logger	Filling items from page #45
12:10:18 INFO:root_logger	Filling items from page #46
12:10:21 INFO:root_logger	Filling items from page #47
12:10:24 INFO:root_logger	Filling items from page #48
12:10:27 INFO:root_logger	Filling items from page #49
12:10:30 INFO:root_logger	Filling items from page #50
12:10:33 DEBUG:root_logger	shutdown() called on Scraper instance
12:10:37 INFO:root_logger	Filling items from page #51
12:10:41 ERROR:root_logger	HTTPConnectionPool(host='127.0.0.1', port=49454): Max retries exceeded with url: /session/ea59aff7-20ef-4f40-9cc1-133625479f34/url (Caused by NewConnectionError('<urllib3.connection.HTTPConnection object at 0x000001EAA8276400>: Failed to establish a new connection: [WinError 10061] No connection could be made because the target machine actively refused it',))
12:10:58 INFO:root_logger	Starting script...
12:11:04 DEBUG:root_logger	Initalized scraper
12:11:04 INFO:root_logger	Filling items from page #1
12:11:08 INFO:root_logger	Filling items from page #2
12:11:10 INFO:root_logger	Filling items from page #3
12:11:11 INFO:root_logger	Filling items from page #4
12:11:13 INFO:root_logger	Filling items from page #5
12:11:14 INFO:root_logger	Filling items from page #6
12:11:16 INFO:root_logger	Filling items from page #7
12:11:17 INFO:root_logger	Filling items from page #8
12:11:19 INFO:root_logger	Filling items from page #9
12:11:20 INFO:root_logger	Filling items from page #10
12:11:22 INFO:root_logger	Filling items from page #11
12:11:23 INFO:root_logger	Filling items from page #12
12:11:25 INFO:root_logger	Filling items from page #13
12:11:27 INFO:root_logger	Filling items from page #14
12:11:29 INFO:root_logger	Filling items from page #15
12:11:30 INFO:root_logger	Filling items from page #16
12:11:32 INFO:root_logger	Filling items from page #17
12:11:34 INFO:root_logger	Filling items from page #18
12:11:36 INFO:root_logger	Filling items from page #19
12:11:38 INFO:root_logger	Filling items from page #20
12:11:39 INFO:root_logger	Filling items from page #21
12:11:41 INFO:root_logger	Filling items from page #22
12:11:43 INFO:root_logger	Filling items from page #23
12:11:45 INFO:root_logger	Filling items from page #24
12:11:47 INFO:root_logger	Filling items from page #25
12:11:49 INFO:root_logger	Filling items from page #26
12:11:51 INFO:root_logger	Filling items from page #27
12:11:53 INFO:root_logger	Filling items from page #28
12:11:55 INFO:root_logger	Filling items from page #29
12:11:57 INFO:root_logger	Filling items from page #30
12:11:59 INFO:root_logger	Filling items from page #31
12:12:01 INFO:root_logger	Filling items from page #32
12:12:04 INFO:root_logger	Filling items from page #33
12:12:06 INFO:root_logger	Filling items from page #34
12:12:08 INFO:root_logger	Filling items from page #35
12:12:11 INFO:root_logger	Filling items from page #36
12:12:13 INFO:root_logger	Filling items from page #37
12:12:15 INFO:root_logger	Filling items from page #38
12:12:18 INFO:root_logger	Filling items from page #39
12:12:21 INFO:root_logger	Filling items from page #40
12:12:24 INFO:root_logger	Filling items from page #41
12:12:26 INFO:root_logger	Filling items from page #42
12:12:29 INFO:root_logger	Filling items from page #43
12:12:31 INFO:root_logger	Filling items from page #44
12:12:34 INFO:root_logger	Filling items from page #45
12:12:37 INFO:root_logger	Filling items from page #46
12:12:40 INFO:root_logger	Filling items from page #47
12:12:42 INFO:root_logger	Filling items from page #48
12:12:46 INFO:root_logger	Filling items from page #49
12:12:48 INFO:root_logger	Filling items from page #50
12:12:51 INFO:root_logger	Filling items from page #51
12:12:55 INFO:root_logger	Filling items from page #52
12:12:58 INFO:root_logger	Filling items from page #53
12:13:02 INFO:root_logger	Filling items from page #54
12:13:05 INFO:root_logger	Filling items from page #55
12:13:08 INFO:root_logger	Filling items from page #56
12:13:11 INFO:root_logger	Filling items from page #57
12:13:17 INFO:root_logger	Filling items from page #58
12:13:20 INFO:root_logger	Filling items from page #59
12:13:23 INFO:root_logger	Filling items from page #60
12:13:26 INFO:root_logger	Filling items from page #61
12:13:30 INFO:root_logger	Filling items from page #62
12:13:33 INFO:root_logger	Filling items from page #63
12:13:36 INFO:root_logger	Filling items from page #64
12:13:39 INFO:root_logger	Filling items from page #65
12:13:42 INFO:root_logger	Filling items from page #66
12:13:46 INFO:root_logger	Filling items from page #67
12:13:49 INFO:root_logger	Filling items from page #68
12:13:52 INFO:root_logger	Filling items from page #69
12:13:56 INFO:root_logger	Filling items from page #70
12:14:00 INFO:root_logger	Filling items from page #71
12:14:03 INFO:root_logger	Filling items from page #72
12:14:06 INFO:root_logger	Filling items from page #73
12:14:10 INFO:root_logger	Filling items from page #74
12:14:13 INFO:root_logger	Filling items from page #75
12:14:17 INFO:root_logger	Filling items from page #76
12:14:21 INFO:root_logger	Filling items from page #77
12:14:24 INFO:root_logger	Filling items from page #78
12:14:28 INFO:root_logger	Filling items from page #79
12:14:32 INFO:root_logger	Filling items from page #80
12:14:36 INFO:root_logger	Filling items from page #81
12:14:40 INFO:root_logger	Filling items from page #82
12:14:44 INFO:root_logger	Filling items from page #83
12:14:48 INFO:root_logger	Filling items from page #84
12:14:52 INFO:root_logger	Filling items from page #85
12:14:56 INFO:root_logger	Filling items from page #86
12:15:00 INFO:root_logger	Filling items from page #87
12:15:04 INFO:root_logger	Filling items from page #88
12:15:08 INFO:root_logger	Filling items from page #89
12:15:12 INFO:root_logger	Filling items from page #90
12:15:17 INFO:root_logger	Filling items from page #91
12:15:21 INFO:root_logger	Filling items from page #92
12:15:25 INFO:root_logger	Filling items from page #93
12:15:29 INFO:root_logger	Filling items from page #94
12:15:33 INFO:root_logger	Filling items from page #95
12:15:38 INFO:root_logger	Filling items from page #96
12:15:42 INFO:root_logger	Filling items from page #97
12:15:47 INFO:root_logger	Filling items from page #98
12:15:51 INFO:root_logger	Filling items from page #99
12:15:56 INFO:root_logger	Filling items from page #100
12:16:00 INFO:root_logger	Filling items from page #101
12:16:05 INFO:root_logger	Filling items from page #102
12:16:09 INFO:root_logger	Filling items from page #103
12:16:14 INFO:root_logger	Filling items from page #104
12:16:18 INFO:root_logger	Filling items from page #105
12:16:23 INFO:root_logger	Filling items from page #106
12:16:28 INFO:root_logger	Filling items from page #107
12:16:32 INFO:root_logger	Filling items from page #108
12:16:37 INFO:root_logger	Filling items from page #109
12:16:42 INFO:root_logger	Filling items from page #110
12:16:46 INFO:root_logger	Filling items from page #111
12:16:51 INFO:root_logger	Filling items from page #112
12:16:56 INFO:root_logger	Filling items from page #113
12:17:01 INFO:root_logger	Filling items from page #114
12:17:06 INFO:root_logger	Filling items from page #115
12:17:11 INFO:root_logger	Filling items from page #116
12:17:16 INFO:root_logger	Filling items from page #117
12:17:24 INFO:root_logger	Filling items from page #118
12:17:29 INFO:root_logger	Filling items from page #119
12:17:35 INFO:root_logger	Filling items from page #120
12:17:40 INFO:root_logger	Filling items from page #121
12:17:45 INFO:root_logger	Filling items from page #122
12:17:50 INFO:root_logger	Filling items from page #123
12:17:56 INFO:root_logger	Filling items from page #124
12:18:01 INFO:root_logger	Filling items from page #125
12:18:06 INFO:root_logger	Filling items from page #126
12:18:12 INFO:root_logger	Filling items from page #127
12:18:17 INFO:root_logger	Filling items from page #128
12:18:23 INFO:root_logger	Filling items from page #129
12:18:29 INFO:root_logger	Filling items from page #130
12:18:34 INFO:root_logger	Filling items from page #131
12:18:40 INFO:root_logger	Filling items from page #132
12:18:45 INFO:root_logger	Filling items from page #133
12:18:51 INFO:root_logger	Filling items from page #134
12:19:00 INFO:root_logger	Filling items from page #135
12:19:05 INFO:root_logger	Filling items from page #136
12:19:11 INFO:root_logger	Filling items from page #137
12:19:17 INFO:root_logger	Filling items from page #138
12:19:23 INFO:root_logger	Filling items from page #139
12:19:29 INFO:root_logger	Filling items from page #140
12:19:35 INFO:root_logger	Filling items from page #141
12:19:41 INFO:root_logger	Filling items from page #142
12:19:47 INFO:root_logger	Filling items from page #143
12:19:53 INFO:root_logger	Filling items from page #144
12:19:59 INFO:root_logger	Filling items from page #145
12:20:06 INFO:root_logger	Filling items from page #146
12:20:13 INFO:root_logger	Filling items from page #147
12:20:19 INFO:root_logger	Filling items from page #148
12:20:25 INFO:root_logger	Filling items from page #149
12:20:32 INFO:root_logger	Filling items from page #150
12:20:38 INFO:root_logger	Filling items from page #151
12:20:44 INFO:root_logger	Filling items from page #152
12:20:51 INFO:root_logger	Filling items from page #153
12:20:57 INFO:root_logger	Filling items from page #154
12:21:04 INFO:root_logger	Filling items from page #155
12:21:10 INFO:root_logger	Filling items from page #156
12:21:16 INFO:root_logger	Filling items from page #157
12:21:23 INFO:root_logger	Filling items from page #158
12:21:29 INFO:root_logger	Filling items from page #159
12:21:36 INFO:root_logger	Filling items from page #160
12:21:43 INFO:root_logger	Filling items from page #161
12:21:49 INFO:root_logger	Filling items from page #162
12:21:59 INFO:root_logger	Filling items from page #163
12:22:06 INFO:root_logger	Filling items from page #164
12:22:12 INFO:root_logger	Filling items from page #165
12:22:19 INFO:root_logger	Filling items from page #166
12:22:26 INFO:root_logger	Filling items from page #167
12:22:32 INFO:root_logger	Filling items from page #168
12:22:39 INFO:root_logger	Filling items from page #169
12:22:46 INFO:root_logger	Filling items from page #170
12:22:53 INFO:root_logger	Filling items from page #171
12:23:00 INFO:root_logger	Filling items from page #172
12:23:07 INFO:root_logger	Filling items from page #173
12:23:14 INFO:root_logger	Filling items from page #174
12:23:21 INFO:root_logger	Filling items from page #175
12:23:29 INFO:root_logger	Filling items from page #176
12:23:36 INFO:root_logger	Filling items from page #177
12:23:43 INFO:root_logger	Filling items from page #178
12:23:51 INFO:root_logger	Filling items from page #179
12:23:58 INFO:root_logger	Filling items from page #180
12:24:05 INFO:root_logger	Filling items from page #181
12:24:12 INFO:root_logger	Filling items from page #182
12:24:20 INFO:root_logger	Filling items from page #183
12:24:28 INFO:root_logger	Filling items from page #184
12:24:36 INFO:root_logger	Filling items from page #185
12:24:44 INFO:root_logger	Filling items from page #186
12:24:51 INFO:root_logger	Filling items from page #187
12:24:59 INFO:root_logger	Filling items from page #188
12:25:07 INFO:root_logger	Filling items from page #189
12:25:14 INFO:root_logger	Filling items from page #190
12:25:22 INFO:root_logger	Filling items from page #191
12:25:30 INFO:root_logger	Filling items from page #192
12:25:40 INFO:root_logger	Filling items from page #193
12:25:47 INFO:root_logger	Filling items from page #194
12:25:55 INFO:root_logger	Filling items from page #195
12:26:04 INFO:root_logger	Filling items from page #196
12:26:12 INFO:root_logger	Filling items from page #197
12:26:20 INFO:root_logger	Filling items from page #198
12:26:28 INFO:root_logger	Filling items from page #199
12:26:36 INFO:root_logger	Filling items from page #200
12:26:44 INFO:root_logger	Filling items from page #201
12:26:56 INFO:root_logger	Filling items from page #202
12:27:04 INFO:root_logger	Filling items from page #203
12:27:12 INFO:root_logger	Filling items from page #204
12:27:20 INFO:root_logger	Filling items from page #205
12:27:28 INFO:root_logger	Filling items from page #206
12:27:36 INFO:root_logger	Filling items from page #207
12:27:44 INFO:root_logger	Filling items from page #208
12:27:52 INFO:root_logger	Filling items from page #209
12:28:01 INFO:root_logger	Filling items from page #210
12:28:10 INFO:root_logger	Filling items from page #211
12:28:18 INFO:root_logger	Filling items from page #212
12:28:26 INFO:root_logger	Filling items from page #213
12:28:35 INFO:root_logger	Filling items from page #214
12:28:43 INFO:root_logger	Filling items from page #215
12:28:51 INFO:root_logger	Filling items from page #216
12:29:00 INFO:root_logger	Filling items from page #217
12:29:08 INFO:root_logger	Filling items from page #218
12:29:17 INFO:root_logger	Filling items from page #219
12:29:26 INFO:root_logger	Filling items from page #220
12:29:35 INFO:root_logger	Filling items from page #221
12:29:43 INFO:root_logger	Filling items from page #222
12:29:52 INFO:root_logger	Filling items from page #223
12:30:01 INFO:root_logger	Filling items from page #224
12:30:09 INFO:root_logger	Filling items from page #225
12:30:18 INFO:root_logger	Filling items from page #226
12:30:27 INFO:root_logger	Filling items from page #227
12:30:36 INFO:root_logger	Filling items from page #228
12:30:45 INFO:root_logger	Filling items from page #229
12:30:54 INFO:root_logger	Filling items from page #230
12:31:03 INFO:root_logger	Filling items from page #231
12:31:12 INFO:root_logger	Filling items from page #232
12:31:21 INFO:root_logger	Filling items from page #233
12:31:31 INFO:root_logger	Filling items from page #234
12:31:40 INFO:root_logger	Filling items from page #235
12:31:50 INFO:root_logger	Filling items from page #236
12:31:59 INFO:root_logger	Filling items from page #237
12:32:08 INFO:root_logger	Filling items from page #238
12:32:17 INFO:root_logger	Filling items from page #239
12:32:27 INFO:root_logger	Filling items from page #240
12:32:30 DEBUG:root_logger	shutdown() called on Scraper instance
12:32:34 INFO:root_logger	Filling items from page #241
12:32:38 ERROR:root_logger	HTTPConnectionPool(host='127.0.0.1', port=49509): Max retries exceeded with url: /session/d195d06a-c03f-4c68-9fbc-71f686014954/url (Caused by NewConnectionError('<urllib3.connection.HTTPConnection object at 0x000001B6B470A908>: Failed to establish a new connection: [WinError 10061] No connection could be made because the target machine actively refused it',))
13:25:52 INFO:root_logger	Starting script...
13:25:59 DEBUG:root_logger	Initalized scraper
13:25:59 INFO:root_logger	Filling items from page #1
13:26:28 DEBUG:root_logger	shutdown() called on Scraper instance
13:26:31 INFO:root_logger	Filling items from page #2
13:26:35 ERROR:root_logger	HTTPConnectionPool(host='127.0.0.1', port=49661): Max retries exceeded with url: /session/d72e58ff-6c29-476a-9483-3a0d43fe975c/url (Caused by NewConnectionError('<urllib3.connection.HTTPConnection object at 0x0000021349D0B2B0>: Failed to establish a new connection: [WinError 10061] No connection could be made because the target machine actively refused it',))
13:27:30 INFO:root_logger	Starting script...
13:27:37 DEBUG:root_logger	Initalized scraper
13:27:37 INFO:root_logger	Filling items from page #1
13:27:38 DEBUG:root_logger	shutdown() called on Scraper instance
13:27:42 INFO:root_logger	Filling items from page #2
13:27:44 DEBUG:root_logger	shutdown() called on Scraper instance
13:27:48 INFO:root_logger	Filling items from page #3
13:27:52 ERROR:root_logger	HTTPConnectionPool(host='127.0.0.1', port=49722): Max retries exceeded with url: /session/424e0b9c-f2bc-43bc-b5f7-381153bee7d4/url (Caused by NewConnectionError('<urllib3.connection.HTTPConnection object at 0x00000254612451D0>: Failed to establish a new connection: [WinError 10061] No connection could be made because the target machine actively refused it',))
13:31:56 INFO:root_logger	Starting script...
13:32:01 DEBUG:root_logger	Initalized scraper
13:36:49 INFO:root_logger	Starting script...
13:39:58 INFO:root_logger	Starting script...
13:42:02 INFO:root_logger	Starting script...
13:42:08 DEBUG:root_logger	Initalized scraper
13:42:19 INFO:root_logger	Filling items from page #1
13:42:28 ERROR:root_logger	Message: Failed to decode response from marionette

13:43:27 INFO:root_logger	Starting script...
13:43:33 DEBUG:root_logger	Initalized scraper
13:46:13 INFO:root_logger	Starting script...
13:46:19 DEBUG:root_logger	Initalized scraper
13:46:30 INFO:root_logger	Filling items from page #1
13:46:31 ERROR:root_logger	Message: Failed to decode response from marionette

13:47:04 INFO:root_logger	Starting script...
13:47:10 DEBUG:root_logger	Initalized scraper
13:47:21 INFO:root_logger	Filling items from page #1
13:47:31 DEBUG:root_logger	shutdown() called on Scraper instance
13:47:35 INFO:root_logger	Filling items from page #2
13:47:39 ERROR:root_logger	HTTPConnectionPool(host='127.0.0.1', port=50233): Max retries exceeded with url: /session/cf6aa4f4-bb0c-4b98-a69e-db9141483bb2/url (Caused by NewConnectionError('<urllib3.connection.HTTPConnection object at 0x0000020ADF1BD8D0>: Failed to establish a new connection: [WinError 10061] No connection could be made because the target machine actively refused it',))
13:50:52 INFO:root_logger	Starting script...
13:53:19 INFO:root_logger	Starting script...
13:53:24 DEBUG:root_logger	Initalized scraper
13:53:35 INFO:root_logger	Filling items from page #1
13:53:42 DEBUG:root_logger	shutdown() called on Scraper instance
13:53:45 INFO:root_logger	Filling items from page #2
13:53:49 ERROR:root_logger	HTTPConnectionPool(host='127.0.0.1', port=50377): Max retries exceeded with url: /session/98223dbc-c14c-46e8-a602-1a8db82e7ef3/url (Caused by NewConnectionError('<urllib3.connection.HTTPConnection object at 0x000001D12AF2A748>: Failed to establish a new connection: [WinError 10061] No connection could be made because the target machine actively refused it',))
13:55:19 INFO:root_logger	Starting script...
13:55:38 INFO:root_logger	Starting script...
13:55:44 DEBUG:root_logger	Initalized scraper
13:55:57 INFO:root_logger	Filling items from page #1
13:58:03 DEBUG:root_logger	shutdown() called on Scraper instance
13:58:07 INFO:root_logger	Filling items from page #2
13:58:11 ERROR:root_logger	HTTPConnectionPool(host='127.0.0.1', port=50433): Max retries exceeded with url: /session/52c648b2-96e2-433b-afb4-e21f3b7a97ab/url (Caused by NewConnectionError('<urllib3.connection.HTTPConnection object at 0x0000023B1546AA90>: Failed to establish a new connection: [WinError 10061] No connection could be made because the target machine actively refused it',))
13:58:36 INFO:root_logger	Starting script...
13:58:42 DEBUG:root_logger	Initalized scraper
13:58:55 INFO:root_logger	Filling items from page #1
14:00:45 DEBUG:root_logger	shutdown() called on Scraper instance
14:00:50 INFO:root_logger	Filling items from page #2
14:00:54 ERROR:root_logger	HTTPConnectionPool(host='127.0.0.1', port=50611): Max retries exceeded with url: /session/6a41fa33-6e0d-47d5-97f4-b50e98636739/url (Caused by NewConnectionError('<urllib3.connection.HTTPConnection object at 0x00000287436CB9E8>: Failed to establish a new connection: [WinError 10061] No connection could be made because the target machine actively refused it',))
14:01:49 INFO:root_logger	Starting script...
14:01:55 DEBUG:root_logger	Initalized scraper
14:02:07 INFO:root_logger	Filling items from page #1
14:02:54 DEBUG:root_logger	shutdown() called on Scraper instance
14:02:58 INFO:root_logger	Filling items from page #2
14:03:02 ERROR:root_logger	HTTPConnectionPool(host='127.0.0.1', port=50797): Max retries exceeded with url: /session/191882dc-a216-4e5d-8349-a0166c1a0532/url (Caused by NewConnectionError('<urllib3.connection.HTTPConnection object at 0x000001F0B2FAAA90>: Failed to establish a new connection: [WinError 10061] No connection could be made because the target machine actively refused it',))
14:05:17 INFO:root_logger	Starting script...
14:05:22 DEBUG:root_logger	Initalized scraper
14:05:35 INFO:root_logger	Filling items from page #1
14:08:29 INFO:root_logger	Filling items from page #2
14:13:16 INFO:root_logger	Filling items from page #3
14:17:57 INFO:root_logger	Filling items from page #4
14:19:03 DEBUG:root_logger	shutdown() called on Scraper instance
14:19:07 INFO:root_logger	Filling items from page #5
14:19:11 ERROR:root_logger	HTTPConnectionPool(host='127.0.0.1', port=50925): Max retries exceeded with url: /session/a88fe9c1-a41c-40d8-9788-8907d3a9e9d1/url (Caused by NewConnectionError('<urllib3.connection.HTTPConnection object at 0x000002531D461B00>: Failed to establish a new connection: [WinError 10061] No connection could be made because the target machine actively refused it',))
14:19:48 INFO:root_logger	Starting script...
14:20:23 INFO:root_logger	Starting script...
14:20:40 INFO:root_logger	Starting script...
14:22:03 INFO:root_logger	Starting script...
14:22:44 INFO:root_logger	Starting script...
14:23:45 INFO:root_logger	Starting script...
14:24:52 INFO:root_logger	Starting script...
14:30:11 INFO:root_logger	Starting script...
14:30:17 DEBUG:root_logger	Initalized scraper
14:30:30 INFO:root_logger	Filling items from page #1
14:30:48 DEBUG:root_logger	shutdown() called on Scraper instance
14:30:52 INFO:root_logger	Filling items from page #2
14:30:56 ERROR:root_logger	HTTPConnectionPool(host='127.0.0.1', port=51858): Max retries exceeded with url: /session/a49376b8-4b27-4890-95a8-ad138e2f2234/url (Caused by NewConnectionError('<urllib3.connection.HTTPConnection object at 0x0000027090C8BA58>: Failed to establish a new connection: [WinError 10061] No connection could be made because the target machine actively refused it',))
14:33:18 INFO:root_logger	Starting script...
14:33:24 DEBUG:root_logger	Initalized scraper
14:33:37 INFO:root_logger	Filling items from page #1
14:37:22 INFO:root_logger	Filling items from page #2
14:39:56 INFO:root_logger	Filling items from page #3
14:44:09 INFO:root_logger	Filling items from page #4
14:46:48 INFO:root_logger	Filling items from page #5
14:51:19 INFO:root_logger	Filling items from page #6
14:54:01 INFO:root_logger	Filling items from page #7
14:57:45 INFO:root_logger	Filling items from page #8
15:00:31 INFO:root_logger	Filling items from page #9
15:05:16 INFO:root_logger	Filling items from page #10
15:09:04 INFO:root_logger	Filling items from page #11
15:12:43 INFO:root_logger	Filling items from page #12
15:16:33 INFO:root_logger	Filling items from page #13
15:21:25 INFO:root_logger	Filling items from page #14
15:25:13 INFO:root_logger	Filling items from page #15
15:29:02 INFO:root_logger	Filling items from page #16
15:33:54 INFO:root_logger	Filling items from page #17
15:38:36 INFO:root_logger	Filling items from page #18
15:43:32 INFO:root_logger	Filling items from page #19
15:47:22 INFO:root_logger	Filling items from page #20
15:52:12 INFO:root_logger	Filling items from page #21
15:57:04 INFO:root_logger	Filling items from page #22
15:59:58 INFO:root_logger	Filling items from page #23
16:03:37 INFO:root_logger	Filling items from page #24
16:08:21 INFO:root_logger	Filling items from page #25
16:11:11 INFO:root_logger	Filling items from page #26
16:15:04 INFO:root_logger	Filling items from page #27
16:17:42 INFO:root_logger	Filling items from page #28
16:21:21 INFO:root_logger	Filling items from page #29
16:25:12 INFO:root_logger	Filling items from page #30
16:27:49 INFO:root_logger	Filling items from page #31
16:30:28 INFO:root_logger	Filling items from page #32
16:34:05 INFO:root_logger	Filling items from page #33
16:36:43 INFO:root_logger	Filling items from page #34
16:40:28 INFO:root_logger	Filling items from page #35
16:44:11 INFO:root_logger	Filling items from page #36
16:46:53 INFO:root_logger	Filling items from page #37
16:49:38 INFO:root_logger	Filling items from page #38
16:52:15 INFO:root_logger	Filling items from page #39
16:56:08 INFO:root_logger	Filling items from page #40
16:59:43 INFO:root_logger	Filling items from page #41
17:02:37 INFO:root_logger	Filling items from page #42
17:05:59 INFO:root_logger	Filling items from page #43
17:07:42 INFO:root_logger	Filling items from page #44
17:09:32 INFO:root_logger	Filling items from page #45
17:11:29 INFO:root_logger	Filling items from page #46
17:13:10 INFO:root_logger	Filling items from page #47
17:14:59 INFO:root_logger	Filling items from page #48
17:16:50 INFO:root_logger	Filling items from page #49
17:18:56 INFO:root_logger	Filling items from page #50
17:22:47 INFO:root_logger	Filling items from page #51
17:24:29 INFO:root_logger	Filling items from page #52
17:26:12 INFO:root_logger	Filling items from page #53
17:28:00 INFO:root_logger	Filling items from page #54
17:30:13 INFO:root_logger	Filling items from page #55
17:32:00 INFO:root_logger	Filling items from page #56
17:33:47 INFO:root_logger	Filling items from page #57
17:35:59 INFO:root_logger	Filling items from page #58
17:37:53 INFO:root_logger	Filling items from page #59
17:41:21 INFO:root_logger	Filling items from page #60
17:44:16 INFO:root_logger	Filling items from page #61
17:49:12 INFO:root_logger	Filling items from page #62
17:54:38 INFO:root_logger	Filling items from page #63
18:00:21 INFO:root_logger	Filling items from page #64
18:04:13 INFO:root_logger	Filling items from page #65
18:09:20 INFO:root_logger	Filling items from page #66
18:13:45 INFO:root_logger	Filling items from page #67
18:26:04 INFO:root_logger	Filling items from page #68
18:27:51 INFO:root_logger	Filling items from page #69
18:29:39 INFO:root_logger	Filling items from page #70
18:31:33 INFO:root_logger	Filling items from page #71
18:33:25 INFO:root_logger	Filling items from page #72
18:35:31 INFO:root_logger	Filling items from page #73
18:37:26 INFO:root_logger	Filling items from page #74
18:40:52 INFO:root_logger	Filling items from page #75
18:43:39 INFO:root_logger	Filling items from page #76
18:46:44 INFO:root_logger	Filling items from page #77
18:50:20 INFO:root_logger	Filling items from page #78
18:56:26 INFO:root_logger	Filling items from page #79
19:00:23 INFO:root_logger	Filling items from page #80
19:04:17 INFO:root_logger	Filling items from page #81
19:11:34 INFO:root_logger	Filling items from page #82
19:19:19 INFO:root_logger	Filling items from page #83
19:28:00 INFO:root_logger	Filling items from page #84
19:33:39 INFO:root_logger	Filling items from page #85
19:37:56 INFO:root_logger	Filling items from page #86
19:46:19 INFO:root_logger	Filling items from page #87
19:51:40 INFO:root_logger	Filling items from page #88
20:03:15 INFO:root_logger	Filling items from page #89
20:05:59 ERROR:root_logger	Message: Browsing context has been discarded

