11:33:10 INFO:root_logger	Starting script...
11:33:18 DEBUG:root_logger	Initalized scraper
11:33:18 INFO:root_logger	Filling items from page #1
11:34:28 DEBUG:root_logger	shutdown() called on Scraper instance
11:34:31 INFO:root_logger	Filling items from page #2
11:35:02 INFO:root_logger	Starting script...
11:35:08 DEBUG:root_logger	Initalized scraper
11:35:08 INFO:root_logger	Filling items from page #1
11:35:12 INFO:root_logger	Filling items from page #2
11:35:13 INFO:root_logger	Filling items from page #3
11:35:14 INFO:root_logger	Filling items from page #4
11:35:16 INFO:root_logger	Filling items from page #5
11:35:17 INFO:root_logger	Filling items from page #6
11:35:19 INFO:root_logger	Filling items from page #7
11:35:20 INFO:root_logger	Filling items from page #8
11:35:22 INFO:root_logger	Filling items from page #9
11:35:23 INFO:root_logger	Filling items from page #10
11:35:25 INFO:root_logger	Filling items from page #11
11:35:26 INFO:root_logger	Filling items from page #12
11:35:28 INFO:root_logger	Filling items from page #13
11:35:29 INFO:root_logger	Filling items from page #14
11:35:31 INFO:root_logger	Filling items from page #15
11:35:33 INFO:root_logger	Filling items from page #16
11:35:35 INFO:root_logger	Filling items from page #17
11:35:36 INFO:root_logger	Filling items from page #18
11:35:38 INFO:root_logger	Filling items from page #19
11:35:40 INFO:root_logger	Filling items from page #20
11:35:42 INFO:root_logger	Filling items from page #21
11:35:44 INFO:root_logger	Filling items from page #22
11:35:47 INFO:root_logger	Filling items from page #23
11:35:49 INFO:root_logger	Filling items from page #24
11:35:51 INFO:root_logger	Filling items from page #25
11:35:53 INFO:root_logger	Filling items from page #26
11:35:55 INFO:root_logger	Filling items from page #27
11:35:57 INFO:root_logger	Filling items from page #28
11:35:59 INFO:root_logger	Filling items from page #29
11:36:02 INFO:root_logger	Filling items from page #30
11:36:04 INFO:root_logger	Filling items from page #31
11:36:06 INFO:root_logger	Filling items from page #32
11:36:08 INFO:root_logger	Filling items from page #33
11:36:11 INFO:root_logger	Filling items from page #34
11:36:13 INFO:root_logger	Filling items from page #35
11:36:15 INFO:root_logger	Filling items from page #36
11:36:18 INFO:root_logger	Filling items from page #37
11:36:20 INFO:root_logger	Filling items from page #38
11:36:23 INFO:root_logger	Filling items from page #39
11:36:25 INFO:root_logger	Filling items from page #40
11:36:28 INFO:root_logger	Filling items from page #41
11:36:30 INFO:root_logger	Filling items from page #42
11:36:33 INFO:root_logger	Filling items from page #43
11:36:36 INFO:root_logger	Filling items from page #44
11:36:38 INFO:root_logger	Filling items from page #45
11:36:41 INFO:root_logger	Filling items from page #46
11:36:44 INFO:root_logger	Filling items from page #47
11:36:47 INFO:root_logger	Filling items from page #48
11:36:49 INFO:root_logger	Filling items from page #49
11:36:52 INFO:root_logger	Filling items from page #50
11:36:55 INFO:root_logger	Filling items from page #51
11:36:58 INFO:root_logger	Filling items from page #52
11:37:01 INFO:root_logger	Filling items from page #53
11:37:04 INFO:root_logger	Filling items from page #54
11:37:07 INFO:root_logger	Filling items from page #55
11:37:10 INFO:root_logger	Filling items from page #56
11:37:13 INFO:root_logger	Filling items from page #57
11:37:17 INFO:root_logger	Filling items from page #58
11:37:20 INFO:root_logger	Filling items from page #59
11:37:23 INFO:root_logger	Filling items from page #60
11:37:26 INFO:root_logger	Filling items from page #61
11:37:28 INFO:root_logger	Filling items from page #62
11:37:31 INFO:root_logger	Filling items from page #63
11:37:34 INFO:root_logger	Filling items from page #64
11:37:36 INFO:root_logger	Filling items from page #65
11:37:39 INFO:root_logger	Filling items from page #66
11:37:42 INFO:root_logger	Filling items from page #67
11:37:44 INFO:root_logger	Filling items from page #68
11:37:47 INFO:root_logger	Filling items from page #69
11:37:51 INFO:root_logger	Filling items from page #70
11:37:53 INFO:root_logger	Filling items from page #71
11:37:56 INFO:root_logger	Filling items from page #72
11:37:59 INFO:root_logger	Filling items from page #73
11:38:02 INFO:root_logger	Filling items from page #74
11:38:05 INFO:root_logger	Filling items from page #75
11:38:08 INFO:root_logger	Filling items from page #76
11:38:11 INFO:root_logger	Filling items from page #77
11:38:14 INFO:root_logger	Filling items from page #78
11:38:17 INFO:root_logger	Filling items from page #79
11:38:20 INFO:root_logger	Filling items from page #80
11:38:23 INFO:root_logger	Filling items from page #81
11:38:27 INFO:root_logger	Filling items from page #82
11:38:30 INFO:root_logger	Filling items from page #83
11:38:33 INFO:root_logger	Filling items from page #84
11:38:37 INFO:root_logger	Filling items from page #85
11:38:40 INFO:root_logger	Filling items from page #86
11:38:44 INFO:root_logger	Filling items from page #87
11:38:48 INFO:root_logger	Filling items from page #88
11:38:52 INFO:root_logger	Filling items from page #89
11:38:55 INFO:root_logger	Filling items from page #90
11:38:59 INFO:root_logger	Filling items from page #91
11:39:02 INFO:root_logger	Filling items from page #92
11:39:06 INFO:root_logger	Filling items from page #93
11:39:09 INFO:root_logger	Filling items from page #94
11:39:13 INFO:root_logger	Filling items from page #95
11:39:18 INFO:root_logger	Filling items from page #96
11:39:21 INFO:root_logger	Filling items from page #97
11:39:25 INFO:root_logger	Filling items from page #98
11:39:29 INFO:root_logger	Filling items from page #99
11:39:32 INFO:root_logger	Filling items from page #100
11:39:36 INFO:root_logger	Filling items from page #101
11:39:40 INFO:root_logger	Filling items from page #102
11:39:44 INFO:root_logger	Filling items from page #103
11:39:48 INFO:root_logger	Filling items from page #104
11:39:57 INFO:root_logger	Filling items from page #105
11:40:03 INFO:root_logger	Filling items from page #106
11:40:07 INFO:root_logger	Filling items from page #107
11:40:11 INFO:root_logger	Filling items from page #108
11:40:15 INFO:root_logger	Filling items from page #109
11:40:18 INFO:root_logger	Filling items from page #110
11:40:23 INFO:root_logger	Filling items from page #111
11:40:26 INFO:root_logger	Filling items from page #112
11:40:30 INFO:root_logger	Filling items from page #113
11:40:34 INFO:root_logger	Filling items from page #114
11:40:38 INFO:root_logger	Filling items from page #115
11:40:42 INFO:root_logger	Filling items from page #116
11:40:46 INFO:root_logger	Filling items from page #117
11:40:50 INFO:root_logger	Filling items from page #118
11:40:54 INFO:root_logger	Filling items from page #119
11:40:58 INFO:root_logger	Filling items from page #120
11:41:02 INFO:root_logger	Filling items from page #121
11:41:06 INFO:root_logger	Filling items from page #122
11:41:11 INFO:root_logger	Filling items from page #123
11:41:15 INFO:root_logger	Filling items from page #124
11:41:19 INFO:root_logger	Filling items from page #125
11:41:24 INFO:root_logger	Filling items from page #126
11:41:28 INFO:root_logger	Filling items from page #127
11:41:32 INFO:root_logger	Filling items from page #128
11:41:36 INFO:root_logger	Filling items from page #129
11:41:41 INFO:root_logger	Filling items from page #130
11:41:45 INFO:root_logger	Filling items from page #131
11:41:50 INFO:root_logger	Filling items from page #132
11:41:54 INFO:root_logger	Filling items from page #133
11:41:59 INFO:root_logger	Filling items from page #134
11:42:03 INFO:root_logger	Filling items from page #135
11:42:08 INFO:root_logger	Filling items from page #136
11:42:12 INFO:root_logger	Filling items from page #137
11:42:17 INFO:root_logger	Filling items from page #138
11:42:22 INFO:root_logger	Filling items from page #139
11:42:27 INFO:root_logger	Filling items from page #140
11:42:32 INFO:root_logger	Filling items from page #141
11:42:37 INFO:root_logger	Filling items from page #142
11:42:42 INFO:root_logger	Filling items from page #143
11:42:47 INFO:root_logger	Filling items from page #144
11:42:52 INFO:root_logger	Filling items from page #145
11:42:56 INFO:root_logger	Filling items from page #146
11:43:02 INFO:root_logger	Filling items from page #147
11:43:07 INFO:root_logger	Filling items from page #148
11:43:12 INFO:root_logger	Filling items from page #149
11:43:17 INFO:root_logger	Filling items from page #150
11:43:23 INFO:root_logger	Filling items from page #151
11:43:31 INFO:root_logger	Filling items from page #152
11:43:58 INFO:root_logger	Filling items from page #153
12:29:57 INFO:root_logger	Starting script...
12:30:04 DEBUG:root_logger	Initalized scraper
12:30:04 INFO:root_logger	Filling items from page #153
12:30:07 INFO:root_logger	Filling items from page #154
12:30:08 INFO:root_logger	Filling items from page #155
12:30:10 INFO:root_logger	Filling items from page #156
12:30:11 INFO:root_logger	Filling items from page #157
12:30:12 INFO:root_logger	Filling items from page #158
12:30:14 INFO:root_logger	Filling items from page #159
12:30:15 INFO:root_logger	Filling items from page #160
12:30:16 INFO:root_logger	Filling items from page #161
12:30:17 INFO:root_logger	Filling items from page #162
12:30:23 INFO:root_logger	Filling items from page #163
12:30:25 INFO:root_logger	Filling items from page #164
12:30:26 INFO:root_logger	Filling items from page #165
12:30:28 INFO:root_logger	Filling items from page #166
12:30:29 INFO:root_logger	Filling items from page #167
12:30:31 INFO:root_logger	Filling items from page #168
12:30:32 INFO:root_logger	Filling items from page #169
12:30:33 INFO:root_logger	Filling items from page #170
12:30:35 INFO:root_logger	Filling items from page #171
12:30:37 INFO:root_logger	Filling items from page #172
12:30:38 INFO:root_logger	Filling items from page #173
12:30:40 INFO:root_logger	Filling items from page #174
12:30:41 INFO:root_logger	Filling items from page #175
12:30:43 INFO:root_logger	Filling items from page #176
12:30:44 INFO:root_logger	Filling items from page #177
12:30:46 INFO:root_logger	Filling items from page #178
12:30:48 INFO:root_logger	Filling items from page #179
12:30:50 INFO:root_logger	Filling items from page #180
12:30:52 INFO:root_logger	Filling items from page #181
12:30:53 INFO:root_logger	Filling items from page #182
12:30:55 INFO:root_logger	Filling items from page #183
12:30:57 INFO:root_logger	Filling items from page #184
12:30:59 INFO:root_logger	Filling items from page #185
12:31:01 INFO:root_logger	Filling items from page #186
12:31:03 INFO:root_logger	Filling items from page #187
12:31:05 INFO:root_logger	Filling items from page #188
12:31:07 INFO:root_logger	Filling items from page #189
12:31:09 INFO:root_logger	Filling items from page #190
12:31:11 INFO:root_logger	Filling items from page #191
12:31:13 INFO:root_logger	Filling items from page #192
12:31:16 INFO:root_logger	Filling items from page #193
12:31:18 INFO:root_logger	Filling items from page #194
12:31:20 INFO:root_logger	Filling items from page #195
12:31:22 INFO:root_logger	Filling items from page #196
12:31:25 INFO:root_logger	Filling items from page #197
12:31:27 INFO:root_logger	Filling items from page #198
12:31:30 INFO:root_logger	Filling items from page #199
12:31:33 INFO:root_logger	Filling items from page #200
12:31:35 INFO:root_logger	Filling items from page #201
12:31:38 INFO:root_logger	Filling items from page #202
12:31:40 INFO:root_logger	Filling items from page #203
12:31:42 INFO:root_logger	Filling items from page #204
12:31:45 INFO:root_logger	Filling items from page #205
12:31:47 INFO:root_logger	Filling items from page #206
12:31:50 INFO:root_logger	Filling items from page #207
12:31:53 INFO:root_logger	Filling items from page #208
12:31:55 INFO:root_logger	Filling items from page #209
12:31:58 INFO:root_logger	Filling items from page #210
12:32:01 INFO:root_logger	Filling items from page #211
12:32:03 INFO:root_logger	Filling items from page #212
12:32:06 INFO:root_logger	Filling items from page #213
12:32:09 INFO:root_logger	Filling items from page #214
12:32:12 INFO:root_logger	Filling items from page #215
12:32:15 INFO:root_logger	Filling items from page #216
12:32:18 INFO:root_logger	Filling items from page #217
12:32:21 INFO:root_logger	Filling items from page #218
12:32:24 INFO:root_logger	Filling items from page #219
12:32:27 INFO:root_logger	Filling items from page #220
12:32:30 INFO:root_logger	Filling items from page #221
12:32:33 INFO:root_logger	Filling items from page #222
12:32:36 INFO:root_logger	Filling items from page #223
12:32:40 INFO:root_logger	Filling items from page #224
12:32:43 INFO:root_logger	Filling items from page #225
12:32:46 INFO:root_logger	Filling items from page #226
12:32:49 INFO:root_logger	Filling items from page #227
12:32:52 INFO:root_logger	Filling items from page #228
12:32:56 INFO:root_logger	Filling items from page #229
12:32:59 INFO:root_logger	Filling items from page #230
12:33:03 INFO:root_logger	Filling items from page #231
12:33:07 INFO:root_logger	Filling items from page #232
12:33:11 INFO:root_logger	Filling items from page #233
12:33:14 INFO:root_logger	Filling items from page #234
12:33:18 INFO:root_logger	Filling items from page #235
12:33:22 INFO:root_logger	Filling items from page #236
12:33:25 INFO:root_logger	Filling items from page #237
12:33:30 INFO:root_logger	Filling items from page #238
12:33:33 INFO:root_logger	Filling items from page #239
12:33:37 INFO:root_logger	Filling items from page #240
12:33:41 INFO:root_logger	Filling items from page #241
12:33:45 INFO:root_logger	Filling items from page #242
12:33:49 INFO:root_logger	Filling items from page #243
12:33:53 INFO:root_logger	Filling items from page #244
12:33:57 INFO:root_logger	Filling items from page #245
12:34:01 INFO:root_logger	Filling items from page #246
12:34:05 INFO:root_logger	Filling items from page #247
12:34:10 INFO:root_logger	Filling items from page #248
12:34:14 INFO:root_logger	Filling items from page #249
12:34:19 INFO:root_logger	Filling items from page #250
12:34:23 INFO:root_logger	Filling items from page #251
12:34:27 INFO:root_logger	Filling items from page #252
12:34:32 INFO:root_logger	Filling items from page #253
12:34:36 INFO:root_logger	Filling items from page #254
12:34:43 INFO:root_logger	Filling items from page #255
12:34:49 INFO:root_logger	Filling items from page #256
12:34:53 INFO:root_logger	Filling items from page #257
12:34:58 INFO:root_logger	Filling items from page #258
12:35:04 INFO:root_logger	Filling items from page #259
12:35:08 INFO:root_logger	Filling items from page #260
12:35:13 INFO:root_logger	Filling items from page #261
12:35:18 INFO:root_logger	Filling items from page #262
12:35:23 INFO:root_logger	Filling items from page #263
12:35:28 INFO:root_logger	Filling items from page #264
12:35:33 INFO:root_logger	Filling items from page #265
12:35:37 INFO:root_logger	Filling items from page #266
12:35:42 INFO:root_logger	Filling items from page #267
12:35:47 INFO:root_logger	Filling items from page #268
12:35:53 INFO:root_logger	Filling items from page #269
12:43:55 INFO:root_logger	Starting script...
12:44:01 DEBUG:root_logger	Initalized scraper
12:44:01 INFO:root_logger	Filling items from page #254
12:44:03 INFO:root_logger	Filling items from page #255
12:44:04 INFO:root_logger	Filling items from page #256
12:44:05 INFO:root_logger	Filling items from page #257
12:44:07 INFO:root_logger	Filling items from page #258
12:44:08 INFO:root_logger	Filling items from page #259
12:44:09 INFO:root_logger	Filling items from page #260
12:44:10 INFO:root_logger	Filling items from page #261
12:44:12 INFO:root_logger	Filling items from page #262
12:44:13 INFO:root_logger	Filling items from page #263
12:44:14 INFO:root_logger	Filling items from page #264
12:44:16 INFO:root_logger	Filling items from page #265
12:44:17 INFO:root_logger	Filling items from page #266
12:44:18 INFO:root_logger	Filling items from page #267
12:44:20 INFO:root_logger	Filling items from page #268
12:44:21 INFO:root_logger	Filling items from page #269
12:44:23 INFO:root_logger	Filling items from page #270
12:44:24 INFO:root_logger	Filling items from page #271
12:44:26 INFO:root_logger	Filling items from page #272
12:44:27 INFO:root_logger	Filling items from page #273
12:44:29 INFO:root_logger	Filling items from page #274
12:44:31 INFO:root_logger	Filling items from page #275
12:44:32 INFO:root_logger	Filling items from page #276
12:44:34 INFO:root_logger	Filling items from page #277
12:44:36 INFO:root_logger	Filling items from page #278
12:44:37 INFO:root_logger	Filling items from page #279
12:44:39 INFO:root_logger	Filling items from page #280
12:44:41 INFO:root_logger	Filling items from page #281
12:44:43 INFO:root_logger	Filling items from page #282
12:44:45 INFO:root_logger	Filling items from page #283
12:44:47 INFO:root_logger	Filling items from page #284
12:44:49 INFO:root_logger	Filling items from page #285
12:44:50 DEBUG:root_logger	shutdown() called on Scraper instance
12:44:54 INFO:root_logger	Filling items from page #286
12:49:05 INFO:root_logger	Starting script...
12:49:10 DEBUG:root_logger	Initalized scraper
12:49:10 INFO:root_logger	Filling items from page #254
12:49:13 INFO:root_logger	Filling items from page #255
12:49:14 INFO:root_logger	Filling items from page #256
12:49:15 INFO:root_logger	Filling items from page #257
12:49:17 INFO:root_logger	Filling items from page #258
12:49:18 INFO:root_logger	Filling items from page #259
12:49:19 INFO:root_logger	Filling items from page #260
12:49:21 INFO:root_logger	Filling items from page #261
12:49:22 INFO:root_logger	Filling items from page #262
12:49:23 INFO:root_logger	Filling items from page #263
12:49:25 INFO:root_logger	Filling items from page #264
12:49:26 INFO:root_logger	Filling items from page #265
12:49:28 INFO:root_logger	Filling items from page #266
12:49:29 INFO:root_logger	Filling items from page #267
12:49:31 INFO:root_logger	Filling items from page #268
12:49:32 INFO:root_logger	Filling items from page #269
12:49:34 INFO:root_logger	Filling items from page #270
12:49:35 INFO:root_logger	Filling items from page #271
12:49:37 INFO:root_logger	Filling items from page #272
12:49:38 INFO:root_logger	Filling items from page #273
12:49:40 INFO:root_logger	Filling items from page #274
12:49:42 INFO:root_logger	Filling items from page #275
12:49:44 INFO:root_logger	Filling items from page #276
12:49:46 INFO:root_logger	Filling items from page #277
12:49:48 INFO:root_logger	Filling items from page #278
12:49:49 INFO:root_logger	Filling items from page #279
12:49:51 INFO:root_logger	Filling items from page #280
12:49:53 INFO:root_logger	Filling items from page #281
12:49:57 INFO:root_logger	Filling items from page #282
12:49:58 INFO:root_logger	Filling items from page #283
12:49:59 INFO:root_logger	Filling items from page #284
12:50:00 INFO:root_logger	Filling items from page #285
12:50:02 INFO:root_logger	Filling items from page #286
12:50:03 INFO:root_logger	Filling items from page #287
12:50:04 INFO:root_logger	Filling items from page #288
12:50:05 INFO:root_logger	Filling items from page #289
12:50:06 INFO:root_logger	Filling items from page #290
12:50:08 INFO:root_logger	Filling items from page #291
12:50:09 INFO:root_logger	Filling items from page #292
12:50:11 INFO:root_logger	Filling items from page #293
12:50:12 INFO:root_logger	Filling items from page #294
12:50:13 INFO:root_logger	Filling items from page #295
12:50:15 INFO:root_logger	Filling items from page #296
12:50:16 DEBUG:root_logger	shutdown() called on Scraper instance
12:50:20 INFO:root_logger	Filling items from page #297
12:51:39 INFO:root_logger	Starting script...
12:51:45 DEBUG:root_logger	Initalized scraper
12:51:45 INFO:root_logger	Filling items from page #254
12:51:47 INFO:root_logger	Filling items from page #255
12:51:49 INFO:root_logger	Filling items from page #256
12:51:50 DEBUG:root_logger	shutdown() called on Scraper instance
12:51:54 INFO:root_logger	Filling items from page #257
12:52:20 INFO:root_logger	Starting script...
12:52:25 DEBUG:root_logger	Initalized scraper
12:52:25 INFO:root_logger	Filling items from page #254
12:52:28 INFO:root_logger	Filling items from page #255
12:52:29 INFO:root_logger	Filling items from page #256
12:52:30 INFO:root_logger	Filling items from page #257
12:52:32 INFO:root_logger	Filling items from page #258
12:52:32 DEBUG:root_logger	shutdown() called on Scraper instance
12:52:36 INFO:root_logger	Filling items from page #259
12:55:14 INFO:root_logger	Starting script...
12:55:19 DEBUG:root_logger	Initalized scraper
12:55:19 INFO:root_logger	Filling items from page #241
12:55:23 INFO:root_logger	Filling items from page #242
12:55:24 INFO:root_logger	Filling items from page #243
12:55:25 INFO:root_logger	Filling items from page #244
12:55:27 INFO:root_logger	Filling items from page #245
12:55:28 INFO:root_logger	Filling items from page #246
12:55:29 INFO:root_logger	Filling items from page #247
12:55:31 INFO:root_logger	Filling items from page #248
12:55:32 INFO:root_logger	Filling items from page #249
12:55:34 INFO:root_logger	Filling items from page #250
12:55:36 INFO:root_logger	Filling items from page #251
12:55:37 INFO:root_logger	Filling items from page #252
12:55:38 INFO:root_logger	Filling items from page #253
12:55:39 INFO:root_logger	Filling items from page #254
12:55:41 INFO:root_logger	Filling items from page #255
12:55:43 INFO:root_logger	Filling items from page #256
12:55:44 INFO:root_logger	Filling items from page #257
12:55:45 INFO:root_logger	Filling items from page #258
12:55:47 INFO:root_logger	Filling items from page #259
12:55:49 INFO:root_logger	Filling items from page #260
12:55:50 INFO:root_logger	Filling items from page #261
12:55:52 INFO:root_logger	Filling items from page #262
12:55:54 INFO:root_logger	Filling items from page #263
12:55:55 INFO:root_logger	Filling items from page #264
12:55:57 INFO:root_logger	Filling items from page #265
12:55:59 INFO:root_logger	Filling items from page #266
12:56:00 INFO:root_logger	Filling items from page #267
12:56:02 INFO:root_logger	Filling items from page #268
12:56:04 INFO:root_logger	Filling items from page #269
12:56:06 INFO:root_logger	Filling items from page #270
12:56:09 INFO:root_logger	Filling items from page #271
12:56:11 INFO:root_logger	Filling items from page #272
12:56:13 INFO:root_logger	Filling items from page #273
12:56:15 INFO:root_logger	Filling items from page #274
12:56:17 INFO:root_logger	Filling items from page #275
12:56:19 INFO:root_logger	Filling items from page #276
12:56:21 INFO:root_logger	Filling items from page #277
12:56:24 INFO:root_logger	Filling items from page #278
12:56:26 INFO:root_logger	Filling items from page #279
12:56:28 INFO:root_logger	Filling items from page #280
12:56:30 INFO:root_logger	Filling items from page #281
12:56:32 INFO:root_logger	Filling items from page #282
12:56:35 INFO:root_logger	Filling items from page #283
12:56:37 INFO:root_logger	Filling items from page #284
12:56:40 INFO:root_logger	Filling items from page #285
12:56:42 INFO:root_logger	Filling items from page #286
12:56:45 INFO:root_logger	Filling items from page #287
12:56:47 INFO:root_logger	Filling items from page #288
12:56:49 INFO:root_logger	Filling items from page #289
12:56:52 INFO:root_logger	Filling items from page #290
12:56:55 INFO:root_logger	Filling items from page #291
12:56:57 INFO:root_logger	Filling items from page #292
12:57:00 INFO:root_logger	Filling items from page #293
12:57:03 INFO:root_logger	Filling items from page #294
12:57:05 INFO:root_logger	Filling items from page #295
12:57:08 INFO:root_logger	Filling items from page #296
12:57:11 INFO:root_logger	Filling items from page #297
12:57:14 INFO:root_logger	Filling items from page #298
12:57:16 INFO:root_logger	Filling items from page #299
12:57:19 INFO:root_logger	Filling items from page #300
12:57:22 INFO:root_logger	Filling items from page #301
12:57:25 INFO:root_logger	Filling items from page #302
12:57:28 INFO:root_logger	Filling items from page #303
12:57:31 INFO:root_logger	Filling items from page #304
12:57:34 INFO:root_logger	Filling items from page #305
12:57:37 INFO:root_logger	Filling items from page #306
12:57:40 INFO:root_logger	Filling items from page #307
12:57:45 INFO:root_logger	Filling items from page #308
12:57:48 INFO:root_logger	Filling items from page #309
12:57:52 INFO:root_logger	Filling items from page #310
12:57:55 INFO:root_logger	Filling items from page #311
12:57:59 INFO:root_logger	Filling items from page #312
12:58:02 INFO:root_logger	Filling items from page #313
12:58:06 INFO:root_logger	Filling items from page #314
12:58:09 INFO:root_logger	Filling items from page #315
12:58:13 INFO:root_logger	Filling items from page #316
12:58:16 INFO:root_logger	Filling items from page #317
12:58:20 INFO:root_logger	Filling items from page #318
12:58:24 INFO:root_logger	Filling items from page #319
12:58:28 INFO:root_logger	Filling items from page #320
12:58:32 INFO:root_logger	Filling items from page #321
12:58:36 INFO:root_logger	Filling items from page #322
12:58:40 INFO:root_logger	Filling items from page #323
12:58:43 INFO:root_logger	Filling items from page #324
12:58:47 INFO:root_logger	Filling items from page #325
12:58:51 INFO:root_logger	Filling items from page #326
12:58:55 INFO:root_logger	Filling items from page #327
12:58:59 INFO:root_logger	Filling items from page #328
12:59:03 INFO:root_logger	Filling items from page #329
12:59:07 INFO:root_logger	Filling items from page #330
12:59:11 INFO:root_logger	Filling items from page #331
12:59:15 INFO:root_logger	Filling items from page #332
12:59:19 INFO:root_logger	Filling items from page #333
12:59:24 INFO:root_logger	Filling items from page #334
12:59:29 INFO:root_logger	Filling items from page #335
12:59:36 INFO:root_logger	Filling items from page #336
12:59:41 INFO:root_logger	Filling items from page #337
12:59:45 INFO:root_logger	Filling items from page #338
12:59:50 INFO:root_logger	Filling items from page #339
12:59:54 INFO:root_logger	Filling items from page #340
12:59:59 INFO:root_logger	Filling items from page #341
13:00:04 INFO:root_logger	Filling items from page #342
13:00:09 INFO:root_logger	Filling items from page #343
13:00:13 INFO:root_logger	Filling items from page #344
13:00:18 INFO:root_logger	Filling items from page #345
13:00:23 INFO:root_logger	Filling items from page #346
13:00:28 INFO:root_logger	Filling items from page #347
13:00:33 INFO:root_logger	Filling items from page #348
13:00:38 INFO:root_logger	Filling items from page #349
13:00:43 INFO:root_logger	Filling items from page #350
13:00:47 INFO:root_logger	Filling items from page #351
13:00:52 INFO:root_logger	Filling items from page #352
13:00:57 INFO:root_logger	Filling items from page #353
13:01:03 INFO:root_logger	Filling items from page #354
13:01:08 INFO:root_logger	Filling items from page #355
13:01:14 INFO:root_logger	Filling items from page #356
13:01:19 INFO:root_logger	Filling items from page #357
13:01:24 INFO:root_logger	Filling items from page #358
13:01:29 INFO:root_logger	Filling items from page #359
13:01:34 INFO:root_logger	Filling items from page #360
13:01:39 INFO:root_logger	Filling items from page #361
13:01:45 INFO:root_logger	Filling items from page #362
13:01:50 INFO:root_logger	Filling items from page #363
13:01:56 INFO:root_logger	Filling items from page #364
13:02:03 INFO:root_logger	Filling items from page #365
13:02:09 INFO:root_logger	Filling items from page #366
13:02:14 INFO:root_logger	Filling items from page #367
13:02:19 INFO:root_logger	Filling items from page #368
13:02:25 INFO:root_logger	Filling items from page #369
13:02:30 INFO:root_logger	Filling items from page #370
13:02:36 INFO:root_logger	Filling items from page #371
13:02:41 INFO:root_logger	Filling items from page #372
13:02:47 INFO:root_logger	Filling items from page #373
13:02:52 INFO:root_logger	Filling items from page #374
13:02:58 INFO:root_logger	Filling items from page #375
13:03:05 INFO:root_logger	Filling items from page #376
13:03:11 INFO:root_logger	Filling items from page #377
13:03:16 INFO:root_logger	Filling items from page #378
13:03:22 INFO:root_logger	Filling items from page #379
13:03:28 INFO:root_logger	Filling items from page #380
13:03:34 INFO:root_logger	Filling items from page #381
13:03:43 INFO:root_logger	Filling items from page #382
13:03:49 INFO:root_logger	Filling items from page #383
13:03:55 INFO:root_logger	Filling items from page #384
13:04:01 INFO:root_logger	Filling items from page #385
13:04:06 INFO:root_logger	Filling items from page #386
13:04:13 INFO:root_logger	Filling items from page #387
13:04:19 INFO:root_logger	Filling items from page #388
13:04:29 INFO:root_logger	Filling items from page #389
13:04:35 INFO:root_logger	Filling items from page #390
13:04:41 INFO:root_logger	Filling items from page #391
13:04:48 INFO:root_logger	Filling items from page #392
13:04:54 INFO:root_logger	Filling items from page #393
13:04:59 INFO:root_logger	Filling items from page #394
13:05:06 INFO:root_logger	Filling items from page #395
13:05:12 INFO:root_logger	Filling items from page #396
13:05:21 INFO:root_logger	Filling items from page #397
13:05:27 INFO:root_logger	Filling items from page #398
13:05:34 INFO:root_logger	Filling items from page #399
13:05:40 INFO:root_logger	Filling items from page #400
13:05:46 INFO:root_logger	Filling items from page #401
13:05:52 INFO:root_logger	Filling items from page #402
13:05:59 INFO:root_logger	Filling items from page #403
13:06:06 INFO:root_logger	Filling items from page #404
13:06:12 INFO:root_logger	Filling items from page #405
13:06:21 INFO:root_logger	Filling items from page #406
13:06:28 INFO:root_logger	Filling items from page #407
13:06:35 INFO:root_logger	Filling items from page #408
13:06:42 INFO:root_logger	Filling items from page #409
13:06:49 INFO:root_logger	Filling items from page #410
13:06:55 INFO:root_logger	Filling items from page #411
13:07:02 INFO:root_logger	Filling items from page #412
13:07:09 INFO:root_logger	Filling items from page #413
13:07:17 INFO:root_logger	Filling items from page #414
13:07:24 INFO:root_logger	Filling items from page #415
13:07:31 INFO:root_logger	Filling items from page #416
13:07:39 INFO:root_logger	Filling items from page #417
13:07:46 INFO:root_logger	Filling items from page #418
13:07:52 INFO:root_logger	Filling items from page #419
13:07:53 INFO:root_logger	Filling items from page #420
13:07:54 INFO:root_logger	Filling items from page #421
13:07:55 INFO:root_logger	Filling items from page #422
13:07:56 INFO:root_logger	Filling items from page #423
13:07:58 INFO:root_logger	Filling items from page #424
13:07:59 INFO:root_logger	Filling items from page #425
13:08:00 INFO:root_logger	Filling items from page #426
13:08:02 INFO:root_logger	Filling items from page #427
13:08:03 INFO:root_logger	Filling items from page #428
13:08:04 INFO:root_logger	Filling items from page #429
13:08:06 INFO:root_logger	Filling items from page #430
13:08:07 INFO:root_logger	Filling items from page #431
13:08:09 INFO:root_logger	Filling items from page #432
13:08:11 INFO:root_logger	Filling items from page #433
13:08:12 INFO:root_logger	Filling items from page #434
13:08:14 INFO:root_logger	Filling items from page #435
13:08:15 INFO:root_logger	Filling items from page #436
13:08:17 INFO:root_logger	Filling items from page #437
13:08:19 INFO:root_logger	Filling items from page #438
13:08:20 INFO:root_logger	Filling items from page #439
13:08:22 INFO:root_logger	Filling items from page #440
13:08:24 INFO:root_logger	Filling items from page #441
13:08:26 INFO:root_logger	Filling items from page #442
13:08:27 INFO:root_logger	Filling items from page #443
13:08:29 INFO:root_logger	Filling items from page #444
13:08:31 INFO:root_logger	Filling items from page #445
13:08:33 INFO:root_logger	Filling items from page #446
13:08:35 INFO:root_logger	Filling items from page #447
13:08:37 INFO:root_logger	Filling items from page #448
13:08:39 INFO:root_logger	Filling items from page #449
13:08:41 INFO:root_logger	Filling items from page #450
13:08:43 INFO:root_logger	Filling items from page #451
13:08:46 INFO:root_logger	Filling items from page #452
13:08:48 INFO:root_logger	Filling items from page #453
13:08:50 INFO:root_logger	Filling items from page #454
13:08:52 INFO:root_logger	Filling items from page #455
13:08:55 INFO:root_logger	Filling items from page #456
13:08:57 INFO:root_logger	Filling items from page #457
13:08:59 INFO:root_logger	Filling items from page #458
13:09:02 INFO:root_logger	Filling items from page #459
13:09:04 INFO:root_logger	Filling items from page #460
13:09:07 INFO:root_logger	Filling items from page #461
13:09:09 INFO:root_logger	Filling items from page #462
13:09:12 INFO:root_logger	Filling items from page #463
13:09:15 INFO:root_logger	Filling items from page #464
13:09:18 INFO:root_logger	Filling items from page #465
13:09:20 INFO:root_logger	Filling items from page #466
13:09:23 INFO:root_logger	Filling items from page #467
13:09:26 INFO:root_logger	Filling items from page #468
13:09:29 INFO:root_logger	Filling items from page #469
13:09:32 INFO:root_logger	Filling items from page #470
13:09:35 INFO:root_logger	Filling items from page #471
13:09:38 INFO:root_logger	Filling items from page #472
13:09:41 INFO:root_logger	Filling items from page #473
13:09:44 INFO:root_logger	Filling items from page #474
13:09:47 INFO:root_logger	Filling items from page #475
13:09:50 INFO:root_logger	Filling items from page #476
13:09:53 INFO:root_logger	Filling items from page #477
13:09:57 INFO:root_logger	Filling items from page #478
13:10:00 INFO:root_logger	Filling items from page #479
13:10:04 INFO:root_logger	Filling items from page #480
13:10:07 INFO:root_logger	Filling items from page #481
13:10:10 INFO:root_logger	Filling items from page #482
13:10:13 INFO:root_logger	Filling items from page #483
13:10:16 INFO:root_logger	Filling items from page #484
13:10:20 INFO:root_logger	Filling items from page #485
13:10:23 INFO:root_logger	Filling items from page #486
13:10:27 INFO:root_logger	Filling items from page #487
13:10:31 INFO:root_logger	Filling items from page #488
13:10:34 INFO:root_logger	Filling items from page #489
13:10:41 INFO:root_logger	Filling items from page #490
13:10:45 INFO:root_logger	Filling items from page #491
13:10:49 INFO:root_logger	Filling items from page #492
13:10:53 INFO:root_logger	Filling items from page #493
13:10:56 INFO:root_logger	Filling items from page #494
13:11:00 INFO:root_logger	Filling items from page #495
13:11:04 INFO:root_logger	Filling items from page #496
13:11:07 INFO:root_logger	Filling items from page #497
13:11:11 INFO:root_logger	Filling items from page #498
13:11:15 INFO:root_logger	Filling items from page #499
13:11:19 INFO:root_logger	Filling items from page #500
13:11:23 INFO:root_logger	Filling items from page #501
13:11:26 INFO:root_logger	Filling items from page #502
13:11:30 INFO:root_logger	Filling items from page #503
13:11:35 INFO:root_logger	Filling items from page #504
13:11:39 INFO:root_logger	Filling items from page #505
13:11:44 INFO:root_logger	Filling items from page #506
13:11:48 INFO:root_logger	Filling items from page #507
13:11:52 INFO:root_logger	Filling items from page #508
13:11:57 INFO:root_logger	Filling items from page #509
13:12:02 INFO:root_logger	Filling items from page #510
13:12:06 INFO:root_logger	Filling items from page #511
13:12:10 INFO:root_logger	Filling items from page #512
13:12:15 INFO:root_logger	Filling items from page #513
13:12:19 INFO:root_logger	Filling items from page #514
13:12:24 INFO:root_logger	Filling items from page #515
13:12:28 INFO:root_logger	Filling items from page #516
13:12:32 INFO:root_logger	Filling items from page #517
13:12:37 INFO:root_logger	Filling items from page #518
13:12:41 INFO:root_logger	Filling items from page #519
13:12:47 INFO:root_logger	Filling items from page #520
13:12:52 INFO:root_logger	Filling items from page #521
13:12:58 INFO:root_logger	Filling items from page #522
13:13:03 INFO:root_logger	Filling items from page #523
13:13:07 INFO:root_logger	Filling items from page #524
13:13:12 INFO:root_logger	Filling items from page #525
13:13:16 INFO:root_logger	Filling items from page #526
13:13:21 INFO:root_logger	Filling items from page #527
13:13:26 INFO:root_logger	Filling items from page #528
13:13:30 INFO:root_logger	Filling items from page #529
13:13:35 INFO:root_logger	Filling items from page #530
13:13:40 INFO:root_logger	Filling items from page #531
13:13:45 INFO:root_logger	Filling items from page #532
13:13:51 INFO:root_logger	Filling items from page #533
13:13:57 INFO:root_logger	Filling items from page #534
13:14:02 INFO:root_logger	Filling items from page #535
13:14:08 INFO:root_logger	Filling items from page #536
13:14:14 INFO:root_logger	Filling items from page #537
13:14:20 INFO:root_logger	Filling items from page #538
13:14:25 INFO:root_logger	Filling items from page #539
13:14:31 INFO:root_logger	Filling items from page #540
13:14:37 INFO:root_logger	Filling items from page #541
13:14:43 INFO:root_logger	Filling items from page #542
13:14:48 INFO:root_logger	Filling items from page #543
13:14:54 INFO:root_logger	Filling items from page #544
13:15:00 INFO:root_logger	Filling items from page #545
13:15:06 INFO:root_logger	Filling items from page #546
13:15:11 INFO:root_logger	Filling items from page #547
13:15:17 INFO:root_logger	Filling items from page #548
13:15:24 INFO:root_logger	Filling items from page #549
13:15:30 INFO:root_logger	Filling items from page #550
13:15:36 INFO:root_logger	Filling items from page #551
13:15:42 INFO:root_logger	Filling items from page #552
13:15:48 INFO:root_logger	Filling items from page #553
13:15:54 INFO:root_logger	Filling items from page #554
13:16:00 INFO:root_logger	Filling items from page #555
13:16:05 INFO:root_logger	Filling items from page #556
13:16:12 INFO:root_logger	Filling items from page #557
13:16:18 INFO:root_logger	Filling items from page #558
13:16:28 INFO:root_logger	Filling items from page #559
13:16:34 INFO:root_logger	Filling items from page #560
13:16:40 INFO:root_logger	Filling items from page #561
13:16:48 INFO:root_logger	Filling items from page #562
13:16:53 INFO:root_logger	Filling items from page #563
13:17:01 INFO:root_logger	Filling items from page #564
13:17:07 INFO:root_logger	Filling items from page #565
13:17:12 INFO:root_logger	Filling items from page #566
13:17:19 INFO:root_logger	Filling items from page #567
13:17:25 INFO:root_logger	Filling items from page #568
13:17:31 INFO:root_logger	Filling items from page #569
13:17:37 INFO:root_logger	Filling items from page #570
13:17:43 INFO:root_logger	Filling items from page #571
13:17:49 INFO:root_logger	Filling items from page #572
13:17:56 INFO:root_logger	Filling items from page #573
13:18:02 INFO:root_logger	Filling items from page #574
13:18:09 INFO:root_logger	Filling items from page #575
13:18:15 INFO:root_logger	Filling items from page #576
13:18:21 INFO:root_logger	Filling items from page #577
13:18:28 INFO:root_logger	Filling items from page #578
13:18:34 INFO:root_logger	Filling items from page #579
13:18:41 INFO:root_logger	Filling items from page #580
13:18:47 INFO:root_logger	Filling items from page #581
13:18:54 INFO:root_logger	Filling items from page #582
13:19:00 INFO:root_logger	Filling items from page #583
13:19:07 INFO:root_logger	Filling items from page #584
13:19:13 INFO:root_logger	Filling items from page #585
13:19:20 INFO:root_logger	Filling items from page #586
13:19:26 INFO:root_logger	Filling items from page #587
13:19:33 INFO:root_logger	Filling items from page #588
13:19:40 INFO:root_logger	Filling items from page #589
13:19:47 INFO:root_logger	Filling items from page #590
13:19:54 INFO:root_logger	Filling items from page #591
13:20:01 INFO:root_logger	Filling items from page #592
13:20:07 INFO:root_logger	Filling items from page #593
13:20:14 INFO:root_logger	Filling items from page #594
13:20:21 INFO:root_logger	Filling items from page #595
13:20:27 INFO:root_logger	Filling items from page #596
13:20:34 INFO:root_logger	Filling items from page #597
13:20:41 INFO:root_logger	Filling items from page #598
13:20:48 INFO:root_logger	Filling items from page #599
13:20:55 INFO:root_logger	Filling items from page #600
13:21:02 INFO:root_logger	Filling items from page #601
13:21:09 INFO:root_logger	Filling items from page #602
13:21:16 INFO:root_logger	Filling items from page #603
13:21:23 INFO:root_logger	Filling items from page #604
13:21:30 INFO:root_logger	Filling items from page #605
13:21:37 INFO:root_logger	Filling items from page #606
13:21:44 INFO:root_logger	Filling items from page #607
13:21:51 INFO:root_logger	Filling items from page #608
13:21:58 INFO:root_logger	Filling items from page #609
13:22:05 INFO:root_logger	Filling items from page #610
13:22:13 INFO:root_logger	Filling items from page #611
13:22:20 INFO:root_logger	Filling items from page #612
13:22:27 INFO:root_logger	Filling items from page #613
13:22:35 INFO:root_logger	Filling items from page #614
13:22:46 INFO:root_logger	Filling items from page #615
13:22:54 INFO:root_logger	Filling items from page #616
13:23:01 INFO:root_logger	Filling items from page #617
13:23:09 INFO:root_logger	Filling items from page #618
13:23:16 INFO:root_logger	Filling items from page #619
13:23:23 INFO:root_logger	Filling items from page #620
13:23:31 INFO:root_logger	Filling items from page #621
13:23:39 INFO:root_logger	Filling items from page #622
13:23:47 INFO:root_logger	Filling items from page #623
13:23:54 INFO:root_logger	Filling items from page #624
13:24:02 INFO:root_logger	Filling items from page #625
13:24:10 INFO:root_logger	Filling items from page #626
13:24:18 INFO:root_logger	Filling items from page #627
13:24:26 INFO:root_logger	Filling items from page #628
13:24:34 INFO:root_logger	Filling items from page #629
13:24:42 INFO:root_logger	Filling items from page #630
13:24:50 INFO:root_logger	Filling items from page #631
13:24:57 INFO:root_logger	Filling items from page #632
13:25:06 INFO:root_logger	Filling items from page #633
13:25:14 INFO:root_logger	Filling items from page #634
13:25:22 INFO:root_logger	Filling items from page #635
13:25:32 INFO:root_logger	Filling items from page #636
13:25:42 INFO:root_logger	Filling items from page #637
13:25:51 INFO:root_logger	Filling items from page #638
13:25:59 INFO:root_logger	Filling items from page #639
13:26:07 INFO:root_logger	Filling items from page #640
13:26:15 INFO:root_logger	Filling items from page #641
13:26:24 INFO:root_logger	Filling items from page #642
13:26:32 INFO:root_logger	Filling items from page #643
13:26:41 INFO:root_logger	Filling items from page #644
13:26:49 INFO:root_logger	Filling items from page #645
13:26:58 INFO:root_logger	Filling items from page #646
13:27:07 INFO:root_logger	Filling items from page #647
13:27:15 INFO:root_logger	Filling items from page #648
13:27:24 INFO:root_logger	Filling items from page #649
13:27:32 INFO:root_logger	Filling items from page #650
13:27:41 INFO:root_logger	Filling items from page #651
13:27:50 INFO:root_logger	Filling items from page #652
13:27:58 INFO:root_logger	Filling items from page #653
13:28:07 INFO:root_logger	Filling items from page #654
13:28:15 INFO:root_logger	Filling items from page #655
13:28:24 INFO:root_logger	Filling items from page #656
13:28:32 INFO:root_logger	Filling items from page #657
13:28:42 INFO:root_logger	Filling items from page #658
13:28:51 INFO:root_logger	Filling items from page #659
13:29:00 INFO:root_logger	Filling items from page #660
13:29:09 INFO:root_logger	Filling items from page #661
13:29:18 INFO:root_logger	Filling items from page #662
13:29:27 INFO:root_logger	Filling items from page #663
13:29:35 INFO:root_logger	Filling items from page #664
13:29:44 INFO:root_logger	Filling items from page #665
13:29:47 DEBUG:root_logger	shutdown() called on Scraper instance
13:29:52 INFO:root_logger	Filling items from page #666
13:30:47 INFO:root_logger	Starting script...
13:30:57 DEBUG:root_logger	Initalized scraper
13:30:57 INFO:root_logger	Filling items from page #664
13:30:59 INFO:root_logger	Filling items from page #665
13:31:00 INFO:root_logger	Filling items from page #666
13:31:01 INFO:root_logger	Filling items from page #667
13:31:02 INFO:root_logger	Filling items from page #668
13:31:04 INFO:root_logger	Filling items from page #669
13:31:05 INFO:root_logger	Filling items from page #670
13:31:06 INFO:root_logger	Filling items from page #671
13:31:07 INFO:root_logger	Filling items from page #672
13:31:09 INFO:root_logger	Filling items from page #673
13:31:10 INFO:root_logger	Filling items from page #674
13:31:11 INFO:root_logger	Filling items from page #675
13:31:13 INFO:root_logger	Filling items from page #676
13:31:14 INFO:root_logger	Filling items from page #677
13:31:16 INFO:root_logger	Filling items from page #678
13:31:17 INFO:root_logger	Filling items from page #679
13:31:19 INFO:root_logger	Filling items from page #680
13:31:21 INFO:root_logger	Filling items from page #681
13:31:22 INFO:root_logger	Filling items from page #682
13:31:24 INFO:root_logger	Filling items from page #683
13:31:26 INFO:root_logger	Filling items from page #684
13:31:27 INFO:root_logger	Filling items from page #685
13:31:29 INFO:root_logger	Filling items from page #686
13:31:31 INFO:root_logger	Filling items from page #687
13:31:33 INFO:root_logger	Filling items from page #688
13:31:35 INFO:root_logger	Filling items from page #689
13:31:36 INFO:root_logger	Filling items from page #690
13:31:38 INFO:root_logger	Filling items from page #691
13:31:40 INFO:root_logger	Filling items from page #692
13:31:42 INFO:root_logger	Filling items from page #693
13:31:44 INFO:root_logger	Filling items from page #694
13:31:46 INFO:root_logger	Filling items from page #695
13:31:48 INFO:root_logger	Filling items from page #696
13:31:50 INFO:root_logger	Filling items from page #697
13:31:52 INFO:root_logger	Filling items from page #698
13:31:54 INFO:root_logger	Filling items from page #699
13:31:57 INFO:root_logger	Filling items from page #700
13:31:59 INFO:root_logger	Filling items from page #701
13:32:01 INFO:root_logger	Filling items from page #702
13:32:03 INFO:root_logger	Filling items from page #703
13:32:08 INFO:root_logger	Filling items from page #704
13:32:11 INFO:root_logger	Filling items from page #705
13:32:13 INFO:root_logger	Filling items from page #706
13:32:15 INFO:root_logger	Filling items from page #707
13:32:18 INFO:root_logger	Filling items from page #708
13:32:20 INFO:root_logger	Filling items from page #709
13:32:23 INFO:root_logger	Filling items from page #710
13:32:25 INFO:root_logger	Filling items from page #711
13:32:28 INFO:root_logger	Filling items from page #712
13:32:30 INFO:root_logger	Filling items from page #713
13:32:33 INFO:root_logger	Filling items from page #714
13:32:36 INFO:root_logger	Filling items from page #715
13:32:39 INFO:root_logger	Filling items from page #716
