17:57:32 INFO:root_logger	Starting script...
17:59:34 INFO:root_logger	Starting script...
17:59:49 DEBUG:root_logger	Initalized scraper
18:01:06 INFO:root_logger	Starting script...
18:01:14 DEBUG:root_logger	Initalized scraper
18:01:14 INFO:root_logger	Filling items from page #1
18:01:18 INFO:root_logger	Filling items from page #2
18:01:20 INFO:root_logger	Filling items from page #3
18:01:22 INFO:root_logger	Filling items from page #4
18:01:23 INFO:root_logger	Filling items from page #5
18:01:24 INFO:root_logger	Filling items from page #6
18:01:26 INFO:root_logger	Filling items from page #7
18:01:27 INFO:root_logger	Filling items from page #8
18:01:28 INFO:root_logger	Filling items from page #9
18:01:29 INFO:root_logger	Filling items from page #10
18:01:32 INFO:root_logger	Filling items from page #11
18:01:33 INFO:root_logger	Filling items from page #12
18:01:35 INFO:root_logger	Filling items from page #13
18:01:36 INFO:root_logger	Filling items from page #14
18:01:38 INFO:root_logger	Filling items from page #15
18:01:39 INFO:root_logger	Filling items from page #16
18:01:41 INFO:root_logger	Filling items from page #17
18:01:42 INFO:root_logger	Filling items from page #18
18:01:44 INFO:root_logger	Filling items from page #19
18:01:46 INFO:root_logger	Filling items from page #20
18:01:47 INFO:root_logger	Filling items from page #21
18:01:49 INFO:root_logger	Filling items from page #22
18:01:51 INFO:root_logger	Filling items from page #23
18:01:52 INFO:root_logger	Filling items from page #24
18:01:54 INFO:root_logger	Filling items from page #25
18:01:56 INFO:root_logger	Filling items from page #26
18:01:58 INFO:root_logger	Filling items from page #27
18:02:00 INFO:root_logger	Filling items from page #28
18:02:01 INFO:root_logger	Filling items from page #29
18:02:03 INFO:root_logger	Filling items from page #30
18:02:05 INFO:root_logger	Filling items from page #31
18:02:08 INFO:root_logger	Filling items from page #32
18:02:10 INFO:root_logger	Filling items from page #33
18:02:12 INFO:root_logger	Filling items from page #34
18:02:14 INFO:root_logger	Filling items from page #35
18:02:17 INFO:root_logger	Filling items from page #36
18:02:19 INFO:root_logger	Filling items from page #37
18:02:22 INFO:root_logger	Filling items from page #38
18:02:24 INFO:root_logger	Filling items from page #39
18:02:26 INFO:root_logger	Filling items from page #40
18:02:28 INFO:root_logger	Filling items from page #41
18:02:31 INFO:root_logger	Filling items from page #42
18:02:33 INFO:root_logger	Filling items from page #43
18:02:36 INFO:root_logger	Filling items from page #44
18:02:38 INFO:root_logger	Filling items from page #45
18:02:41 INFO:root_logger	Filling items from page #46
18:02:43 INFO:root_logger	Filling items from page #47
18:02:46 INFO:root_logger	Filling items from page #48
18:02:49 INFO:root_logger	Filling items from page #49
18:02:52 INFO:root_logger	Filling items from page #50
18:02:55 INFO:root_logger	Filling items from page #51
18:02:58 INFO:root_logger	Filling items from page #52
18:03:00 INFO:root_logger	Filling items from page #53
18:03:09 INFO:root_logger	Filling items from page #54
18:03:12 INFO:root_logger	Filling items from page #55
18:03:15 INFO:root_logger	Filling items from page #56
18:03:18 INFO:root_logger	Filling items from page #57
18:03:20 INFO:root_logger	Filling items from page #58
18:03:24 INFO:root_logger	Filling items from page #59
18:03:27 INFO:root_logger	Filling items from page #60
18:03:29 INFO:root_logger	Filling items from page #61
18:03:33 INFO:root_logger	Filling items from page #62
18:03:36 INFO:root_logger	Filling items from page #63
18:03:39 INFO:root_logger	Filling items from page #64
18:03:42 INFO:root_logger	Filling items from page #65
18:03:49 INFO:root_logger	Filling items from page #66
18:03:52 INFO:root_logger	Filling items from page #67
18:03:55 INFO:root_logger	Filling items from page #68
18:03:58 INFO:root_logger	Filling items from page #69
18:04:01 INFO:root_logger	Filling items from page #70
18:04:05 INFO:root_logger	Filling items from page #71
18:04:08 INFO:root_logger	Filling items from page #72
18:04:11 INFO:root_logger	Filling items from page #73
18:04:15 INFO:root_logger	Filling items from page #74
18:04:18 INFO:root_logger	Filling items from page #75
18:04:22 INFO:root_logger	Filling items from page #76
18:04:25 INFO:root_logger	Filling items from page #77
18:04:29 INFO:root_logger	Filling items from page #78
18:04:32 INFO:root_logger	Filling items from page #79
18:04:36 INFO:root_logger	Filling items from page #80
18:04:40 INFO:root_logger	Filling items from page #81
18:10:09 INFO:root_logger	Starting script...
18:10:24 DEBUG:root_logger	Initalized scraper
18:10:24 INFO:root_logger	Filling items from page #80
18:10:27 INFO:root_logger	Filling items from page #81
18:10:29 INFO:root_logger	Filling items from page #82
18:10:31 INFO:root_logger	Filling items from page #83
18:10:33 INFO:root_logger	Filling items from page #84
18:10:35 INFO:root_logger	Filling items from page #85
18:10:38 INFO:root_logger	Filling items from page #86
18:10:40 INFO:root_logger	Filling items from page #87
18:10:42 INFO:root_logger	Filling items from page #88
18:10:45 INFO:root_logger	Filling items from page #89
18:10:47 INFO:root_logger	Filling items from page #90
18:10:49 INFO:root_logger	Filling items from page #91
18:10:51 INFO:root_logger	Filling items from page #92
18:10:53 INFO:root_logger	Filling items from page #93
18:10:55 INFO:root_logger	Filling items from page #94
18:10:58 INFO:root_logger	Filling items from page #95
18:11:00 INFO:root_logger	Filling items from page #96
18:11:02 INFO:root_logger	Filling items from page #97
18:11:04 INFO:root_logger	Filling items from page #98
18:11:07 INFO:root_logger	Filling items from page #99
18:11:09 INFO:root_logger	Filling items from page #100
18:11:11 INFO:root_logger	Filling items from page #101
18:11:14 INFO:root_logger	Filling items from page #102
18:11:16 INFO:root_logger	Filling items from page #103
18:11:18 INFO:root_logger	Filling items from page #104
18:11:21 INFO:root_logger	Filling items from page #105
18:11:23 INFO:root_logger	Filling items from page #106
18:11:26 INFO:root_logger	Filling items from page #107
18:11:29 INFO:root_logger	Filling items from page #108
18:11:31 INFO:root_logger	Filling items from page #109
18:11:34 INFO:root_logger	Filling items from page #110
18:11:37 INFO:root_logger	Filling items from page #111
18:11:39 INFO:root_logger	Filling items from page #112
18:13:39 INFO:root_logger	Starting script...
18:13:47 DEBUG:root_logger	Initalized scraper
18:13:47 INFO:root_logger	Filling items from page #112
18:13:50 INFO:root_logger	Filling items from page #113
18:13:53 INFO:root_logger	Filling items from page #114
18:13:54 INFO:root_logger	Filling items from page #115
18:13:55 INFO:root_logger	Filling items from page #116
18:13:57 INFO:root_logger	Filling items from page #117
18:13:58 INFO:root_logger	Filling items from page #118
18:14:00 INFO:root_logger	Filling items from page #119
18:14:01 INFO:root_logger	Filling items from page #120
18:14:02 INFO:root_logger	Filling items from page #121
18:14:04 INFO:root_logger	Filling items from page #122
18:14:05 INFO:root_logger	Filling items from page #123
18:14:06 INFO:root_logger	Filling items from page #124
18:14:11 INFO:root_logger	Filling items from page #125
18:14:12 INFO:root_logger	Filling items from page #126
18:14:14 INFO:root_logger	Filling items from page #127
18:14:15 INFO:root_logger	Filling items from page #128
18:14:16 INFO:root_logger	Filling items from page #129
18:14:17 INFO:root_logger	Filling items from page #130
18:14:19 INFO:root_logger	Filling items from page #131
18:14:20 INFO:root_logger	Filling items from page #132
18:14:22 INFO:root_logger	Filling items from page #133
18:14:23 INFO:root_logger	Filling items from page #134
18:14:24 INFO:root_logger	Filling items from page #135
18:14:26 INFO:root_logger	Filling items from page #136
18:14:27 INFO:root_logger	Filling items from page #137
18:14:29 INFO:root_logger	Filling items from page #138
18:14:31 INFO:root_logger	Filling items from page #139
18:14:32 INFO:root_logger	Filling items from page #140
18:14:34 INFO:root_logger	Filling items from page #141
18:14:36 INFO:root_logger	Filling items from page #142
18:14:37 INFO:root_logger	Filling items from page #143
18:14:39 INFO:root_logger	Filling items from page #144
18:14:41 INFO:root_logger	Filling items from page #145
18:14:43 INFO:root_logger	Filling items from page #146
18:14:45 INFO:root_logger	Filling items from page #147
18:14:47 INFO:root_logger	Filling items from page #148
18:14:48 INFO:root_logger	Filling items from page #149
18:14:51 INFO:root_logger	Filling items from page #150
18:14:53 INFO:root_logger	Filling items from page #151
18:14:55 INFO:root_logger	Filling items from page #152
18:14:57 INFO:root_logger	Filling items from page #153
18:14:59 INFO:root_logger	Filling items from page #154
18:15:01 INFO:root_logger	Filling items from page #155
18:15:04 INFO:root_logger	Filling items from page #156
18:15:06 INFO:root_logger	Filling items from page #157
18:15:08 INFO:root_logger	Filling items from page #158
18:15:10 INFO:root_logger	Filling items from page #159
18:15:13 INFO:root_logger	Filling items from page #160
18:15:16 INFO:root_logger	Filling items from page #161
18:15:18 INFO:root_logger	Filling items from page #162
18:15:21 INFO:root_logger	Filling items from page #163
18:15:23 INFO:root_logger	Filling items from page #164
18:15:26 INFO:root_logger	Filling items from page #165
18:15:28 INFO:root_logger	Filling items from page #166
18:15:31 INFO:root_logger	Filling items from page #167
18:15:37 INFO:root_logger	Filling items from page #168
18:15:39 INFO:root_logger	Filling items from page #169
18:15:40 INFO:root_logger	Filling items from page #170
18:15:41 INFO:root_logger	Filling items from page #171
18:15:42 INFO:root_logger	Filling items from page #172
18:15:44 INFO:root_logger	Filling items from page #173
18:15:45 INFO:root_logger	Filling items from page #174
18:15:46 INFO:root_logger	Filling items from page #175
18:15:48 INFO:root_logger	Filling items from page #176
18:15:49 INFO:root_logger	Filling items from page #177
18:15:51 INFO:root_logger	Filling items from page #178
18:15:52 INFO:root_logger	Filling items from page #179
18:15:54 INFO:root_logger	Filling items from page #180
18:15:55 INFO:root_logger	Filling items from page #181
18:15:57 INFO:root_logger	Filling items from page #182
18:15:59 INFO:root_logger	Filling items from page #183
18:16:00 INFO:root_logger	Filling items from page #184
18:16:02 INFO:root_logger	Filling items from page #185
18:16:04 INFO:root_logger	Filling items from page #186
18:16:05 INFO:root_logger	Filling items from page #187
18:16:07 INFO:root_logger	Filling items from page #188
18:16:09 INFO:root_logger	Filling items from page #189
18:16:11 INFO:root_logger	Filling items from page #190
18:16:12 INFO:root_logger	Filling items from page #191
18:16:14 INFO:root_logger	Filling items from page #192
18:16:16 INFO:root_logger	Filling items from page #193
18:16:19 INFO:root_logger	Filling items from page #194
18:16:21 INFO:root_logger	Filling items from page #195
18:16:23 INFO:root_logger	Filling items from page #196
18:16:25 INFO:root_logger	Filling items from page #197
18:16:27 INFO:root_logger	Filling items from page #198
18:16:29 INFO:root_logger	Filling items from page #199
18:16:31 INFO:root_logger	Filling items from page #200
18:16:34 INFO:root_logger	Filling items from page #201
18:16:36 INFO:root_logger	Filling items from page #202
18:16:38 INFO:root_logger	Filling items from page #203
18:16:41 INFO:root_logger	Filling items from page #204
18:16:43 INFO:root_logger	Filling items from page #205
18:16:45 INFO:root_logger	Filling items from page #206
18:16:48 INFO:root_logger	Filling items from page #207
18:16:50 INFO:root_logger	Filling items from page #208
18:16:53 INFO:root_logger	Filling items from page #209
18:16:56 INFO:root_logger	Filling items from page #210
18:16:58 INFO:root_logger	Filling items from page #211
18:17:01 INFO:root_logger	Filling items from page #212
18:17:04 INFO:root_logger	Filling items from page #213
18:17:07 INFO:root_logger	Filling items from page #214
18:17:11 INFO:root_logger	Filling items from page #215
18:17:13 INFO:root_logger	Filling items from page #216
18:17:14 INFO:root_logger	Filling items from page #217
18:17:16 INFO:root_logger	Filling items from page #218
18:17:17 INFO:root_logger	Filling items from page #219
18:17:18 INFO:root_logger	Filling items from page #220
18:17:19 INFO:root_logger	Filling items from page #221
18:17:21 INFO:root_logger	Filling items from page #222
18:17:22 INFO:root_logger	Filling items from page #223
18:17:23 INFO:root_logger	Filling items from page #224
18:17:25 INFO:root_logger	Filling items from page #225
18:17:26 INFO:root_logger	Filling items from page #226
18:17:28 INFO:root_logger	Filling items from page #227
18:17:30 INFO:root_logger	Filling items from page #228
18:17:31 INFO:root_logger	Filling items from page #229
18:17:33 INFO:root_logger	Filling items from page #230
18:17:35 INFO:root_logger	Filling items from page #231
18:17:36 INFO:root_logger	Filling items from page #232
18:17:38 INFO:root_logger	Filling items from page #233
18:17:39 INFO:root_logger	Filling items from page #234
18:17:40 INFO:root_logger	Filling items from page #235
18:17:42 INFO:root_logger	Filling items from page #236
18:17:43 INFO:root_logger	Filling items from page #237
18:17:44 INFO:root_logger	Filling items from page #238
18:17:45 INFO:root_logger	Filling items from page #239
18:17:46 INFO:root_logger	Filling items from page #240
18:17:48 INFO:root_logger	Filling items from page #241
18:17:49 INFO:root_logger	Filling items from page #242
18:17:50 INFO:root_logger	Filling items from page #243
18:17:52 INFO:root_logger	Filling items from page #244
18:17:54 INFO:root_logger	Filling items from page #245
18:17:55 INFO:root_logger	Filling items from page #246
18:17:56 INFO:root_logger	Filling items from page #247
18:17:58 INFO:root_logger	Filling items from page #248
18:18:00 INFO:root_logger	Filling items from page #249
18:18:01 INFO:root_logger	Filling items from page #250
18:18:03 INFO:root_logger	Filling items from page #251
18:18:05 INFO:root_logger	Filling items from page #252
18:18:07 INFO:root_logger	Filling items from page #253
18:18:08 INFO:root_logger	Filling items from page #254
18:18:10 INFO:root_logger	Filling items from page #255
18:18:13 INFO:root_logger	Filling items from page #256
18:18:15 INFO:root_logger	Filling items from page #257
18:18:17 INFO:root_logger	Filling items from page #258
18:18:19 INFO:root_logger	Filling items from page #259
18:18:21 INFO:root_logger	Filling items from page #260
18:18:23 INFO:root_logger	Filling items from page #261
18:18:25 INFO:root_logger	Filling items from page #262
18:18:27 INFO:root_logger	Filling items from page #263
18:18:30 INFO:root_logger	Filling items from page #264
18:18:32 INFO:root_logger	Filling items from page #265
18:18:34 INFO:root_logger	Filling items from page #266
18:18:37 INFO:root_logger	Filling items from page #267
18:18:39 INFO:root_logger	Filling items from page #268
18:18:41 INFO:root_logger	Filling items from page #269
18:18:44 INFO:root_logger	Filling items from page #270
18:18:47 INFO:root_logger	Filling items from page #271
18:18:49 INFO:root_logger	Filling items from page #272
18:18:52 INFO:root_logger	Filling items from page #273
18:18:56 INFO:root_logger	Filling items from page #274
18:18:58 INFO:root_logger	Filling items from page #275
18:19:01 INFO:root_logger	Filling items from page #276
18:19:03 INFO:root_logger	Filling items from page #277
18:19:06 INFO:root_logger	Filling items from page #278
18:19:09 INFO:root_logger	Filling items from page #279
18:19:11 INFO:root_logger	Filling items from page #280
18:19:14 INFO:root_logger	Filling items from page #281
18:19:17 INFO:root_logger	Filling items from page #282
18:19:20 INFO:root_logger	Filling items from page #283
18:19:23 INFO:root_logger	Filling items from page #284
18:19:26 INFO:root_logger	Filling items from page #285
18:19:29 INFO:root_logger	Filling items from page #286
18:19:32 INFO:root_logger	Filling items from page #287
18:19:35 INFO:root_logger	Filling items from page #288
18:19:38 INFO:root_logger	Filling items from page #289
18:19:41 INFO:root_logger	Filling items from page #290
18:19:44 INFO:root_logger	Filling items from page #291
18:19:47 INFO:root_logger	Filling items from page #292
18:19:50 INFO:root_logger	Filling items from page #293
18:19:53 INFO:root_logger	Filling items from page #294
18:19:57 INFO:root_logger	Filling items from page #295
18:20:00 INFO:root_logger	Filling items from page #296
18:20:03 INFO:root_logger	Filling items from page #297
18:20:06 INFO:root_logger	Filling items from page #298
18:20:10 INFO:root_logger	Filling items from page #299
18:20:13 INFO:root_logger	Filling items from page #300
18:20:17 INFO:root_logger	Filling items from page #301
18:20:20 INFO:root_logger	Filling items from page #302
18:20:24 INFO:root_logger	Filling items from page #303
18:20:27 INFO:root_logger	Filling items from page #304
18:20:31 INFO:root_logger	Filling items from page #305
18:20:34 INFO:root_logger	Filling items from page #306
18:20:38 INFO:root_logger	Filling items from page #307
18:20:42 INFO:root_logger	Filling items from page #308
18:20:46 INFO:root_logger	Filling items from page #309
18:20:50 INFO:root_logger	Filling items from page #310
18:20:54 INFO:root_logger	Filling items from page #311
18:20:58 INFO:root_logger	Filling items from page #312
18:21:02 INFO:root_logger	Filling items from page #313
18:21:05 INFO:root_logger	Filling items from page #314
18:21:09 INFO:root_logger	Filling items from page #315
18:21:13 INFO:root_logger	Filling items from page #316
18:21:17 INFO:root_logger	Filling items from page #317
18:21:22 INFO:root_logger	Filling items from page #318
18:21:26 INFO:root_logger	Filling items from page #319
18:21:30 INFO:root_logger	Filling items from page #320
18:21:34 INFO:root_logger	Filling items from page #321
18:21:38 INFO:root_logger	Filling items from page #322
18:21:42 INFO:root_logger	Filling items from page #323
18:21:47 INFO:root_logger	Filling items from page #324
18:21:51 INFO:root_logger	Filling items from page #325
18:21:55 INFO:root_logger	Filling items from page #326
18:21:59 INFO:root_logger	Filling items from page #327
18:22:03 INFO:root_logger	Filling items from page #328
18:22:08 INFO:root_logger	Filling items from page #329
18:22:12 INFO:root_logger	Filling items from page #330
18:22:17 INFO:root_logger	Filling items from page #331
18:22:21 INFO:root_logger	Filling items from page #332
18:22:26 INFO:root_logger	Filling items from page #333
18:22:30 INFO:root_logger	Filling items from page #334
18:22:35 INFO:root_logger	Filling items from page #335
18:22:39 INFO:root_logger	Filling items from page #336
18:22:44 INFO:root_logger	Filling items from page #337
18:22:49 INFO:root_logger	Filling items from page #338
18:22:54 INFO:root_logger	Filling items from page #339
18:22:59 INFO:root_logger	Filling items from page #340
18:23:04 INFO:root_logger	Filling items from page #341
18:23:09 INFO:root_logger	Filling items from page #342
18:23:14 INFO:root_logger	Filling items from page #343
18:23:18 INFO:root_logger	Filling items from page #344
18:23:24 INFO:root_logger	Filling items from page #345
18:23:29 INFO:root_logger	Filling items from page #346
18:23:34 INFO:root_logger	Filling items from page #347
18:23:39 INFO:root_logger	Filling items from page #348
18:23:44 INFO:root_logger	Filling items from page #349
18:23:50 INFO:root_logger	Filling items from page #350
18:23:55 INFO:root_logger	Filling items from page #351
18:24:00 INFO:root_logger	Filling items from page #352
18:24:05 INFO:root_logger	Filling items from page #353
18:24:10 INFO:root_logger	Filling items from page #354
18:24:16 INFO:root_logger	Filling items from page #355
18:24:21 INFO:root_logger	Filling items from page #356
18:24:26 INFO:root_logger	Filling items from page #357
18:24:32 INFO:root_logger	Filling items from page #358
18:24:37 INFO:root_logger	Filling items from page #359
18:24:43 INFO:root_logger	Filling items from page #360
18:24:48 INFO:root_logger	Filling items from page #361
18:24:54 INFO:root_logger	Filling items from page #362
18:25:00 INFO:root_logger	Filling items from page #363
18:25:06 INFO:root_logger	Filling items from page #364
18:25:12 INFO:root_logger	Filling items from page #365
18:25:17 INFO:root_logger	Filling items from page #366
18:25:23 INFO:root_logger	Filling items from page #367
18:25:29 INFO:root_logger	Filling items from page #368
18:25:35 INFO:root_logger	Filling items from page #369
18:25:40 INFO:root_logger	Filling items from page #370
18:25:46 INFO:root_logger	Filling items from page #371
18:25:52 INFO:root_logger	Filling items from page #372
18:25:58 INFO:root_logger	Filling items from page #373
18:26:04 INFO:root_logger	Filling items from page #374
23:20:07 INFO:root_logger	Starting script...
23:20:36 INFO:root_logger	Starting script...
23:20:44 DEBUG:root_logger	Initalized scraper
23:20:44 INFO:root_logger	Filling items from page #1
23:21:38 INFO:root_logger	Starting script...
23:21:46 DEBUG:root_logger	Initalized scraper
23:21:46 INFO:root_logger	Filling items from page #1
23:21:58 INFO:root_logger	Filling items from page #2
23:22:06 INFO:root_logger	Filling items from page #3
23:22:15 INFO:root_logger	Filling items from page #4
23:22:24 INFO:root_logger	Filling items from page #5
23:22:32 INFO:root_logger	Filling items from page #6
23:22:42 INFO:root_logger	Filling items from page #7
23:22:51 INFO:root_logger	Filling items from page #8
23:23:01 INFO:root_logger	Filling items from page #9
23:25:30 INFO:root_logger	Starting script...
23:25:38 DEBUG:root_logger	Initalized scraper
23:25:38 INFO:root_logger	Filling items from page #1
23:25:49 INFO:root_logger	Filling items from page #2
23:25:58 INFO:root_logger	Filling items from page #3
23:26:06 INFO:root_logger	Filling items from page #4
23:26:15 INFO:root_logger	Filling items from page #5
23:26:24 INFO:root_logger	Filling items from page #6
23:26:33 INFO:root_logger	Filling items from page #7
23:26:42 INFO:root_logger	Filling items from page #8
23:26:52 INFO:root_logger	Filling items from page #9
23:27:01 INFO:root_logger	Filling items from page #10
23:28:08 INFO:root_logger	Starting script...
23:28:17 DEBUG:root_logger	Initalized scraper
23:28:17 INFO:root_logger	Filling items from page #1
23:28:29 INFO:root_logger	Filling items from page #2
23:28:38 INFO:root_logger	Filling items from page #3
23:28:46 INFO:root_logger	Filling items from page #4
23:28:55 INFO:root_logger	Filling items from page #5
23:29:04 INFO:root_logger	Filling items from page #6
23:29:12 INFO:root_logger	Filling items from page #7
23:29:21 INFO:root_logger	Filling items from page #8
23:29:30 INFO:root_logger	Filling items from page #9
23:29:39 INFO:root_logger	Filling items from page #10
23:41:44 INFO:root_logger	Starting script...
23:41:52 DEBUG:root_logger	Initalized scraper
23:41:52 INFO:root_logger	Filling items from page #1
23:42:03 INFO:root_logger	Filling items from page #2
23:42:12 INFO:root_logger	Filling items from page #3
23:42:21 INFO:root_logger	Filling items from page #4
23:42:29 INFO:root_logger	Filling items from page #5
23:42:38 INFO:root_logger	Filling items from page #6
23:42:47 INFO:root_logger	Filling items from page #7
23:42:56 INFO:root_logger	Filling items from page #8
23:43:05 INFO:root_logger	Filling items from page #9
23:43:15 INFO:root_logger	Filling items from page #10
23:43:45 INFO:root_logger	Starting script...
23:43:54 DEBUG:root_logger	Initalized scraper
23:43:54 INFO:root_logger	Filling items from page #1
23:44:05 INFO:root_logger	Filling items from page #2
23:44:14 INFO:root_logger	Filling items from page #3
23:44:22 INFO:root_logger	Filling items from page #4
23:44:31 INFO:root_logger	Filling items from page #5
23:44:40 INFO:root_logger	Filling items from page #6
23:44:49 INFO:root_logger	Filling items from page #7
23:44:58 INFO:root_logger	Filling items from page #8
23:45:08 INFO:root_logger	Filling items from page #9
23:45:17 INFO:root_logger	Filling items from page #10
23:57:08 INFO:root_logger	Starting script...
23:57:15 DEBUG:root_logger	Initalized scraper
23:57:15 INFO:root_logger	Filling items from page #1
23:57:27 INFO:root_logger	Filling items from page #2
23:57:35 INFO:root_logger	Filling items from page #3
23:57:46 INFO:root_logger	Filling items from page #4
23:57:55 INFO:root_logger	Filling items from page #5
23:58:04 INFO:root_logger	Filling items from page #6
23:58:13 INFO:root_logger	Filling items from page #7
23:58:22 INFO:root_logger	Filling items from page #8
23:58:31 INFO:root_logger	Filling items from page #9
23:58:41 INFO:root_logger	Filling items from page #10
00:02:31 INFO:root_logger	Starting script...
00:02:38 DEBUG:root_logger	Initalized scraper
00:02:38 INFO:root_logger	Filling items from page #1
00:02:50 INFO:root_logger	Filling items from page #2
00:02:58 INFO:root_logger	Filling items from page #3
00:03:07 INFO:root_logger	Filling items from page #4
00:03:16 INFO:root_logger	Filling items from page #5
00:03:25 INFO:root_logger	Filling items from page #6
00:03:35 INFO:root_logger	Filling items from page #7
00:03:44 INFO:root_logger	Filling items from page #8
00:03:54 INFO:root_logger	Filling items from page #9
00:04:04 INFO:root_logger	Filling items from page #10
00:08:15 INFO:root_logger	Starting script...
00:08:23 DEBUG:root_logger	Initalized scraper
00:08:23 INFO:root_logger	Filling items from page #1
00:08:34 INFO:root_logger	Filling items from page #2
00:08:43 INFO:root_logger	Filling items from page #3
00:08:52 INFO:root_logger	Filling items from page #4
00:09:01 INFO:root_logger	Filling items from page #5
00:09:12 INFO:root_logger	Filling items from page #6
00:09:22 INFO:root_logger	Filling items from page #7
00:09:31 INFO:root_logger	Filling items from page #8
00:09:40 INFO:root_logger	Filling items from page #9
00:09:49 INFO:root_logger	Filling items from page #10
00:10:24 INFO:root_logger	Starting script...
00:10:32 DEBUG:root_logger	Initalized scraper
00:10:32 INFO:root_logger	Filling items from page #1
00:10:43 INFO:root_logger	Filling items from page #2
00:10:52 INFO:root_logger	Filling items from page #3
00:11:00 INFO:root_logger	Filling items from page #4
00:11:09 INFO:root_logger	Filling items from page #5
00:11:18 INFO:root_logger	Filling items from page #6
00:11:27 INFO:root_logger	Filling items from page #7
00:11:36 INFO:root_logger	Filling items from page #8
00:11:45 INFO:root_logger	Filling items from page #9
00:11:55 INFO:root_logger	Filling items from page #10
00:12:57 INFO:root_logger	Starting script...
00:13:05 DEBUG:root_logger	Initalized scraper
00:13:05 INFO:root_logger	Filling items from page #1
00:13:16 INFO:root_logger	Filling items from page #2
00:13:25 INFO:root_logger	Filling items from page #3
00:13:33 INFO:root_logger	Filling items from page #4
00:13:42 INFO:root_logger	Filling items from page #5
00:13:50 INFO:root_logger	Filling items from page #6
00:13:59 INFO:root_logger	Filling items from page #7
00:14:08 INFO:root_logger	Filling items from page #8
00:14:17 INFO:root_logger	Filling items from page #9
00:14:31 INFO:root_logger	Filling items from page #10
00:15:29 INFO:root_logger	Starting script...
00:15:37 DEBUG:root_logger	Initalized scraper
00:15:37 INFO:root_logger	Filling items from page #1
00:15:49 INFO:root_logger	Filling items from page #2
00:15:57 INFO:root_logger	Filling items from page #3
00:16:06 INFO:root_logger	Filling items from page #4
00:16:15 INFO:root_logger	Filling items from page #5
00:16:24 INFO:root_logger	Filling items from page #6
00:16:34 INFO:root_logger	Filling items from page #7
00:16:43 INFO:root_logger	Filling items from page #8
00:16:53 INFO:root_logger	Filling items from page #9
00:17:02 INFO:root_logger	Filling items from page #10
00:17:13 INFO:root_logger	Filling items from page #11
00:17:24 INFO:root_logger	Filling items from page #12
00:17:34 INFO:root_logger	Filling items from page #13
00:20:40 INFO:root_logger	Starting script...
00:20:48 DEBUG:root_logger	Initalized scraper
00:20:48 INFO:root_logger	Filling items from page #1
00:21:00 INFO:root_logger	Filling items from page #2
00:21:09 INFO:root_logger	Filling items from page #3
00:21:18 INFO:root_logger	Filling items from page #4
00:21:19 DEBUG:root_logger	shutdown() called on Scraper instance
00:21:23 INFO:root_logger	Filling items from page #5
00:22:24 INFO:root_logger	Starting script...
00:22:41 DEBUG:root_logger	Initalized scraper
00:22:41 INFO:root_logger	Filling items from page #1
00:22:51 INFO:root_logger	Filling items from page #2
00:22:59 INFO:root_logger	Filling items from page #3
00:23:08 INFO:root_logger	Filling items from page #4
00:23:16 INFO:root_logger	Filling items from page #5
00:23:25 INFO:root_logger	Filling items from page #6
00:23:34 INFO:root_logger	Filling items from page #7
00:23:43 INFO:root_logger	Filling items from page #8
00:23:52 INFO:root_logger	Filling items from page #9
00:24:02 INFO:root_logger	Filling items from page #10
00:24:12 INFO:root_logger	Filling items from page #11
00:24:21 INFO:root_logger	Filling items from page #12
00:24:31 INFO:root_logger	Filling items from page #13
00:24:41 INFO:root_logger	Filling items from page #14
00:24:51 INFO:root_logger	Filling items from page #15
00:25:01 INFO:root_logger	Filling items from page #16
00:25:11 INFO:root_logger	Filling items from page #17
00:25:21 INFO:root_logger	Filling items from page #18
00:25:31 INFO:root_logger	Filling items from page #19
00:25:42 INFO:root_logger	Filling items from page #20
00:25:53 INFO:root_logger	Filling items from page #21
00:26:04 INFO:root_logger	Filling items from page #22
00:26:15 INFO:root_logger	Filling items from page #23
00:26:26 INFO:root_logger	Filling items from page #24
00:26:37 INFO:root_logger	Filling items from page #25
00:26:50 INFO:root_logger	Filling items from page #26
00:27:02 INFO:root_logger	Filling items from page #27
00:27:14 INFO:root_logger	Filling items from page #28
00:27:27 INFO:root_logger	Filling items from page #29
00:27:38 INFO:root_logger	Filling items from page #30
00:27:51 INFO:root_logger	Filling items from page #31
00:28:03 INFO:root_logger	Filling items from page #32
00:28:16 INFO:root_logger	Filling items from page #33
00:28:28 INFO:root_logger	Filling items from page #34
00:28:40 INFO:root_logger	Filling items from page #35
00:28:53 INFO:root_logger	Filling items from page #36
00:29:08 INFO:root_logger	Filling items from page #37
00:29:20 INFO:root_logger	Filling items from page #38
00:29:34 INFO:root_logger	Filling items from page #39
00:29:47 INFO:root_logger	Filling items from page #40
00:30:00 INFO:root_logger	Filling items from page #41
00:30:13 INFO:root_logger	Filling items from page #42
00:30:27 INFO:root_logger	Filling items from page #43
00:30:41 INFO:root_logger	Filling items from page #44
00:30:54 INFO:root_logger	Filling items from page #45
00:31:08 INFO:root_logger	Filling items from page #46
00:31:22 INFO:root_logger	Filling items from page #47
00:31:36 INFO:root_logger	Filling items from page #48
00:31:51 INFO:root_logger	Filling items from page #49
00:32:05 INFO:root_logger	Filling items from page #50
00:32:20 INFO:root_logger	Filling items from page #51
00:32:34 INFO:root_logger	Filling items from page #52
00:32:49 INFO:root_logger	Filling items from page #53
00:33:04 INFO:root_logger	Filling items from page #54
00:33:19 INFO:root_logger	Filling items from page #55
00:33:34 INFO:root_logger	Filling items from page #56
00:33:50 INFO:root_logger	Filling items from page #57
00:34:05 INFO:root_logger	Filling items from page #58
00:34:21 INFO:root_logger	Filling items from page #59
00:34:36 INFO:root_logger	Filling items from page #60
00:34:52 INFO:root_logger	Filling items from page #61
00:35:08 INFO:root_logger	Filling items from page #62
00:35:24 INFO:root_logger	Filling items from page #63
00:35:39 INFO:root_logger	Filling items from page #64
00:35:56 INFO:root_logger	Filling items from page #65
00:36:12 INFO:root_logger	Filling items from page #66
00:36:28 INFO:root_logger	Filling items from page #67
00:36:45 INFO:root_logger	Filling items from page #68
00:37:04 INFO:root_logger	Filling items from page #69
00:37:21 INFO:root_logger	Filling items from page #70
00:37:37 INFO:root_logger	Filling items from page #71
00:37:55 INFO:root_logger	Filling items from page #72
00:38:12 INFO:root_logger	Filling items from page #73
00:38:29 INFO:root_logger	Filling items from page #74
00:38:47 INFO:root_logger	Filling items from page #75
00:39:05 INFO:root_logger	Filling items from page #76
00:39:22 INFO:root_logger	Filling items from page #77
00:39:40 INFO:root_logger	Filling items from page #78
00:40:02 INFO:root_logger	Filling items from page #79
00:40:19 INFO:root_logger	Filling items from page #80
00:40:37 INFO:root_logger	Filling items from page #81
00:40:57 INFO:root_logger	Filling items from page #82
00:41:16 INFO:root_logger	Filling items from page #83
00:41:35 INFO:root_logger	Filling items from page #84
00:41:53 INFO:root_logger	Filling items from page #85
00:42:11 INFO:root_logger	Filling items from page #86
00:42:29 INFO:root_logger	Filling items from page #87
00:42:48 INFO:root_logger	Filling items from page #88
00:43:06 INFO:root_logger	Filling items from page #89
00:43:24 INFO:root_logger	Filling items from page #90
00:43:43 INFO:root_logger	Filling items from page #91
00:44:01 INFO:root_logger	Filling items from page #92
00:44:21 INFO:root_logger	Filling items from page #93
00:44:39 INFO:root_logger	Filling items from page #94
00:44:59 INFO:root_logger	Filling items from page #95
00:45:18 INFO:root_logger	Filling items from page #96
00:45:38 INFO:root_logger	Filling items from page #97
00:45:57 INFO:root_logger	Filling items from page #98
00:46:16 INFO:root_logger	Filling items from page #99
00:46:36 INFO:root_logger	Filling items from page #100
00:46:56 INFO:root_logger	Filling items from page #101
00:47:16 INFO:root_logger	Filling items from page #102
00:47:35 INFO:root_logger	Filling items from page #103
00:47:58 INFO:root_logger	Filling items from page #104
00:48:18 INFO:root_logger	Filling items from page #105
00:48:39 INFO:root_logger	Filling items from page #106
00:49:00 INFO:root_logger	Filling items from page #107
00:49:23 INFO:root_logger	Filling items from page #108
00:49:43 INFO:root_logger	Filling items from page #109
00:50:04 INFO:root_logger	Filling items from page #110
00:50:25 INFO:root_logger	Filling items from page #111
00:50:46 INFO:root_logger	Filling items from page #112
00:51:07 INFO:root_logger	Filling items from page #113
00:51:27 INFO:root_logger	Filling items from page #114
00:51:48 INFO:root_logger	Filling items from page #115
00:52:10 INFO:root_logger	Filling items from page #116
00:52:31 INFO:root_logger	Filling items from page #117
00:52:54 INFO:root_logger	Filling items from page #118
00:53:16 INFO:root_logger	Filling items from page #119
00:53:39 INFO:root_logger	Filling items from page #120
00:54:01 INFO:root_logger	Filling items from page #121
00:54:23 INFO:root_logger	Filling items from page #122
00:54:45 INFO:root_logger	Filling items from page #123
00:55:08 INFO:root_logger	Filling items from page #124
00:55:30 INFO:root_logger	Filling items from page #125
00:55:54 INFO:root_logger	Filling items from page #126
00:56:16 INFO:root_logger	Filling items from page #127
00:56:39 INFO:root_logger	Filling items from page #128
00:57:03 INFO:root_logger	Filling items from page #129
00:57:26 INFO:root_logger	Filling items from page #130
00:57:50 INFO:root_logger	Filling items from page #131
00:58:13 INFO:root_logger	Filling items from page #132
00:58:37 INFO:root_logger	Filling items from page #133
00:59:00 INFO:root_logger	Filling items from page #134
00:59:24 INFO:root_logger	Filling items from page #135
00:59:48 INFO:root_logger	Filling items from page #136
01:00:12 INFO:root_logger	Filling items from page #137
01:00:36 INFO:root_logger	Filling items from page #138
01:01:00 INFO:root_logger	Filling items from page #139
01:01:25 INFO:root_logger	Filling items from page #140
01:01:49 INFO:root_logger	Filling items from page #141
01:02:15 INFO:root_logger	Filling items from page #142
01:02:40 INFO:root_logger	Filling items from page #143
01:03:05 INFO:root_logger	Filling items from page #144
01:03:30 INFO:root_logger	Filling items from page #145
01:03:55 INFO:root_logger	Filling items from page #146
01:04:20 INFO:root_logger	Filling items from page #147
01:04:45 INFO:root_logger	Filling items from page #148
01:05:11 INFO:root_logger	Filling items from page #149
01:05:36 INFO:root_logger	Filling items from page #150
01:06:01 INFO:root_logger	Filling items from page #151
01:06:27 INFO:root_logger	Filling items from page #152
01:06:53 INFO:root_logger	Filling items from page #153
01:07:19 INFO:root_logger	Filling items from page #154
01:07:46 INFO:root_logger	Filling items from page #155
01:08:13 INFO:root_logger	Filling items from page #156
01:08:40 INFO:root_logger	Filling items from page #157
01:09:12 INFO:root_logger	Filling items from page #158
01:09:38 INFO:root_logger	Filling items from page #159
01:10:05 INFO:root_logger	Filling items from page #160
01:10:32 INFO:root_logger	Filling items from page #161
01:11:01 INFO:root_logger	Filling items from page #162
01:11:29 INFO:root_logger	Filling items from page #163
01:11:56 INFO:root_logger	Filling items from page #164
01:12:24 INFO:root_logger	Filling items from page #165
01:12:51 INFO:root_logger	Filling items from page #166
01:13:20 INFO:root_logger	Filling items from page #167
01:13:53 INFO:root_logger	Filling items from page #168
01:14:21 INFO:root_logger	Filling items from page #169
01:14:51 INFO:root_logger	Filling items from page #170
01:15:24 INFO:root_logger	Filling items from page #171
01:15:52 INFO:root_logger	Filling items from page #172
01:16:21 INFO:root_logger	Filling items from page #173
01:16:48 INFO:root_logger	Filling items from page #174
01:17:17 INFO:root_logger	Filling items from page #175
01:17:46 INFO:root_logger	Filling items from page #176
01:18:15 INFO:root_logger	Filling items from page #177
01:18:44 INFO:root_logger	Filling items from page #178
01:19:15 INFO:root_logger	Filling items from page #179
01:19:43 INFO:root_logger	Filling items from page #180
01:20:11 INFO:root_logger	Filling items from page #181
01:20:40 INFO:root_logger	Filling items from page #182
01:21:12 INFO:root_logger	Filling items from page #183
01:21:41 INFO:root_logger	Filling items from page #184
01:22:12 INFO:root_logger	Filling items from page #185
01:22:42 INFO:root_logger	Filling items from page #186
01:23:12 INFO:root_logger	Filling items from page #187
01:23:42 INFO:root_logger	Filling items from page #188
01:24:12 INFO:root_logger	Filling items from page #189
01:24:41 INFO:root_logger	Filling items from page #190
01:25:10 INFO:root_logger	Filling items from page #191
01:25:44 INFO:root_logger	Filling items from page #192
01:26:15 INFO:root_logger	Filling items from page #193
01:26:46 INFO:root_logger	Filling items from page #194
01:27:17 INFO:root_logger	Filling items from page #195
01:27:53 INFO:root_logger	Filling items from page #196
01:28:25 INFO:root_logger	Filling items from page #197
01:28:56 INFO:root_logger	Filling items from page #198
01:29:29 INFO:root_logger	Filling items from page #199
01:30:00 INFO:root_logger	Filling items from page #200
01:30:32 INFO:root_logger	Filling items from page #201
01:31:05 INFO:root_logger	Filling items from page #202
01:31:38 INFO:root_logger	Filling items from page #203
01:32:12 INFO:root_logger	Filling items from page #204
01:32:51 INFO:root_logger	Filling items from page #205
01:33:23 INFO:root_logger	Filling items from page #206
01:33:57 INFO:root_logger	Filling items from page #207
01:34:31 INFO:root_logger	Filling items from page #208
01:35:05 INFO:root_logger	Filling items from page #209
01:35:38 INFO:root_logger	Filling items from page #210
01:36:10 INFO:root_logger	Filling items from page #211
01:36:43 INFO:root_logger	Filling items from page #212
01:37:16 INFO:root_logger	Filling items from page #213
01:37:57 INFO:root_logger	Filling items from page #214
01:38:31 INFO:root_logger	Filling items from page #215
01:39:06 INFO:root_logger	Filling items from page #216
01:39:39 INFO:root_logger	Filling items from page #217
01:40:13 INFO:root_logger	Filling items from page #218
01:40:48 INFO:root_logger	Filling items from page #219
01:41:21 INFO:root_logger	Filling items from page #220
01:41:55 INFO:root_logger	Filling items from page #221
01:42:34 INFO:root_logger	Filling items from page #222
01:43:09 INFO:root_logger	Filling items from page #223
01:43:44 INFO:root_logger	Filling items from page #224
01:44:19 INFO:root_logger	Filling items from page #225
01:44:53 INFO:root_logger	Filling items from page #226
01:45:28 INFO:root_logger	Filling items from page #227
01:46:03 INFO:root_logger	Filling items from page #228
01:46:38 INFO:root_logger	Filling items from page #229
01:47:12 INFO:root_logger	Filling items from page #230
01:47:47 INFO:root_logger	Filling items from page #231
01:48:22 INFO:root_logger	Filling items from page #232
01:48:57 INFO:root_logger	Filling items from page #233
01:49:32 INFO:root_logger	Filling items from page #234
01:50:08 INFO:root_logger	Filling items from page #235
01:50:43 INFO:root_logger	Filling items from page #236
01:51:18 INFO:root_logger	Filling items from page #237
01:51:54 INFO:root_logger	Filling items from page #238
01:52:29 INFO:root_logger	Filling items from page #239
01:53:06 INFO:root_logger	Filling items from page #240
01:53:43 INFO:root_logger	Filling items from page #241
01:54:20 INFO:root_logger	Filling items from page #242
01:54:56 INFO:root_logger	Filling items from page #243
01:55:34 INFO:root_logger	Filling items from page #244
01:56:11 INFO:root_logger	Filling items from page #245
01:56:48 INFO:root_logger	Filling items from page #246
01:57:25 INFO:root_logger	Filling items from page #247
01:58:03 INFO:root_logger	Filling items from page #248
01:58:40 INFO:root_logger	Filling items from page #249
01:59:18 INFO:root_logger	Filling items from page #250
01:59:56 INFO:root_logger	Filling items from page #251
02:00:33 INFO:root_logger	Filling items from page #252
02:01:12 INFO:root_logger	Filling items from page #253
02:01:50 INFO:root_logger	Filling items from page #254
02:02:29 INFO:root_logger	Filling items from page #255
02:03:06 INFO:root_logger	Filling items from page #256
02:03:48 INFO:root_logger	Filling items from page #257
02:04:25 INFO:root_logger	Filling items from page #258
02:05:04 INFO:root_logger	Filling items from page #259
02:05:43 INFO:root_logger	Filling items from page #260
02:06:22 INFO:root_logger	Filling items from page #261
02:07:00 INFO:root_logger	Filling items from page #262
02:07:40 INFO:root_logger	Filling items from page #263
02:08:20 INFO:root_logger	Filling items from page #264
02:08:59 INFO:root_logger	Filling items from page #265
02:09:38 INFO:root_logger	Filling items from page #266
02:10:17 INFO:root_logger	Filling items from page #267
02:10:57 INFO:root_logger	Filling items from page #268
02:11:36 INFO:root_logger	Filling items from page #269
02:12:16 INFO:root_logger	Filling items from page #270
02:12:55 INFO:root_logger	Filling items from page #271
02:13:36 INFO:root_logger	Filling items from page #272
02:14:16 INFO:root_logger	Filling items from page #273
02:14:57 INFO:root_logger	Filling items from page #274
02:15:38 INFO:root_logger	Filling items from page #275
02:16:17 INFO:root_logger	Filling items from page #276
02:16:58 INFO:root_logger	Filling items from page #277
02:17:37 INFO:root_logger	Filling items from page #278
02:18:18 INFO:root_logger	Filling items from page #279
02:18:59 INFO:root_logger	Filling items from page #280
02:19:40 INFO:root_logger	Filling items from page #281
02:20:21 INFO:root_logger	Filling items from page #282
02:21:03 INFO:root_logger	Filling items from page #283
02:21:44 INFO:root_logger	Filling items from page #284
02:22:25 INFO:root_logger	Filling items from page #285
02:23:07 INFO:root_logger	Filling items from page #286
02:23:50 INFO:root_logger	Filling items from page #287
02:24:30 INFO:root_logger	Filling items from page #288
02:25:12 INFO:root_logger	Filling items from page #289
02:25:54 INFO:root_logger	Filling items from page #290
02:26:36 INFO:root_logger	Filling items from page #291
02:27:19 INFO:root_logger	Filling items from page #292
02:28:01 INFO:root_logger	Filling items from page #293
02:28:44 INFO:root_logger	Filling items from page #294
02:29:27 INFO:root_logger	Filling items from page #295
02:30:10 INFO:root_logger	Filling items from page #296
02:30:54 INFO:root_logger	Filling items from page #297
02:31:37 INFO:root_logger	Filling items from page #298
02:32:21 INFO:root_logger	Filling items from page #299
02:33:05 INFO:root_logger	Filling items from page #300
02:33:48 INFO:root_logger	Filling items from page #301
02:34:31 INFO:root_logger	Filling items from page #302
02:35:13 INFO:root_logger	Filling items from page #303
02:35:57 INFO:root_logger	Filling items from page #304
02:36:41 INFO:root_logger	Filling items from page #305
02:37:24 INFO:root_logger	Filling items from page #306
02:38:09 INFO:root_logger	Filling items from page #307
02:38:54 INFO:root_logger	Filling items from page #308
02:39:39 INFO:root_logger	Filling items from page #309
02:40:25 INFO:root_logger	Filling items from page #310
02:41:10 INFO:root_logger	Filling items from page #311
02:41:54 INFO:root_logger	Filling items from page #312
02:42:39 INFO:root_logger	Filling items from page #313
02:43:25 INFO:root_logger	Filling items from page #314
02:44:10 INFO:root_logger	Filling items from page #315
02:44:56 INFO:root_logger	Filling items from page #316
02:45:39 INFO:root_logger	Filling items from page #317
02:46:27 INFO:root_logger	Filling items from page #318
02:47:12 INFO:root_logger	Filling items from page #319
02:47:58 INFO:root_logger	Filling items from page #320
02:48:44 INFO:root_logger	Filling items from page #321
02:49:29 INFO:root_logger	Filling items from page #322
02:50:16 INFO:root_logger	Filling items from page #323
02:51:03 INFO:root_logger	Filling items from page #324
02:51:49 INFO:root_logger	Filling items from page #325
02:52:36 INFO:root_logger	Filling items from page #326
02:53:23 INFO:root_logger	Filling items from page #327
02:54:10 INFO:root_logger	Filling items from page #328
02:54:58 INFO:root_logger	Filling items from page #329
02:55:44 INFO:root_logger	Filling items from page #330
02:56:34 INFO:root_logger	Filling items from page #331
02:57:21 INFO:root_logger	Filling items from page #332
02:58:08 INFO:root_logger	Filling items from page #333
02:58:55 INFO:root_logger	Filling items from page #334
02:59:42 INFO:root_logger	Filling items from page #335
03:00:30 INFO:root_logger	Filling items from page #336
03:01:18 INFO:root_logger	Filling items from page #337
03:02:07 INFO:root_logger	Filling items from page #338
03:02:57 INFO:root_logger	Filling items from page #339
03:03:49 INFO:root_logger	Filling items from page #340
03:04:38 INFO:root_logger	Filling items from page #341
03:05:26 INFO:root_logger	Filling items from page #342
03:06:16 INFO:root_logger	Filling items from page #343
03:06:52 INFO:root_logger	Filling items from page #344
03:07:00 INFO:root_logger	Filling items from page #345
03:07:09 INFO:root_logger	Filling items from page #346
03:07:18 INFO:root_logger	Filling items from page #347
03:07:27 INFO:root_logger	Filling items from page #348
03:07:36 INFO:root_logger	Filling items from page #349
03:07:45 INFO:root_logger	Filling items from page #350
03:07:55 INFO:root_logger	Filling items from page #351
03:08:04 INFO:root_logger	Filling items from page #352
03:08:14 INFO:root_logger	Filling items from page #353
03:08:27 INFO:root_logger	Filling items from page #354
03:08:37 INFO:root_logger	Filling items from page #355
03:08:47 INFO:root_logger	Filling items from page #356
03:08:58 INFO:root_logger	Filling items from page #357
03:09:08 INFO:root_logger	Filling items from page #358
03:09:19 INFO:root_logger	Filling items from page #359
03:09:29 INFO:root_logger	Filling items from page #360
03:09:45 INFO:root_logger	Filling items from page #361
03:09:56 INFO:root_logger	Filling items from page #362
03:10:07 INFO:root_logger	Filling items from page #363
03:10:19 INFO:root_logger	Filling items from page #364
03:10:31 INFO:root_logger	Filling items from page #365
03:10:43 INFO:root_logger	Filling items from page #366
03:10:54 INFO:root_logger	Filling items from page #367
03:11:17 INFO:root_logger	Filling items from page #368
03:11:29 INFO:root_logger	Filling items from page #369
03:11:41 INFO:root_logger	Filling items from page #370
03:11:53 INFO:root_logger	Filling items from page #371
03:12:06 INFO:root_logger	Filling items from page #372
03:12:19 INFO:root_logger	Filling items from page #373
03:12:32 INFO:root_logger	Filling items from page #374
