15:43:58 INFO:root_logger	Starting script...
15:43:58 DEBUG:root_logger	DISPLAY=False, SORT=False, current_page=85, num_iterations=100
15:45:04 INFO:root_logger	65.60054326057434 seconds elapsed

15:45:39 INFO:root_logger	Starting script...
15:45:39 DEBUG:root_logger	DISPLAY=False, SORT=False, current_page=85, num_iterations=100
15:46:22 DEBUG:root_logger	Initalized scraper
15:46:22 INFO:root_logger	Iterating for 2 times
15:46:22 INFO:root_logger	Current Page - 85, Final Page - 86
15:46:22 INFO:root_logger	Filling items from page #85
15:46:32 INFO:root_logger	Fetched items from page #85 (1/100)
15:46:40 DEBUG:root_logger	Cant find element for item Festive Butcher Bird Minigun (Well-Worn)
15:46:40 DEBUG:root_logger	Loop iteration #1 unsuccessful; stop=True
15:46:42 DEBUG:root_logger	Cant find element for item Festive Butcher Bird Minigun (Well-Worn)
15:46:42 DEBUG:root_logger	Failed twice - Index #1 popped from list
15:46:49 DEBUG:root_logger	Cant find element for item Festive Airwolf Wrench (Well-Worn)
15:46:49 DEBUG:root_logger	Loop iteration #1 unsuccessful; stop=True
15:46:51 DEBUG:root_logger	Cant find element for item Festive Airwolf Wrench (Well-Worn)
15:46:51 DEBUG:root_logger	Failed twice - Index #2 popped from list
15:46:57 DEBUG:root_logger	Cant find element for item Festive King of the Jungle Minigun (Well-Worn)
15:46:57 DEBUG:root_logger	Loop iteration #1 unsuccessful; stop=True
15:46:59 DEBUG:root_logger	Cant find element for item Festive King of the Jungle Minigun (Well-Worn)
15:46:59 DEBUG:root_logger	Failed twice - Index #3 popped from list
15:47:06 DEBUG:root_logger	Cant find element for item Festive Mayor Revolver (Minimal Wear)
15:47:06 DEBUG:root_logger	Loop iteration #1 unsuccessful; stop=True
15:47:08 DEBUG:root_logger	Cant find element for item Festive Mayor Revolver (Minimal Wear)
15:47:08 DEBUG:root_logger	Failed twice - Index #4 popped from list
15:47:19 DEBUG:root_logger	Cant find element for item Festive Autumn Flame Thrower (Well-Worn)
15:47:19 DEBUG:root_logger	Loop iteration #1 unsuccessful; stop=True
15:47:21 DEBUG:root_logger	Cant find element for item Festive Autumn Flame Thrower (Well-Worn)
15:47:21 DEBUG:root_logger	Failed twice - Index #6 popped from list
15:48:10 DEBUG:root_logger	Cant find element for item Festive Wildwood Revolver (Well-Worn)
15:48:10 DEBUG:root_logger	Loop iteration #1 unsuccessful; stop=True
15:48:12 DEBUG:root_logger	Cant find element for item Festive Wildwood Revolver (Well-Worn)
15:48:15 DEBUG:root_logger	Failed twice - Index #17 popped from list
15:48:46 DEBUG:root_logger	Cant find element for item Festive Macabre Web Revolver (Battle Scarred)
15:48:46 DEBUG:root_logger	Loop iteration #1 unsuccessful; stop=True
15:48:48 DEBUG:root_logger	Cant find element for item Festive Macabre Web Revolver (Battle Scarred)
15:48:48 DEBUG:root_logger	Failed twice - Index #24 popped from list
15:48:58 DEBUG:root_logger	Cant find element for item Festive Nutcracker Wrench (Battle Scarred)
15:48:58 DEBUG:root_logger	Loop iteration #1 unsuccessful; stop=True
15:49:00 DEBUG:root_logger	Cant find element for item Festive Nutcracker Wrench (Battle Scarred)
15:49:00 DEBUG:root_logger	Failed twice - Index #26 popped from list
15:49:02 DEBUG:root_logger	Cant find element for item Festive Spruce Deuce Scattergun (Well-Worn)
15:49:02 DEBUG:root_logger	Loop iteration #1 unsuccessful; stop=True
15:49:04 DEBUG:root_logger	Cant find element for item Festive Spruce Deuce Scattergun (Well-Worn)
15:49:04 DEBUG:root_logger	Failed twice - Index #26 popped from list
15:49:08 INFO:root_logger	fillRealPrices() exited correctly
15:49:08 INFO:root_logger	Filling items from page #86
15:49:10 INFO:root_logger	Fetched items from page #86 (2/100)
15:49:20 DEBUG:root_logger	Cant find element for item Festive Dressed to Kill Wrench (Field-Tested)
15:49:20 DEBUG:root_logger	Loop iteration #1 unsuccessful; stop=True
15:49:22 DEBUG:root_logger	Cant find element for item Festive Dressed to Kill Wrench (Field-Tested)
15:49:22 DEBUG:root_logger	Failed twice - Index #2 popped from list
15:49:28 DEBUG:root_logger	Cant find element for item Festive Brain Candy Rocket Launcher (Minimal Wear)
15:49:28 DEBUG:root_logger	Loop iteration #1 unsuccessful; stop=True
15:49:30 DEBUG:root_logger	Cant find element for item Festive Brain Candy Rocket Launcher (Minimal Wear)
15:49:30 DEBUG:root_logger	Failed twice - Index #3 popped from list
15:49:35 DEBUG:root_logger	Cant find element for item Festive Corsair Scattergun (Field-Tested)
15:49:35 DEBUG:root_logger	Loop iteration #1 unsuccessful; stop=True
15:49:37 DEBUG:root_logger	Cant find element for item Festive Corsair Scattergun (Field-Tested)
15:49:37 DEBUG:root_logger	Failed twice - Index #4 popped from list
15:49:43 DEBUG:root_logger	Cant find element for item Festive Butcher Bird Grenade Launcher (Well-Worn)
15:49:43 DEBUG:root_logger	Loop iteration #1 unsuccessful; stop=True
15:49:45 DEBUG:root_logger	Cant find element for item Festive Butcher Bird Grenade Launcher (Well-Worn)
15:49:45 DEBUG:root_logger	Failed twice - Index #5 popped from list
15:49:50 DEBUG:root_logger	Cant find element for item Festive Spark of Life Medi Gun (Field-Tested)
15:49:50 DEBUG:root_logger	Loop iteration #1 unsuccessful; stop=True
15:49:52 DEBUG:root_logger	Cant find element for item Festive Spark of Life Medi Gun (Field-Tested)
15:49:52 DEBUG:root_logger	Failed twice - Index #6 popped from list
15:50:18 DEBUG:root_logger	Cant find element for item Night Owl Mk.II Wrench
15:50:18 DEBUG:root_logger	Loop iteration #1 unsuccessful; stop=True
15:50:20 DEBUG:root_logger	Cant find element for item Night Owl Mk.II Wrench
15:50:20 DEBUG:root_logger	Failed twice - Index #12 popped from list
15:51:01 DEBUG:root_logger	Cant find element for item Festive Flower Power Scattergun (Well-Worn)
15:51:01 DEBUG:root_logger	Loop iteration #1 unsuccessful; stop=True
15:51:03 DEBUG:root_logger	Cant find element for item Festive Flower Power Scattergun (Well-Worn)
15:51:03 DEBUG:root_logger	Failed twice - Index #22 popped from list
15:51:05 DEBUG:root_logger	Cant find element for item Strange Festive Antique Annihilator Minigun (Field-Tested)
15:51:05 DEBUG:root_logger	Loop iteration #1 unsuccessful; stop=True
15:51:07 DEBUG:root_logger	Cant find element for item Strange Festive Antique Annihilator Minigun (Field-Tested)
15:51:07 DEBUG:root_logger	Failed twice - Index #22 popped from list
15:51:08 DEBUG:root_logger	Cant find element for item Strange Nutcracker Pistol (Battle Scarred)
15:51:08 DEBUG:root_logger	Loop iteration #1 unsuccessful; stop=True
15:51:11 DEBUG:root_logger	Cant find element for item Strange Nutcracker Pistol (Battle Scarred)
15:51:11 DEBUG:root_logger	Failed twice - Index #22 popped from list
15:51:20 DEBUG:root_logger	Cant find element for item Festive Dressed to Kill Minigun (Field-Tested)
15:51:20 DEBUG:root_logger	Loop iteration #1 unsuccessful; stop=True
15:51:22 DEBUG:root_logger	Cant find element for item Festive Dressed to Kill Minigun (Field-Tested)
15:51:22 DEBUG:root_logger	Failed twice - Index #24 popped from list
15:51:28 DEBUG:root_logger	Cant find element for item Festive Citizen Pain Minigun (Minimal Wear)
15:51:28 DEBUG:root_logger	Loop iteration #1 unsuccessful; stop=True
15:51:30 DEBUG:root_logger	Cant find element for item Festive Citizen Pain Minigun (Minimal Wear)
15:51:30 DEBUG:root_logger	Failed twice - Index #25 popped from list
15:51:30 INFO:root_logger	fillRealPrices() exited correctly
15:51:30 DEBUG:root_logger	Saved lists
15:51:30 INFO:root_logger	Iterating for 2 times
15:51:30 INFO:root_logger	Current Page - 87, Final Page - 88
15:51:30 INFO:root_logger	Filling items from page #87
15:51:35 INFO:root_logger	Fetched items from page #87 (3/100)
15:51:37 DEBUG:root_logger	Cant find element for item Festive Hickory Hole-Puncher Pistol (Factory New)
15:51:37 DEBUG:root_logger	Loop iteration #1 unsuccessful; stop=True
15:51:39 DEBUG:root_logger	Cant find element for item Festive Hickory Hole-Puncher Pistol (Factory New)
15:51:39 DEBUG:root_logger	Failed twice - Index #0 popped from list
15:51:40 DEBUG:root_logger	Cant find element for item Festive Coffin Nail Shotgun (Field-Tested)
15:51:40 DEBUG:root_logger	Loop iteration #1 unsuccessful; stop=True
15:51:42 DEBUG:root_logger	Cant find element for item Festive Coffin Nail Shotgun (Field-Tested)
15:51:42 DEBUG:root_logger	Failed twice - Index #0 popped from list
15:51:43 DEBUG:root_logger	Cant find element for item Festive Dressed to Kill Wrench (Minimal Wear)
15:51:43 DEBUG:root_logger	Loop iteration #1 unsuccessful; stop=True
15:51:46 DEBUG:root_logger	Cant find element for item Festive Dressed to Kill Wrench (Minimal Wear)
15:51:46 DEBUG:root_logger	Failed twice - Index #0 popped from list
15:51:51 DEBUG:root_logger	Cant find element for item Festive Masked Mender Medi Gun (Field-Tested)
15:51:51 DEBUG:root_logger	Loop iteration #1 unsuccessful; stop=True
15:51:53 DEBUG:root_logger	Cant find element for item Festive Masked Mender Medi Gun (Field-Tested)
15:51:53 DEBUG:root_logger	Failed twice - Index #1 popped from list
15:51:58 DEBUG:root_logger	Cant find element for item Festive Civic Duty Shotgun (Field-Tested)
15:51:58 DEBUG:root_logger	Loop iteration #1 unsuccessful; stop=True
15:52:00 DEBUG:root_logger	Cant find element for item Festive Civic Duty Shotgun (Field-Tested)
15:52:00 DEBUG:root_logger	Failed twice - Index #2 popped from list
15:52:02 DEBUG:root_logger	Cant find element for item Festive Mister Cuddles Minigun (Battle Scarred)
15:52:02 DEBUG:root_logger	Loop iteration #1 unsuccessful; stop=True
15:52:04 DEBUG:root_logger	Cant find element for item Festive Mister Cuddles Minigun (Battle Scarred)
15:52:04 DEBUG:root_logger	Failed twice - Index #2 popped from list
15:52:13 DEBUG:root_logger	Cant find element for item Festive Blue Mew Pistol (Well-Worn)
15:52:13 DEBUG:root_logger	Loop iteration #1 unsuccessful; stop=True
15:52:15 DEBUG:root_logger	Cant find element for item Festive Blue Mew Pistol (Well-Worn)
15:52:15 DEBUG:root_logger	Failed twice - Index #4 popped from list
15:52:16 DEBUG:root_logger	Cant find element for item Festive Airwolf Knife (Field-Tested)
15:52:16 DEBUG:root_logger	Loop iteration #1 unsuccessful; stop=True
15:52:18 DEBUG:root_logger	Cant find element for item Festive Airwolf Knife (Field-Tested)
15:52:18 DEBUG:root_logger	Failed twice - Index #4 popped from list
15:52:20 DEBUG:root_logger	Cant find element for item Festive Carpet Bomber Stickybomb Launcher (Well-Worn)
15:52:20 DEBUG:root_logger	Loop iteration #1 unsuccessful; stop=True
15:52:22 DEBUG:root_logger	Cant find element for item Festive Carpet Bomber Stickybomb Launcher (Well-Worn)
15:52:22 DEBUG:root_logger	Failed twice - Index #4 popped from list
15:52:31 DEBUG:root_logger	Cant find element for item Festive Dressed to Kill Stickybomb Launcher (Minimal Wear)
15:52:31 DEBUG:root_logger	Loop iteration #1 unsuccessful; stop=True
15:52:33 DEBUG:root_logger	Cant find element for item Festive Dressed to Kill Stickybomb Launcher (Minimal Wear)
15:52:33 DEBUG:root_logger	Failed twice - Index #6 popped from list
15:52:53 DEBUG:root_logger	Cant find element for item Cardboard Boxed Iron Bomber (Battle Scarred)
15:52:53 DEBUG:root_logger	Loop iteration #1 unsuccessful; stop=True
15:52:55 DEBUG:root_logger	Cant find element for item Cardboard Boxed Iron Bomber (Battle Scarred)
15:52:55 DEBUG:root_logger	Failed twice - Index #10 popped from list
15:53:12 DEBUG:root_logger	Cant find element for item Civil Servant Mk.II Scattergun
15:53:12 DEBUG:root_logger	Loop iteration #1 unsuccessful; stop=True
15:53:14 DEBUG:root_logger	Cant find element for item Civil Servant Mk.II Scattergun
15:53:14 DEBUG:root_logger	Failed twice - Index #14 popped from list
15:53:43 DEBUG:root_logger	Cant find element for item Mannana Peeled Degreaser (Well-Worn)
15:53:43 DEBUG:root_logger	Loop iteration #1 unsuccessful; stop=True
15:53:45 DEBUG:root_logger	Cant find element for item Mannana Peeled Degreaser (Well-Worn)
15:53:45 DEBUG:root_logger	Failed twice - Index #21 popped from list
15:53:53 INFO:root_logger	fillRealPrices() exited correctly
15:53:53 INFO:root_logger	Filling items from page #88
15:53:56 INFO:root_logger	Fetched items from page #88 (4/100)
15:54:41 DEBUG:root_logger	Cant find element for item Strange Festive Antique Annihilator Minigun (Well-Worn)
15:54:41 DEBUG:root_logger	Loop iteration #1 unsuccessful; stop=True
15:54:43 DEBUG:root_logger	Cant find element for item Strange Festive Antique Annihilator Minigun (Well-Worn)
15:54:43 DEBUG:root_logger	Failed twice - Index #11 popped from list
15:55:11 DEBUG:root_logger	Cant find element for item Kill Covered Scorch Shot (Field-Tested)
15:55:11 DEBUG:root_logger	Loop iteration #1 unsuccessful; stop=True
15:55:13 DEBUG:root_logger	Cant find element for item Kill Covered Scorch Shot (Field-Tested)
15:55:13 DEBUG:root_logger	Failed twice - Index #18 popped from list
15:55:26 DEBUG:root_logger	Cant find element for item Festive Coffin Nail Grenade Launcher (Battle Scarred)
15:55:26 DEBUG:root_logger	Loop iteration #1 unsuccessful; stop=True
15:55:28 DEBUG:root_logger	Cant find element for item Festive Coffin Nail Grenade Launcher (Battle Scarred)
15:55:28 DEBUG:root_logger	Failed twice - Index #21 popped from list
15:55:34 DEBUG:root_logger	Cant find element for item Strange Nutcracker Flame Thrower (Battle Scarred)
15:55:34 DEBUG:root_logger	Loop iteration #1 unsuccessful; stop=True
15:55:36 DEBUG:root_logger	Cant find element for item Strange Nutcracker Flame Thrower (Battle Scarred)
15:55:36 DEBUG:root_logger	Failed twice - Index #22 popped from list
15:55:37 DEBUG:root_logger	Cant find element for item Killstreak Pumpkin Patch Sniper Rifle (Battle Scarred)
15:55:37 DEBUG:root_logger	Loop iteration #1 unsuccessful; stop=True
15:55:39 DEBUG:root_logger	Cant find element for item Killstreak Pumpkin Patch Sniper Rifle (Battle Scarred)
15:55:39 DEBUG:root_logger	Failed twice - Index #22 popped from list
15:55:45 DEBUG:root_logger	Cant find element for item Festive Sandstone Special Pistol (Field-Tested)
15:55:45 DEBUG:root_logger	Loop iteration #1 unsuccessful; stop=True
15:55:47 DEBUG:root_logger	Cant find element for item Festive Sandstone Special Pistol (Field-Tested)
15:55:47 DEBUG:root_logger	Failed twice - Index #23 popped from list
15:55:48 DEBUG:root_logger	Cant find element for item Festive Blasted Bombardier Stickybomb Launcher (Field-Tested)
15:55:48 DEBUG:root_logger	Loop iteration #1 unsuccessful; stop=True
15:55:50 DEBUG:root_logger	Cant find element for item Festive Blasted Bombardier Stickybomb Launcher (Field-Tested)
15:55:50 DEBUG:root_logger	Failed twice - Index #23 popped from list
15:55:56 DEBUG:root_logger	Cant find element for item Festive Plaid Potshotter SMG (Field-Tested)
15:55:56 DEBUG:root_logger	Loop iteration #1 unsuccessful; stop=True
15:55:58 DEBUG:root_logger	Cant find element for item Festive Plaid Potshotter SMG (Field-Tested)
15:55:58 DEBUG:root_logger	Failed twice - Index #24 popped from list
15:55:59 DEBUG:root_logger	Cant find element for item Festive Earth, Sky and Fire Flame Thrower (Field-Tested)
15:55:59 DEBUG:root_logger	Loop iteration #1 unsuccessful; stop=True
15:56:01 DEBUG:root_logger	Cant find element for item Festive Earth, Sky and Fire Flame Thrower (Field-Tested)
15:56:01 DEBUG:root_logger	Failed twice - Index #24 popped from list
15:56:03 DEBUG:root_logger	Cant find element for item Festive Iron Wood Minigun (Well-Worn)
15:56:03 DEBUG:root_logger	Loop iteration #1 unsuccessful; stop=True
15:56:05 DEBUG:root_logger	Cant find element for item Festive Iron Wood Minigun (Well-Worn)
15:56:05 DEBUG:root_logger	Failed twice - Index #24 popped from list
15:56:13 INFO:root_logger	fillRealPrices() exited correctly
15:56:13 DEBUG:root_logger	Saved lists
15:56:13 INFO:root_logger	Iterating for 2 times
15:56:13 INFO:root_logger	Current Page - 89, Final Page - 90
15:56:13 INFO:root_logger	Filling items from page #89
15:56:15 INFO:root_logger	Fetched items from page #89 (5/100)
15:56:16 DEBUG:root_logger	Cant find element for item Festive Woodland Warrior Rocket Launcher (Battle Scarred)
15:56:16 DEBUG:root_logger	Loop iteration #1 unsuccessful; stop=True
15:56:18 DEBUG:root_logger	Cant find element for item Festive Woodland Warrior Rocket Launcher (Battle Scarred)
15:56:18 DEBUG:root_logger	Failed twice - Index #0 popped from list
15:56:20 DEBUG:root_logger	Cant find element for item Festive Killstreak Lightning Rod Shotgun (Well-Worn)
15:56:20 DEBUG:root_logger	Loop iteration #1 unsuccessful; stop=True
15:56:22 DEBUG:root_logger	Cant find element for item Festive Killstreak Lightning Rod Shotgun (Well-Worn)
15:56:22 DEBUG:root_logger	Failed twice - Index #0 popped from list
15:56:23 DEBUG:root_logger	Cant find element for item Festive Coffin Nail Sniper Rifle (Field-Tested)
15:56:23 DEBUG:root_logger	Loop iteration #1 unsuccessful; stop=True
15:56:25 DEBUG:root_logger	Cant find element for item Festive Coffin Nail Sniper Rifle (Field-Tested)
15:56:25 DEBUG:root_logger	Failed twice - Index #0 popped from list
15:56:27 DEBUG:root_logger	Cant find element for item Festive Sandstone Special Pistol (Well-Worn)
15:56:27 DEBUG:root_logger	Loop iteration #1 unsuccessful; stop=True
15:56:29 DEBUG:root_logger	Cant find element for item Festive Sandstone Special Pistol (Well-Worn)
15:56:29 DEBUG:root_logger	Failed twice - Index #0 popped from list
15:56:34 DEBUG:root_logger	Cant find element for item Strange Festive Mayor Revolver (Battle Scarred)
15:56:34 DEBUG:root_logger	Loop iteration #1 unsuccessful; stop=True
15:56:36 DEBUG:root_logger	Cant find element for item Strange Festive Mayor Revolver (Battle Scarred)
15:56:36 DEBUG:root_logger	Failed twice - Index #1 popped from list
15:56:38 DEBUG:root_logger	Cant find element for item Festive Coffin Nail Revolver (Field-Tested)
15:56:38 DEBUG:root_logger	Loop iteration #1 unsuccessful; stop=True
15:56:40 DEBUG:root_logger	Cant find element for item Festive Coffin Nail Revolver (Field-Tested)
15:56:40 DEBUG:root_logger	Failed twice - Index #1 popped from list
15:56:41 DEBUG:root_logger	Cant find element for item Festive Mayor Revolver (Well-Worn)
15:56:41 DEBUG:root_logger	Loop iteration #1 unsuccessful; stop=True
15:56:43 DEBUG:root_logger	Cant find element for item Festive Mayor Revolver (Well-Worn)
15:56:43 DEBUG:root_logger	Failed twice - Index #1 popped from list
15:56:45 DEBUG:root_logger	Cant find element for item Strange Festive Nutcracker Flame Thrower (Well-Worn)
15:56:45 DEBUG:root_logger	Loop iteration #1 unsuccessful; stop=True
15:56:47 DEBUG:root_logger	Cant find element for item Strange Festive Nutcracker Flame Thrower (Well-Worn)
15:56:47 DEBUG:root_logger	Failed twice - Index #1 popped from list
15:56:48 DEBUG:root_logger	Cant find element for item Festive Blitzkrieg Pistol (Field-Tested)
15:56:48 DEBUG:root_logger	Loop iteration #1 unsuccessful; stop=True
15:56:50 DEBUG:root_logger	Cant find element for item Festive Blitzkrieg Pistol (Field-Tested)
15:56:50 DEBUG:root_logger	Failed twice - Index #1 popped from list
15:57:30 DEBUG:root_logger	Cant find element for item Masked Mender Mk.II Shortstop (Battle Scarred)
15:57:30 DEBUG:root_logger	Loop iteration #1 unsuccessful; stop=True
15:57:32 DEBUG:root_logger	Cant find element for item Masked Mender Mk.II Shortstop (Battle Scarred)
15:57:32 DEBUG:root_logger	Failed twice - Index #11 popped from list
15:57:45 DEBUG:root_logger	Cant find element for item Killstreak Macabre Web Revolver (Battle Scarred)
15:57:45 DEBUG:root_logger	Loop iteration #1 unsuccessful; stop=True
15:57:47 DEBUG:root_logger	Cant find element for item Killstreak Macabre Web Revolver (Battle Scarred)
15:57:47 DEBUG:root_logger	Failed twice - Index #14 popped from list
15:57:53 DEBUG:root_logger	Cant find element for item Autumn Mk.II Loose Cannon
15:57:53 DEBUG:root_logger	Loop iteration #1 unsuccessful; stop=True
15:57:55 DEBUG:root_logger	Cant find element for item Autumn Mk.II Loose Cannon
15:57:55 DEBUG:root_logger	Failed twice - Index #15 popped from list
15:58:19 DEBUG:root_logger	Cant find element for item Woodsy Widowmaker Mk.II Knife
15:58:19 DEBUG:root_logger	Loop iteration #1 unsuccessful; stop=True
15:58:21 DEBUG:root_logger	Cant find element for item Woodsy Widowmaker Mk.II Knife
15:58:21 DEBUG:root_logger	Failed twice - Index #21 popped from list
15:58:29 INFO:root_logger	fillRealPrices() exited correctly
15:58:29 INFO:root_logger	Filling items from page #90
15:58:32 INFO:root_logger	Fetched items from page #90 (6/100)
15:59:31 DEBUG:root_logger	Cant find element for item Strange Bamboo Brushed Flame Thrower (Minimal Wear)
15:59:31 DEBUG:root_logger	Loop iteration #1 unsuccessful; stop=True
15:59:33 DEBUG:root_logger	Cant find element for item Strange Bamboo Brushed Flame Thrower (Minimal Wear)
15:59:33 DEBUG:root_logger	Failed twice - Index #15 popped from list
15:59:46 DEBUG:root_logger	Cant find element for item Killstreak Wildwood SMG (Minimal Wear)
15:59:46 DEBUG:root_logger	Loop iteration #1 unsuccessful; stop=True
15:59:48 DEBUG:root_logger	Cant find element for item Killstreak Wildwood SMG (Minimal Wear)
15:59:48 DEBUG:root_logger	Failed twice - Index #18 popped from list
16:00:02 DEBUG:root_logger	Cant find element for item Festive Killstreak Nutcracker Scattergun (Minimal Wear)
16:00:02 DEBUG:root_logger	Loop iteration #1 unsuccessful; stop=True
16:00:04 DEBUG:root_logger	Cant find element for item Festive Killstreak Nutcracker Scattergun (Minimal Wear)
16:00:04 DEBUG:root_logger	Failed twice - Index #21 popped from list
16:00:09 DEBUG:root_logger	Cant find element for item Civil Servant Mk.II Claidheamh Mòr
16:00:09 DEBUG:root_logger	Loop iteration #1 unsuccessful; stop=True
16:00:11 DEBUG:root_logger	Cant find element for item Civil Servant Mk.II Claidheamh Mòr
16:00:11 DEBUG:root_logger	Failed twice - Index #22 popped from list
16:00:16 DEBUG:root_logger	Cant find element for item Festive Killstreak Nutcracker Wrench (Well-Worn)
16:00:16 DEBUG:root_logger	Loop iteration #1 unsuccessful; stop=True
16:00:18 DEBUG:root_logger	Cant find element for item Festive Killstreak Nutcracker Wrench (Well-Worn)
16:00:18 DEBUG:root_logger	Failed twice - Index #23 popped from list
16:00:20 DEBUG:root_logger	Cant find element for item Festive Coffin Nail Revolver (Well-Worn)
16:00:20 DEBUG:root_logger	Loop iteration #1 unsuccessful; stop=True
16:00:22 DEBUG:root_logger	Cant find element for item Festive Coffin Nail Revolver (Well-Worn)
16:00:22 DEBUG:root_logger	Failed twice - Index #23 popped from list
16:00:27 DEBUG:root_logger	Cant find element for item Festive Nutcracker Pistol (Minimal Wear)
16:00:27 DEBUG:root_logger	Loop iteration #1 unsuccessful; stop=True
16:00:29 DEBUG:root_logger	Cant find element for item Festive Nutcracker Pistol (Minimal Wear)
16:00:29 DEBUG:root_logger	Failed twice - Index #24 popped from list
16:00:31 DEBUG:root_logger	Cant find element for item Festive Old Country Revolver (Minimal Wear)
16:00:31 DEBUG:root_logger	Loop iteration #1 unsuccessful; stop=True
16:00:33 DEBUG:root_logger	Cant find element for item Festive Old Country Revolver (Minimal Wear)
16:00:33 DEBUG:root_logger	Failed twice - Index #24 popped from list
16:00:42 DEBUG:root_logger	Cant find element for item Festive Dressed to Kill Sniper Rifle (Field-Tested)
16:00:42 DEBUG:root_logger	Loop iteration #1 unsuccessful; stop=True
16:00:44 DEBUG:root_logger	Cant find element for item Festive Dressed to Kill Sniper Rifle (Field-Tested)
16:00:44 DEBUG:root_logger	Failed twice - Index #26 popped from list
16:00:45 DEBUG:root_logger	Cant find element for item Festive Brain Candy Pistol (Minimal Wear)
16:00:45 DEBUG:root_logger	Loop iteration #1 unsuccessful; stop=True
16:00:47 DEBUG:root_logger	Cant find element for item Festive Brain Candy Pistol (Minimal Wear)
16:00:47 DEBUG:root_logger	Failed twice - Index #26 popped from list
16:00:48 INFO:root_logger	fillRealPrices() exited correctly
16:00:48 DEBUG:root_logger	Saved lists
16:00:48 INFO:root_logger	Iterating for 2 times
16:00:48 INFO:root_logger	Current Page - 91, Final Page - 92
16:00:48 INFO:root_logger	Filling items from page #91
16:00:50 INFO:root_logger	Fetched items from page #91 (7/100)
16:00:51 DEBUG:root_logger	Cant find element for item Festive Wildwood SMG (Minimal Wear)
16:00:51 DEBUG:root_logger	Loop iteration #1 unsuccessful; stop=True
16:00:53 DEBUG:root_logger	Cant find element for item Festive Wildwood SMG (Minimal Wear)
16:00:53 DEBUG:root_logger	Failed twice - Index #0 popped from list
16:00:58 DEBUG:root_logger	Cant find element for item Festive Autumn Wrench (Minimal Wear)
16:00:58 DEBUG:root_logger	Loop iteration #1 unsuccessful; stop=True
16:01:01 DEBUG:root_logger	Cant find element for item Festive Autumn Wrench (Minimal Wear)
16:01:01 DEBUG:root_logger	Failed twice - Index #1 popped from list
16:01:02 DEBUG:root_logger	Cant find element for item Festive American Pastoral Rocket Launcher (Field-Tested)
16:01:02 DEBUG:root_logger	Loop iteration #1 unsuccessful; stop=True
16:01:04 DEBUG:root_logger	Cant find element for item Festive American Pastoral Rocket Launcher (Field-Tested)
16:01:04 DEBUG:root_logger	Failed twice - Index #1 popped from list
16:01:06 DEBUG:root_logger	Cant find element for item Festive Blue Mew Rocket Launcher (Field-Tested)
16:01:06 DEBUG:root_logger	Loop iteration #1 unsuccessful; stop=True
16:01:08 DEBUG:root_logger	Cant find element for item Festive Blue Mew Rocket Launcher (Field-Tested)
16:01:08 DEBUG:root_logger	Failed twice - Index #1 popped from list
16:01:13 DEBUG:root_logger	Cant find element for item Festive Autumn Rocket Launcher (Well-Worn)
16:01:13 DEBUG:root_logger	Loop iteration #1 unsuccessful; stop=True
16:01:15 DEBUG:root_logger	Cant find element for item Festive Autumn Rocket Launcher (Well-Worn)
16:01:15 DEBUG:root_logger	Failed twice - Index #2 popped from list
16:01:17 DEBUG:root_logger	Cant find element for item Star Crossed Jag (Battle Scarred)
16:01:17 DEBUG:root_logger	Loop iteration #1 unsuccessful; stop=True
16:01:19 DEBUG:root_logger	Cant find element for item Star Crossed Jag (Battle Scarred)
16:01:19 DEBUG:root_logger	Failed twice - Index #2 popped from list
16:01:44 DEBUG:root_logger	Cant find element for item Festive Killstreak Flower Power Revolver (Field-Tested)
16:01:44 DEBUG:root_logger	Loop iteration #1 unsuccessful; stop=True
16:01:46 DEBUG:root_logger	Cant find element for item Festive Killstreak Flower Power Revolver (Field-Tested)
16:01:46 DEBUG:root_logger	Failed twice - Index #8 popped from list
16:01:47 DEBUG:root_logger	Cant find element for item Festive Plaid Potshotter SMG (Battle Scarred)
16:01:47 DEBUG:root_logger	Loop iteration #1 unsuccessful; stop=True
16:01:49 DEBUG:root_logger	Cant find element for item Festive Plaid Potshotter SMG (Battle Scarred)
16:01:49 DEBUG:root_logger	Failed twice - Index #8 popped from list
16:01:58 DEBUG:root_logger	Cant find element for item Festive Pumpkin Patch Minigun (Well-Worn)
16:01:58 DEBUG:root_logger	Loop iteration #1 unsuccessful; stop=True
16:02:00 DEBUG:root_logger	Cant find element for item Festive Pumpkin Patch Minigun (Well-Worn)
16:02:00 DEBUG:root_logger	Failed twice - Index #10 popped from list
16:02:06 DEBUG:root_logger	Cant find element for item Festive Dressed to Kill Pistol (Field-Tested)
16:02:06 DEBUG:root_logger	Loop iteration #1 unsuccessful; stop=True
16:02:08 DEBUG:root_logger	Cant find element for item Festive Dressed to Kill Pistol (Field-Tested)
16:02:08 DEBUG:root_logger	Failed twice - Index #11 popped from list
16:02:09 DEBUG:root_logger	Cant find element for item Festive Wildwood Medi Gun (Well-Worn)
16:02:09 DEBUG:root_logger	Loop iteration #1 unsuccessful; stop=True
16:02:11 DEBUG:root_logger	Cant find element for item Festive Wildwood Medi Gun (Well-Worn)
16:02:11 DEBUG:root_logger	Failed twice - Index #11 popped from list
16:02:13 DEBUG:root_logger	Cant find element for item Festive Butcher Bird Grenade Launcher (Battle Scarred)
16:02:13 DEBUG:root_logger	Loop iteration #1 unsuccessful; stop=True
16:02:15 DEBUG:root_logger	Cant find element for item Festive Butcher Bird Grenade Launcher (Battle Scarred)
16:02:15 DEBUG:root_logger	Failed twice - Index #11 popped from list
16:02:24 DEBUG:root_logger	Cant find element for item Festive Nutcracker Pistol (Field-Tested)
16:02:24 DEBUG:root_logger	Loop iteration #1 unsuccessful; stop=True
16:02:26 DEBUG:root_logger	Cant find element for item Festive Nutcracker Pistol (Field-Tested)
16:02:26 DEBUG:root_logger	Failed twice - Index #13 popped from list
16:03:05 INFO:root_logger	fillRealPrices() exited correctly
16:03:05 INFO:root_logger	Filling items from page #92
16:03:07 INFO:root_logger	Fetched items from page #92 (8/100)
16:03:08 DEBUG:root_logger	Cant find element for item Festive Blue Mew Rocket Launcher (Well-Worn)
16:03:08 DEBUG:root_logger	Loop iteration #1 unsuccessful; stop=True
16:03:11 DEBUG:root_logger	Cant find element for item Festive Blue Mew Rocket Launcher (Well-Worn)
16:03:11 DEBUG:root_logger	Failed twice - Index #0 popped from list
16:03:35 DEBUG:root_logger	Cant find element for item Festive Brain Candy Minigun (Factory New)
16:03:35 DEBUG:root_logger	Loop iteration #1 unsuccessful; stop=True
16:03:37 DEBUG:root_logger	Cant find element for item Festive Brain Candy Minigun (Factory New)
16:03:37 DEBUG:root_logger	Failed twice - Index #6 popped from list
16:03:43 DEBUG:root_logger	Cant find element for item Night Owl Mk.II Shotgun
16:03:43 DEBUG:root_logger	Loop iteration #1 unsuccessful; stop=True
16:03:45 DEBUG:root_logger	Cant find element for item Night Owl Mk.II Shotgun
16:03:45 DEBUG:root_logger	Failed twice - Index #7 popped from list
16:04:05 DEBUG:root_logger	Cant find element for item Festive Backcountry Blaster Scattergun (Battle Scarred)
16:04:05 DEBUG:root_logger	Loop iteration #1 unsuccessful; stop=True
16:04:08 DEBUG:root_logger	Cant find element for item Festive Backcountry Blaster Scattergun (Battle Scarred)
16:04:08 DEBUG:root_logger	Failed twice - Index #12 popped from list
16:04:13 DEBUG:root_logger	Cant find element for item Festive Coffin Nail Flame Thrower (Field-Tested)
16:04:13 DEBUG:root_logger	Loop iteration #1 unsuccessful; stop=True
16:04:15 DEBUG:root_logger	Cant find element for item Festive Coffin Nail Flame Thrower (Field-Tested)
16:04:15 DEBUG:root_logger	Failed twice - Index #13 popped from list
16:04:16 DEBUG:root_logger	Cant find element for item Festive Backwoods Boomstick Shotgun (Field-Tested)
16:04:16 DEBUG:root_logger	Loop iteration #1 unsuccessful; stop=True
16:04:18 DEBUG:root_logger	Cant find element for item Festive Backwoods Boomstick Shotgun (Field-Tested)
16:04:18 DEBUG:root_logger	Failed twice - Index #13 popped from list
16:04:24 DEBUG:root_logger	Cant find element for item Festive Spark of Life Medi Gun (Minimal Wear)
16:04:24 DEBUG:root_logger	Loop iteration #1 unsuccessful; stop=True
16:04:26 DEBUG:root_logger	Cant find element for item Festive Spark of Life Medi Gun (Minimal Wear)
16:04:26 DEBUG:root_logger	Failed twice - Index #14 popped from list
16:04:27 DEBUG:root_logger	Cant find element for item Festive Torqued to Hell Wrench (Well-Worn)
16:04:27 DEBUG:root_logger	Loop iteration #1 unsuccessful; stop=True
16:04:29 DEBUG:root_logger	Cant find element for item Festive Torqued to Hell Wrench (Well-Worn)
16:04:29 DEBUG:root_logger	Failed twice - Index #14 popped from list
16:04:31 DEBUG:root_logger	Cant find element for item Festive Coffin Nail Minigun (Battle Scarred)
16:04:31 DEBUG:root_logger	Loop iteration #1 unsuccessful; stop=True
16:04:33 DEBUG:root_logger	Cant find element for item Festive Coffin Nail Minigun (Battle Scarred)
16:04:33 DEBUG:root_logger	Failed twice - Index #14 popped from list
16:04:34 DEBUG:root_logger	Cant find element for item Killstreak Old Country Revolver (Factory New)
16:04:34 DEBUG:root_logger	Loop iteration #1 unsuccessful; stop=True
16:04:36 DEBUG:root_logger	Cant find element for item Killstreak Old Country Revolver (Factory New)
16:04:36 DEBUG:root_logger	Failed twice - Index #14 popped from list
16:04:42 DEBUG:root_logger	Cant find element for item Festive Civil Servant Medi Gun (Field-Tested)
16:04:42 DEBUG:root_logger	Loop iteration #1 unsuccessful; stop=True
16:04:44 DEBUG:root_logger	Cant find element for item Festive Civil Servant Medi Gun (Field-Tested)
16:04:44 DEBUG:root_logger	Failed twice - Index #15 popped from list
16:04:45 DEBUG:root_logger	Cant find element for item Festive Airwolf Knife (Well-Worn)
16:04:45 DEBUG:root_logger	Loop iteration #1 unsuccessful; stop=True
16:04:47 DEBUG:root_logger	Cant find element for item Festive Airwolf Knife (Well-Worn)
16:04:47 DEBUG:root_logger	Failed twice - Index #15 popped from list
16:05:22 INFO:root_logger	fillRealPrices() exited correctly
16:05:22 DEBUG:root_logger	Saved lists
16:05:22 INFO:root_logger	Iterating for 2 times
16:05:22 INFO:root_logger	Current Page - 93, Final Page - 94
16:05:22 INFO:root_logger	Filling items from page #93
16:05:24 INFO:root_logger	Fetched items from page #93 (9/100)
16:06:16 DEBUG:root_logger	Cant find element for item Festive Autumn Stickybomb Launcher (Field-Tested)
16:06:16 DEBUG:root_logger	Loop iteration #1 unsuccessful; stop=True
16:06:18 DEBUG:root_logger	Cant find element for item Festive Autumn Stickybomb Launcher (Field-Tested)
16:06:18 DEBUG:root_logger	Failed twice - Index #13 popped from list
16:06:28 DEBUG:root_logger	Cant find element for item Festive Spruce Deuce Scattergun (Field-Tested)
16:06:28 DEBUG:root_logger	Loop iteration #1 unsuccessful; stop=True
16:06:30 DEBUG:root_logger	Cant find element for item Festive Spruce Deuce Scattergun (Field-Tested)
16:06:30 DEBUG:root_logger	Failed twice - Index #15 popped from list
16:06:51 DEBUG:root_logger	Cant find element for item Festive Smalltown Bringdown Rocket Launcher (Minimal Wear)
16:06:51 DEBUG:root_logger	Loop iteration #1 unsuccessful; stop=True
16:06:53 DEBUG:root_logger	Cant find element for item Festive Smalltown Bringdown Rocket Launcher (Minimal Wear)
16:06:53 DEBUG:root_logger	Failed twice - Index #20 popped from list
16:06:54 DEBUG:root_logger	Cant find element for item Festive Night Owl Sniper Rifle (Well-Worn)
16:06:54 DEBUG:root_logger	Loop iteration #1 unsuccessful; stop=True
16:06:56 DEBUG:root_logger	Cant find element for item Festive Night Owl Sniper Rifle (Well-Worn)
16:06:56 DEBUG:root_logger	Failed twice - Index #20 popped from list
16:06:58 DEBUG:root_logger	Cant find element for item Festive Spruce Deuce Scattergun (Minimal Wear)
16:06:58 DEBUG:root_logger	Loop iteration #1 unsuccessful; stop=True
16:07:00 DEBUG:root_logger	Cant find element for item Festive Spruce Deuce Scattergun (Minimal Wear)
16:07:00 DEBUG:root_logger	Failed twice - Index #20 popped from list
16:07:01 DEBUG:root_logger	Cant find element for item Festive Autumn Rocket Launcher (Field-Tested)
16:07:01 DEBUG:root_logger	Loop iteration #1 unsuccessful; stop=True
16:07:03 DEBUG:root_logger	Cant find element for item Festive Autumn Rocket Launcher (Field-Tested)
16:07:03 DEBUG:root_logger	Failed twice - Index #20 popped from list
16:07:09 DEBUG:root_logger	Cant find element for item Festive Killstreak Blitzkrieg Revolver (Field-Tested)
16:07:09 DEBUG:root_logger	Loop iteration #1 unsuccessful; stop=True
16:07:11 DEBUG:root_logger	Cant find element for item Festive Killstreak Blitzkrieg Revolver (Field-Tested)
16:07:11 DEBUG:root_logger	Failed twice - Index #21 popped from list
16:07:13 DEBUG:root_logger	Cant find element for item Festive Top Shelf Revolver (Field-Tested)
16:07:13 DEBUG:root_logger	Loop iteration #1 unsuccessful; stop=True
16:07:15 DEBUG:root_logger	Cant find element for item Festive Top Shelf Revolver (Field-Tested)
16:07:15 DEBUG:root_logger	Failed twice - Index #21 popped from list
16:07:16 DEBUG:root_logger	Cant find element for item Festive Backcountry Blaster Scattergun (Minimal Wear)
16:07:16 DEBUG:root_logger	Loop iteration #1 unsuccessful; stop=True
16:07:18 DEBUG:root_logger	Cant find element for item Festive Backcountry Blaster Scattergun (Minimal Wear)
16:07:18 DEBUG:root_logger	Failed twice - Index #21 popped from list
16:07:41 INFO:root_logger	fillRealPrices() exited correctly
16:07:41 INFO:root_logger	Filling items from page #94
16:07:43 INFO:root_logger	Fetched items from page #94 (10/100)
16:08:47 DEBUG:root_logger	Cant find element for item Festive Lightning Rod Shotgun (Minimal Wear)
16:08:47 DEBUG:root_logger	Loop iteration #1 unsuccessful; stop=True
16:08:49 DEBUG:root_logger	Cant find element for item Festive Lightning Rod Shotgun (Minimal Wear)
16:08:49 DEBUG:root_logger	Failed twice - Index #16 popped from list
16:08:55 DEBUG:root_logger	Cant find element for item Festive Nutcracker Wrench (Well-Worn)
16:08:55 DEBUG:root_logger	Loop iteration #1 unsuccessful; stop=True
16:08:57 DEBUG:root_logger	Cant find element for item Festive Nutcracker Wrench (Well-Worn)
16:08:57 DEBUG:root_logger	Failed twice - Index #17 popped from list
16:08:58 DEBUG:root_logger	Cant find element for item Festive Flower Power Revolver (Well-Worn)
16:08:58 DEBUG:root_logger	Loop iteration #1 unsuccessful; stop=True
16:09:00 DEBUG:root_logger	Cant find element for item Festive Flower Power Revolver (Well-Worn)
16:09:00 DEBUG:root_logger	Failed twice - Index #17 popped from list
16:09:06 DEBUG:root_logger	Cant find element for item Festive Butcher Bird Minigun (Battle Scarred)
16:09:06 DEBUG:root_logger	Loop iteration #1 unsuccessful; stop=True
16:09:08 DEBUG:root_logger	Cant find element for item Festive Butcher Bird Minigun (Battle Scarred)
16:09:08 DEBUG:root_logger	Failed twice - Index #18 popped from list
16:09:09 DEBUG:root_logger	Cant find element for item Festive Rooftop Wrangler Stickybomb Launcher (Factory New)
16:09:09 DEBUG:root_logger	Loop iteration #1 unsuccessful; stop=True
16:09:11 DEBUG:root_logger	Cant find element for item Festive Rooftop Wrangler Stickybomb Launcher (Factory New)
16:09:11 DEBUG:root_logger	Failed twice - Index #18 popped from list
16:09:17 DEBUG:root_logger	Cant find element for item Festive Corsair Medi Gun (Field-Tested)
16:09:17 DEBUG:root_logger	Loop iteration #1 unsuccessful; stop=True
16:09:19 DEBUG:root_logger	Cant find element for item Festive Corsair Medi Gun (Field-Tested)
16:09:19 DEBUG:root_logger	Failed twice - Index #19 popped from list
16:10:01 INFO:root_logger	fillRealPrices() exited correctly
16:10:01 DEBUG:root_logger	Saved lists
16:10:02 INFO:root_logger	Iterating for 2 times
16:10:02 INFO:root_logger	Current Page - 95, Final Page - 96
16:10:02 INFO:root_logger	Filling items from page #95
16:10:04 INFO:root_logger	Fetched items from page #95 (11/100)
16:10:17 DEBUG:root_logger	Cant find element for item Festive Woodsy Widowmaker SMG (Field-Tested)
16:10:17 DEBUG:root_logger	Loop iteration #1 unsuccessful; stop=True
16:10:19 DEBUG:root_logger	Cant find element for item Festive Woodsy Widowmaker SMG (Field-Tested)
16:10:19 DEBUG:root_logger	Failed twice - Index #3 popped from list
16:10:25 DEBUG:root_logger	Cant find element for item Festive Coffin Nail Medi Gun (Well-Worn)
16:10:25 DEBUG:root_logger	Loop iteration #1 unsuccessful; stop=True
16:10:27 DEBUG:root_logger	Cant find element for item Festive Coffin Nail Medi Gun (Well-Worn)
16:10:27 DEBUG:root_logger	Failed twice - Index #4 popped from list
16:10:28 DEBUG:root_logger	Cant find element for item Festive Reclaimed Reanimator Medi Gun (Minimal Wear)
16:10:28 DEBUG:root_logger	Loop iteration #1 unsuccessful; stop=True
16:10:30 DEBUG:root_logger	Cant find element for item Festive Reclaimed Reanimator Medi Gun (Minimal Wear)
16:10:30 DEBUG:root_logger	Failed twice - Index #4 popped from list
16:10:59 DEBUG:root_logger	Cant find element for item Festive Blitzkrieg Stickybomb Launcher (Field-Tested)
16:10:59 DEBUG:root_logger	Loop iteration #1 unsuccessful; stop=True
16:11:01 DEBUG:root_logger	Cant find element for item Festive Blitzkrieg Stickybomb Launcher (Field-Tested)
16:11:01 DEBUG:root_logger	Failed twice - Index #11 popped from list
16:11:02 DEBUG:root_logger	Cant find element for item Festive Black Dahlia Pistol (Field-Tested)
16:11:02 DEBUG:root_logger	Loop iteration #1 unsuccessful; stop=True
16:11:04 DEBUG:root_logger	Cant find element for item Festive Black Dahlia Pistol (Field-Tested)
16:11:04 DEBUG:root_logger	Failed twice - Index #11 popped from list
16:11:21 DEBUG:root_logger	Cant find element for item Festive Blue Mew Pistol (Minimal Wear)
16:11:21 DEBUG:root_logger	Loop iteration #1 unsuccessful; stop=True
16:11:23 DEBUG:root_logger	Cant find element for item Festive Blue Mew Pistol (Minimal Wear)
16:11:23 DEBUG:root_logger	Failed twice - Index #15 popped from list
16:11:29 DEBUG:root_logger	Cant find element for item Festive Woodland Warrior Rocket Launcher (Field-Tested)
16:11:29 DEBUG:root_logger	Loop iteration #1 unsuccessful; stop=True
16:11:31 DEBUG:root_logger	Cant find element for item Festive Woodland Warrior Rocket Launcher (Field-Tested)
16:11:31 DEBUG:root_logger	Failed twice - Index #16 popped from list
16:11:36 DEBUG:root_logger	Cant find element for item Festive Nutcracker Scattergun (Field-Tested)
16:11:36 DEBUG:root_logger	Loop iteration #1 unsuccessful; stop=True
16:11:38 DEBUG:root_logger	Cant find element for item Festive Nutcracker Scattergun (Field-Tested)
16:11:38 DEBUG:root_logger	Failed twice - Index #17 popped from list
16:11:47 DEBUG:root_logger	Cant find element for item Tiger Buffed Brass Beast (Minimal Wear)
16:11:47 DEBUG:root_logger	Loop iteration #1 unsuccessful; stop=True
16:11:49 DEBUG:root_logger	Cant find element for item Tiger Buffed Brass Beast (Minimal Wear)
16:11:49 DEBUG:root_logger	Failed twice - Index #19 popped from list
16:12:02 DEBUG:root_logger	Cant find element for item Festive Hickory Hole-Puncher Pistol (Well-Worn)
16:12:02 DEBUG:root_logger	Loop iteration #1 unsuccessful; stop=True
16:12:04 DEBUG:root_logger	Cant find element for item Festive Hickory Hole-Puncher Pistol (Well-Worn)
16:12:04 DEBUG:root_logger	Failed twice - Index #22 popped from list
16:12:14 DEBUG:root_logger	Cant find element for item Festive Smalltown Bringdown Rocket Launcher (Well-Worn)
16:12:14 DEBUG:root_logger	Loop iteration #1 unsuccessful; stop=True
16:12:16 DEBUG:root_logger	Cant find element for item Festive Smalltown Bringdown Rocket Launcher (Well-Worn)
16:12:16 DEBUG:root_logger	Failed twice - Index #24 popped from list
16:12:20 INFO:root_logger	fillRealPrices() exited correctly
16:12:20 INFO:root_logger	Filling items from page #96
16:12:21 INFO:root_logger	Fetched items from page #96 (12/100)
16:12:34 DEBUG:root_logger	Cant find element for item Festive Dressed to Kill Knife (Field-Tested)
16:12:34 DEBUG:root_logger	Loop iteration #1 unsuccessful; stop=True
16:12:37 DEBUG:root_logger	Cant find element for item Festive Dressed to Kill Knife (Field-Tested)
16:12:37 DEBUG:root_logger	Failed twice - Index #3 popped from list
16:12:38 DEBUG:root_logger	Cant find element for item Festive Flower Power Revolver (Battle Scarred)
16:12:38 DEBUG:root_logger	Loop iteration #1 unsuccessful; stop=True
16:12:40 DEBUG:root_logger	Cant find element for item Festive Flower Power Revolver (Battle Scarred)
16:12:40 DEBUG:root_logger	Failed twice - Index #3 popped from list
16:12:42 DEBUG:root_logger	Cant find element for item Festive Wildwood SMG (Well-Worn)
16:12:42 DEBUG:root_logger	Loop iteration #1 unsuccessful; stop=True
16:12:44 DEBUG:root_logger	Cant find element for item Festive Wildwood SMG (Well-Worn)
16:12:44 DEBUG:root_logger	Failed twice - Index #3 popped from list
16:12:49 DEBUG:root_logger	Cant find element for item Festive Civic Duty Shotgun (Well-Worn)
16:12:49 DEBUG:root_logger	Loop iteration #1 unsuccessful; stop=True
16:12:51 DEBUG:root_logger	Cant find element for item Festive Civic Duty Shotgun (Well-Worn)
16:12:51 DEBUG:root_logger	Failed twice - Index #4 popped from list
16:12:56 DEBUG:root_logger	Cant find element for item Strange Festive Smalltown Bringdown Rocket Launcher (Field-Tested)
16:12:56 DEBUG:root_logger	Loop iteration #1 unsuccessful; stop=True
16:12:58 DEBUG:root_logger	Cant find element for item Strange Festive Smalltown Bringdown Rocket Launcher (Field-Tested)
16:12:58 DEBUG:root_logger	Failed twice - Index #5 popped from list
16:13:15 DEBUG:root_logger	Cant find element for item Killstreak American Pastoral Rocket Launcher (Battle Scarred)
16:13:15 DEBUG:root_logger	Loop iteration #1 unsuccessful; stop=True
16:13:17 DEBUG:root_logger	Cant find element for item Killstreak American Pastoral Rocket Launcher (Battle Scarred)
16:13:17 DEBUG:root_logger	Failed twice - Index #9 popped from list
16:13:23 DEBUG:root_logger	Cant find element for item Anodized Aloha Scorch Shot (Minimal Wear)
16:13:23 DEBUG:root_logger	Loop iteration #1 unsuccessful; stop=True
16:13:25 DEBUG:root_logger	Cant find element for item Anodized Aloha Scorch Shot (Minimal Wear)
16:13:25 DEBUG:root_logger	Failed twice - Index #10 popped from list
16:14:01 DEBUG:root_logger	Cant find element for item Strange Festive Low Profile SMG (Field-Tested)
16:14:01 DEBUG:root_logger	Loop iteration #1 unsuccessful; stop=True
16:14:03 DEBUG:root_logger	Cant find element for item Strange Festive Low Profile SMG (Field-Tested)
16:14:03 DEBUG:root_logger	Failed twice - Index #19 popped from list
16:14:05 DEBUG:root_logger	Cant find element for item Festive Specialized Killstreak Mayor Revolver (Field-Tested)
16:14:05 DEBUG:root_logger	Loop iteration #1 unsuccessful; stop=True
16:14:07 DEBUG:root_logger	Cant find element for item Festive Specialized Killstreak Mayor Revolver (Field-Tested)
16:14:07 DEBUG:root_logger	Failed twice - Index #19 popped from list
16:14:08 DEBUG:root_logger	Cant find element for item Festive Backwoods Boomstick Shotgun (Well-Worn)
16:14:08 DEBUG:root_logger	Loop iteration #1 unsuccessful; stop=True
16:14:10 DEBUG:root_logger	Cant find element for item Festive Backwoods Boomstick Shotgun (Well-Worn)
16:14:10 DEBUG:root_logger	Failed twice - Index #19 popped from list
16:14:12 DEBUG:root_logger	Cant find element for item Festive American Pastoral Rocket Launcher (Battle Scarred)
16:14:12 DEBUG:root_logger	Loop iteration #1 unsuccessful; stop=True
16:14:14 DEBUG:root_logger	Cant find element for item Festive American Pastoral Rocket Launcher (Battle Scarred)
16:14:14 DEBUG:root_logger	Failed twice - Index #19 popped from list
16:14:37 INFO:root_logger	fillRealPrices() exited correctly
16:14:37 DEBUG:root_logger	Saved lists
16:14:37 INFO:root_logger	Iterating for 2 times
16:14:37 INFO:root_logger	Current Page - 97, Final Page - 98
16:14:37 INFO:root_logger	Filling items from page #97
16:14:39 INFO:root_logger	Fetched items from page #97 (13/100)
16:14:40 DEBUG:root_logger	Cant find element for item Night Owl Mk.II Iron Bomber
16:14:40 DEBUG:root_logger	Loop iteration #1 unsuccessful; stop=True
16:14:42 DEBUG:root_logger	Cant find element for item Night Owl Mk.II Iron Bomber
16:14:42 DEBUG:root_logger	Failed twice - Index #0 popped from list
16:15:38 DEBUG:root_logger	Cant find element for item Festive Civic Duty Shotgun (Minimal Wear)
16:15:38 DEBUG:root_logger	Loop iteration #1 unsuccessful; stop=True
16:15:40 DEBUG:root_logger	Cant find element for item Festive Civic Duty Shotgun (Minimal Wear)
16:15:40 DEBUG:root_logger	Failed twice - Index #14 popped from list
16:15:53 DEBUG:root_logger	Cant find element for item Festive Top Shelf Revolver (Well-Worn)
16:15:53 DEBUG:root_logger	Loop iteration #1 unsuccessful; stop=True
16:15:56 DEBUG:root_logger	Cant find element for item Festive Top Shelf Revolver (Well-Worn)
16:15:56 DEBUG:root_logger	Failed twice - Index #17 popped from list
16:16:17 DEBUG:root_logger	Cant find element for item Festive Wildwood Sniper Rifle (Field-Tested)
16:16:17 DEBUG:root_logger	Loop iteration #1 unsuccessful; stop=True
16:16:19 DEBUG:root_logger	Cant find element for item Festive Wildwood Sniper Rifle (Field-Tested)
16:16:19 DEBUG:root_logger	Failed twice - Index #22 popped from list
16:16:20 DEBUG:root_logger	Cant find element for item Festive Pumpkin Patch Stickybomb Launcher (Field-Tested)
16:16:20 DEBUG:root_logger	Loop iteration #1 unsuccessful; stop=True
16:16:22 DEBUG:root_logger	Cant find element for item Festive Pumpkin Patch Stickybomb Launcher (Field-Tested)
16:16:22 DEBUG:root_logger	Failed twice - Index #22 popped from list
16:16:24 DEBUG:root_logger	Cant find element for item Festive Rooftop Wrangler Stickybomb Launcher (Battle Scarred)
16:16:24 DEBUG:root_logger	Loop iteration #1 unsuccessful; stop=True
16:16:26 DEBUG:root_logger	Cant find element for item Festive Rooftop Wrangler Stickybomb Launcher (Battle Scarred)
16:16:26 DEBUG:root_logger	Failed twice - Index #22 popped from list
16:16:27 DEBUG:root_logger	Cant find element for item Killstreak Shot in the Dark Sniper Rifle (Well-Worn)
16:16:27 DEBUG:root_logger	Loop iteration #1 unsuccessful; stop=True
16:16:29 DEBUG:root_logger	Cant find element for item Killstreak Shot in the Dark Sniper Rifle (Well-Worn)
16:16:29 DEBUG:root_logger	Failed twice - Index #22 popped from list
16:16:46 DEBUG:root_logger	Cant find element for item Strange Festive Brick House Minigun (Well-Worn)
16:16:46 DEBUG:root_logger	Loop iteration #1 unsuccessful; stop=True
16:16:48 DEBUG:root_logger	Cant find element for item Strange Festive Brick House Minigun (Well-Worn)
16:16:48 DEBUG:root_logger	Failed twice - Index #26 popped from list
16:16:56 INFO:root_logger	fillRealPrices() exited correctly
16:16:56 INFO:root_logger	Filling items from page #98
16:16:58 INFO:root_logger	Fetched items from page #98 (14/100)
16:16:59 DEBUG:root_logger	Cant find element for item Festive Plaid Potshotter SMG (Well-Worn)
16:16:59 DEBUG:root_logger	Loop iteration #1 unsuccessful; stop=True
16:17:01 DEBUG:root_logger	Cant find element for item Festive Plaid Potshotter SMG (Well-Worn)
16:17:01 DEBUG:root_logger	Failed twice - Index #0 popped from list
16:17:26 DEBUG:root_logger	Cant find element for item Festive Corsair Scattergun (Well-Worn)
16:17:26 DEBUG:root_logger	Loop iteration #1 unsuccessful; stop=True
16:17:28 DEBUG:root_logger	Cant find element for item Festive Corsair Scattergun (Well-Worn)
16:17:28 DEBUG:root_logger	Failed twice - Index #6 popped from list
16:18:02 DEBUG:root_logger	Cant find element for item Festive Local Hero Pistol (Minimal Wear)
16:18:02 DEBUG:root_logger	Loop iteration #1 unsuccessful; stop=True
16:18:04 DEBUG:root_logger	Cant find element for item Festive Local Hero Pistol (Minimal Wear)
16:18:04 DEBUG:root_logger	Failed twice - Index #14 popped from list
16:18:13 DEBUG:root_logger	Cant find element for item Festive Flower Power Scattergun (Battle Scarred)
16:18:13 DEBUG:root_logger	Loop iteration #1 unsuccessful; stop=True
16:18:15 DEBUG:root_logger	Cant find element for item Festive Flower Power Scattergun (Battle Scarred)
16:18:15 DEBUG:root_logger	Failed twice - Index #16 popped from list
16:18:28 DEBUG:root_logger	Cant find element for item Festive Citizen Pain Minigun (Factory New)
16:18:29 DEBUG:root_logger	Loop iteration #1 unsuccessful; stop=True
16:18:31 DEBUG:root_logger	Cant find element for item Festive Citizen Pain Minigun (Factory New)
16:18:31 DEBUG:root_logger	Failed twice - Index #19 popped from list
16:18:32 DEBUG:root_logger	Cant find element for item Festive High Roller's Rocket Launcher (Well-Worn)
16:18:32 DEBUG:root_logger	Loop iteration #1 unsuccessful; stop=True
16:18:34 DEBUG:root_logger	Cant find element for item Festive High Roller's Rocket Launcher (Well-Worn)
16:18:34 DEBUG:root_logger	Failed twice - Index #19 popped from list
16:19:17 INFO:root_logger	fillRealPrices() exited correctly
16:19:17 DEBUG:root_logger	Saved lists
16:19:17 INFO:root_logger	Iterating for 2 times
16:19:17 INFO:root_logger	Current Page - 99, Final Page - 100
16:19:17 INFO:root_logger	Filling items from page #99
16:19:18 INFO:root_logger	Fetched items from page #99 (15/100)
16:19:24 DEBUG:root_logger	Cant find element for item Strange Dressed to Kill Sniper Rifle (Battle Scarred)
16:19:24 DEBUG:root_logger	Loop iteration #1 unsuccessful; stop=True
16:19:26 DEBUG:root_logger	Cant find element for item Strange Dressed to Kill Sniper Rifle (Battle Scarred)
16:19:26 DEBUG:root_logger	Failed twice - Index #1 popped from list
16:19:27 DEBUG:root_logger	Cant find element for item Festive Macabre Web Revolver (Well-Worn)
16:19:27 DEBUG:root_logger	Loop iteration #1 unsuccessful; stop=True
16:19:29 DEBUG:root_logger	Cant find element for item Festive Macabre Web Revolver (Well-Worn)
16:19:29 DEBUG:root_logger	Failed twice - Index #1 popped from list
16:19:31 DEBUG:root_logger	Cant find element for item Festive Woodsy Widowmaker SMG (Minimal Wear)
16:19:31 DEBUG:root_logger	Loop iteration #1 unsuccessful; stop=True
16:19:33 DEBUG:root_logger	Cant find element for item Festive Woodsy Widowmaker SMG (Minimal Wear)
16:19:33 DEBUG:root_logger	Failed twice - Index #1 popped from list
16:19:46 DEBUG:root_logger	Cant find element for item Festive Blue Mew Scattergun (Well-Worn)
16:19:46 DEBUG:root_logger	Loop iteration #1 unsuccessful; stop=True
16:19:48 DEBUG:root_logger	Cant find element for item Festive Blue Mew Scattergun (Well-Worn)
16:19:48 DEBUG:root_logger	Failed twice - Index #4 popped from list
16:19:57 DEBUG:root_logger	Cant find element for item Festive Mayor Revolver (Factory New)
16:19:57 DEBUG:root_logger	Loop iteration #1 unsuccessful; stop=True
16:19:59 DEBUG:root_logger	Cant find element for item Festive Mayor Revolver (Factory New)
16:19:59 DEBUG:root_logger	Failed twice - Index #6 popped from list
16:20:01 DEBUG:root_logger	Cant find element for item Festive Pumpkin Patch Stickybomb Launcher (Minimal Wear)
16:20:01 DEBUG:root_logger	Loop iteration #1 unsuccessful; stop=True
16:20:03 DEBUG:root_logger	Cant find element for item Festive Pumpkin Patch Stickybomb Launcher (Minimal Wear)
16:20:03 DEBUG:root_logger	Failed twice - Index #6 popped from list
16:20:04 DEBUG:root_logger	Cant find element for item Festive Brick House Minigun (Factory New)
16:20:04 DEBUG:root_logger	Loop iteration #1 unsuccessful; stop=True
16:20:06 DEBUG:root_logger	Cant find element for item Festive Brick House Minigun (Factory New)
16:20:06 DEBUG:root_logger	Failed twice - Index #6 popped from list
16:20:35 DEBUG:root_logger	Cant find element for item Bamboo Brushed Stickybomb Launcher (Well-Worn)
16:20:35 DEBUG:root_logger	Loop iteration #1 unsuccessful; stop=True
16:20:37 DEBUG:root_logger	Cant find element for item Bamboo Brushed Stickybomb Launcher (Well-Worn)
16:20:37 DEBUG:root_logger	Failed twice - Index #13 popped from list
16:20:46 DEBUG:root_logger	Cant find element for item Autumn Mk.II Sniper Rifle
16:20:46 DEBUG:root_logger	Loop iteration #1 unsuccessful; stop=True
16:20:48 DEBUG:root_logger	Cant find element for item Autumn Mk.II Sniper Rifle
16:20:48 DEBUG:root_logger	Failed twice - Index #15 popped from list
16:21:09 DEBUG:root_logger	Cant find element for item Festive Reclaimed Reanimator Medi Gun (Well-Worn)
16:21:09 DEBUG:root_logger	Loop iteration #1 unsuccessful; stop=True
16:21:11 DEBUG:root_logger	Cant find element for item Festive Reclaimed Reanimator Medi Gun (Well-Worn)
16:21:11 DEBUG:root_logger	Failed twice - Index #20 popped from list
16:21:20 DEBUG:root_logger	Cant find element for item Festive Shot in the Dark Sniper Rifle (Battle Scarred)
16:21:20 DEBUG:root_logger	Loop iteration #1 unsuccessful; stop=True
16:21:22 DEBUG:root_logger	Cant find element for item Festive Shot in the Dark Sniper Rifle (Battle Scarred)
16:21:22 DEBUG:root_logger	Failed twice - Index #22 popped from list
16:21:24 DEBUG:root_logger	Cant find element for item Festive Flash Fryer Flame Thrower (Battle Scarred)
16:21:24 DEBUG:root_logger	Loop iteration #1 unsuccessful; stop=True
16:21:26 DEBUG:root_logger	Cant find element for item Festive Flash Fryer Flame Thrower (Battle Scarred)
16:21:26 DEBUG:root_logger	Failed twice - Index #22 popped from list
16:21:34 INFO:root_logger	fillRealPrices() exited correctly
16:21:34 INFO:root_logger	Filling items from page #100
16:21:36 INFO:root_logger	Fetched items from page #100 (16/100)
16:21:45 DEBUG:root_logger	Cant find element for item Festive Bogtrotter Sniper Rifle (Field-Tested)
16:21:45 DEBUG:root_logger	Loop iteration #1 unsuccessful; stop=True
16:21:47 DEBUG:root_logger	Cant find element for item Festive Bogtrotter Sniper Rifle (Field-Tested)
16:21:47 DEBUG:root_logger	Failed twice - Index #2 popped from list
16:21:53 DEBUG:root_logger	Cant find element for item Festive Wildwood Revolver (Battle Scarred)
16:21:53 DEBUG:root_logger	Loop iteration #1 unsuccessful; stop=True
16:21:55 DEBUG:root_logger	Cant find element for item Festive Wildwood Revolver (Battle Scarred)
16:21:55 DEBUG:root_logger	Failed twice - Index #3 popped from list
16:22:00 DEBUG:root_logger	Cant find element for item Festive Black Dahlia Pistol (Minimal Wear)
16:22:00 DEBUG:root_logger	Loop iteration #1 unsuccessful; stop=True
16:22:02 DEBUG:root_logger	Cant find element for item Festive Black Dahlia Pistol (Minimal Wear)
16:22:02 DEBUG:root_logger	Failed twice - Index #4 popped from list
16:22:15 DEBUG:root_logger	Cant find element for item Festive Flower Power Scattergun (Minimal Wear)
16:22:15 DEBUG:root_logger	Loop iteration #1 unsuccessful; stop=True
16:22:17 DEBUG:root_logger	Cant find element for item Festive Flower Power Scattergun (Minimal Wear)
16:22:17 DEBUG:root_logger	Failed twice - Index #7 popped from list
16:22:19 DEBUG:root_logger	Cant find element for item Festive Dressed to Kill Minigun (Battle Scarred)
16:22:19 DEBUG:root_logger	Loop iteration #1 unsuccessful; stop=True
16:22:21 DEBUG:root_logger	Cant find element for item Festive Dressed to Kill Minigun (Battle Scarred)
16:22:21 DEBUG:root_logger	Failed twice - Index #7 popped from list
16:22:22 DEBUG:root_logger	Cant find element for item Festive Wrapped Reviver Medi Gun (Minimal Wear)
16:22:22 DEBUG:root_logger	Loop iteration #1 unsuccessful; stop=True
16:22:24 DEBUG:root_logger	Cant find element for item Festive Wrapped Reviver Medi Gun (Minimal Wear)
16:22:24 DEBUG:root_logger	Failed twice - Index #7 popped from list
16:22:38 DEBUG:root_logger	Cant find element for item Bovine Blazemaker Mk.II Jag (Factory New)
16:22:38 DEBUG:root_logger	Loop iteration #1 unsuccessful; stop=True
16:22:40 DEBUG:root_logger	Cant find element for item Bovine Blazemaker Mk.II Jag (Factory New)
16:22:40 DEBUG:root_logger	Failed twice - Index #10 popped from list
16:23:01 DEBUG:root_logger	Cant find element for item Festive Nutcracker Pistol (Well-Worn)
16:23:01 DEBUG:root_logger	Loop iteration #1 unsuccessful; stop=True
16:23:03 DEBUG:root_logger	Cant find element for item Festive Nutcracker Pistol (Well-Worn)
16:23:03 DEBUG:root_logger	Failed twice - Index #15 popped from list
16:23:16 DEBUG:root_logger	Cant find element for item Festive Nutcracker Wrench (Minimal Wear)
16:23:16 DEBUG:root_logger	Loop iteration #1 unsuccessful; stop=True
16:23:18 DEBUG:root_logger	Cant find element for item Festive Nutcracker Wrench (Minimal Wear)
16:23:18 DEBUG:root_logger	Failed twice - Index #18 popped from list
16:23:19 DEBUG:root_logger	Cant find element for item Festive Macabre Web Minigun (Field-Tested)
16:23:19 DEBUG:root_logger	Loop iteration #1 unsuccessful; stop=True
16:23:21 DEBUG:root_logger	Cant find element for item Festive Macabre Web Minigun (Field-Tested)
16:23:21 DEBUG:root_logger	Failed twice - Index #18 popped from list
16:23:23 DEBUG:root_logger	Cant find element for item Festive Blasted Bombardier Stickybomb Launcher (Minimal Wear)
16:23:23 DEBUG:root_logger	Loop iteration #1 unsuccessful; stop=True
16:23:25 DEBUG:root_logger	Cant find element for item Festive Blasted Bombardier Stickybomb Launcher (Minimal Wear)
16:23:25 DEBUG:root_logger	Failed twice - Index #18 popped from list
16:23:26 DEBUG:root_logger	Cant find element for item Festive Macabre Web Pistol (Field-Tested)
16:23:26 DEBUG:root_logger	Loop iteration #1 unsuccessful; stop=True
16:23:28 DEBUG:root_logger	Cant find element for item Festive Macabre Web Pistol (Field-Tested)
16:23:28 DEBUG:root_logger	Failed twice - Index #18 popped from list
16:23:52 INFO:root_logger	fillRealPrices() exited correctly
16:23:52 DEBUG:root_logger	Saved lists
16:23:52 INFO:root_logger	Iterating for 2 times
16:23:52 INFO:root_logger	Current Page - 101, Final Page - 102
16:23:52 INFO:root_logger	Filling items from page #101
16:23:54 INFO:root_logger	Fetched items from page #101 (17/100)
16:23:55 DEBUG:root_logger	Cant find element for item Festive Boneyard Revolver (Field-Tested)
16:23:55 DEBUG:root_logger	Loop iteration #1 unsuccessful; stop=True
16:23:57 DEBUG:root_logger	Cant find element for item Festive Boneyard Revolver (Field-Tested)
16:23:57 DEBUG:root_logger	Failed twice - Index #0 popped from list
16:24:30 DEBUG:root_logger	Cant find element for item Festive Blue Mew Scattergun (Field-Tested)
16:24:30 DEBUG:root_logger	Loop iteration #1 unsuccessful; stop=True
16:24:32 DEBUG:root_logger	Cant find element for item Festive Blue Mew Scattergun (Field-Tested)
16:24:32 DEBUG:root_logger	Failed twice - Index #8 popped from list
16:24:57 DEBUG:root_logger	Cant find element for item Strange Festive Civic Duty Shotgun (Well-Worn)
16:24:57 DEBUG:root_logger	Loop iteration #1 unsuccessful; stop=True
16:24:59 DEBUG:root_logger	Cant find element for item Strange Festive Civic Duty Shotgun (Well-Worn)
16:24:59 DEBUG:root_logger	Failed twice - Index #14 popped from list
16:25:28 DEBUG:root_logger	Cant find element for item Haunted Macabre Mask
16:25:28 CRITICAL:root_logger	Null found in page source
16:25:28 CRITICAL:root_logger	iteration=21, page=101, pages completed=16
16:25:28 CRITICAL:root_logger	Failure in fillRealPrices()
16:25:28 DEBUG:root_logger	shutdown() called on Scraper instance
16:25:36 INFO:root_logger	2396.6634769439697 seconds elapsed
16:25:36 INFO:root_logger	Start next run at page #101

----------------------------------------------------------------------

16:47:16 INFO:root_logger	Starting script...
16:47:16 DEBUG:root_logger	DISPLAY=True, SORT=True, current_page=85, num_iterations=100
16:47:16 DEBUG:root_logger	Finished loading lists.
16:47:16 DEBUG:root_logger	Total items in list - 3214
16:47:16 INFO:root_logger	1 duplicates found in list

----------------------------------------------------------------------

16:50:43 INFO:root_logger	Starting script...
16:50:43 DEBUG:root_logger	DISPLAY=False, SORT=False, current_page=100, num_iterations=100
