1556044982974	mozrunner::runner	INFO	Running command: "C:\\Program Files (x86)\\Mozilla Firefox\\firefox.exe" "-marionette" "-foreground" "-no-remote" "-profile" "C:\\Users\\Sridaran\\AppData\\Local\\Temp\\4\\rust_mozprofile.hLrxQCPmAB29"
1556044983876	addons.webextension.screenshots@mozilla.org	WARN	Loading extension 'screenshots@mozilla.org': Reading manifest: Invalid extension permission: mozillaAddons
1556044983877	addons.webextension.screenshots@mozilla.org	WARN	Loading extension 'screenshots@mozilla.org': Reading manifest: Invalid extension permission: resource://pdf.js/
1556044983877	addons.webextension.screenshots@mozilla.org	WARN	Loading extension 'screenshots@mozilla.org': Reading manifest: Invalid extension permission: about:reader*
[Child 6312, Chrome_ChildThread] WARNING: pipe error: 109: file z:/build/build/src/ipc/chromium/src/chrome/common/ipc_channel_win.cc, line 332
1556044993673	Marionette	INFO	Listening on port 53449
1556044994181	Marionette	WARN	TLS certificate errors will be ignored for this session
console.error: BroadcastService: 
  receivedBroadcastMessage: handler for
  remote-settings/monitor_changes
  threw error:
  Message: Error: Polling for changes failed: NetworkError when attempting to fetch resource..
  Stack:
    remoteSettingsFunction/remoteSettings.pollChanges@resource://services-settings/remote-settings.js:190:13

[Child 5264, Chrome_ChildThread] WARNING: pipe error: 109: file z:/build/build/src/ipc/chromium/src/chrome/common/ipc_channel_win.cc, line 332
[Child 5264, Chrome_ChildThread] WARNING: pipe error: 109: file z:/build/build/src/ipc/chromium/src/chrome/common/ipc_channel_win.cc, line 332
[Child 7080, Chrome_ChildThread] WARNING: pipe error: 109: file z:/build/build/src/ipc/chromium/src/chrome/common/ipc_channel_win.cc, line 332
1556045154120	Marionette	INFO	Stopped listening on port 53449
1556045176075	mozrunner::runner	INFO	Running command: "C:\\Program Files (x86)\\Mozilla Firefox\\firefox.exe" "-marionette" "-foreground" "-no-remote" "-profile" "C:\\Users\\Sridaran\\AppData\\Local\\Temp\\4\\rust_mozprofile.tB8cDsekpbKu"
1556045176645	addons.webextension.screenshots@mozilla.org	WARN	Loading extension 'screenshots@mozilla.org': Reading manifest: Invalid extension permission: mozillaAddons
1556045176645	addons.webextension.screenshots@mozilla.org	WARN	Loading extension 'screenshots@mozilla.org': Reading manifest: Invalid extension permission: resource://pdf.js/
1556045176645	addons.webextension.screenshots@mozilla.org	WARN	Loading extension 'screenshots@mozilla.org': Reading manifest: Invalid extension permission: about:reader*
1556045180144	Marionette	INFO	Listening on port 53511
1556045180541	Marionette	WARN	TLS certificate errors will be ignored for this session
[Child 6000, Chrome_ChildThread] WARNING: pipe error: 109: file z:/build/build/src/ipc/chromium/src/chrome/common/ipc_channel_win.cc, line 332
1556045383252	Marionette	INFO	Stopped listening on port 53511
1556045406552	mozrunner::runner	INFO	Running command: "C:\\Program Files (x86)\\Mozilla Firefox\\firefox.exe" "-marionette" "-foreground" "-no-remote" "-profile" "C:\\Users\\Sridaran\\AppData\\Local\\Temp\\4\\rust_mozprofile.sTgzvlJ7BX71"
1556045407136	addons.webextension.screenshots@mozilla.org	WARN	Loading extension 'screenshots@mozilla.org': Reading manifest: Invalid extension permission: mozillaAddons
1556045407136	addons.webextension.screenshots@mozilla.org	WARN	Loading extension 'screenshots@mozilla.org': Reading manifest: Invalid extension permission: resource://pdf.js/
1556045407136	addons.webextension.screenshots@mozilla.org	WARN	Loading extension 'screenshots@mozilla.org': Reading manifest: Invalid extension permission: about:reader*
1556045410602	Marionette	INFO	Listening on port 53558
1556045410996	Marionette	WARN	TLS certificate errors will be ignored for this session
[Child 4468, Chrome_ChildThread] WARNING: pipe error: 109: file z:/build/build/src/ipc/chromium/src/chrome/common/ipc_channel_win.cc, line 332
[Child 4468, Chrome_ChildThread] WARNING: pipe error: 109: file z:/build/build/src/ipc/chromium/src/chrome/common/ipc_channel_win.cc, line 332
[Child 5548, Chrome_ChildThread] WARNING: pipe error: 109: file z:/build/build/src/ipc/chromium/src/chrome/common/ipc_channel_win.cc, line 332
[Child 5548, Chrome_ChildThread] WARNING: pipe error: 109: file z:/build/build/src/ipc/chromium/src/chrome/common/ipc_channel_win.cc, line 332
1556045496455	Marionette	INFO	Stopped listening on port 53558
1556046290730	mozrunner::runner	INFO	Running command: "C:\\Program Files (x86)\\Mozilla Firefox\\firefox.exe" "-marionette" "-foreground" "-no-remote" "-profile" "C:\\Users\\Sridaran\\AppData\\Local\\Temp\\4\\rust_mozprofile.uCJTCUbdsyjY"
1556046291421	addons.webextension.screenshots@mozilla.org	WARN	Loading extension 'screenshots@mozilla.org': Reading manifest: Invalid extension permission: mozillaAddons
1556046291421	addons.webextension.screenshots@mozilla.org	WARN	Loading extension 'screenshots@mozilla.org': Reading manifest: Invalid extension permission: resource://pdf.js/
1556046291421	addons.webextension.screenshots@mozilla.org	WARN	Loading extension 'screenshots@mozilla.org': Reading manifest: Invalid extension permission: about:reader*
1556046295236	Marionette	INFO	Listening on port 54018
1556046295367	Marionette	WARN	TLS certificate errors will be ignored for this session
[Child 3380, Chrome_ChildThread] WARNING: pipe error: 109: file z:/build/build/src/ipc/chromium/src/chrome/common/ipc_channel_win.cc, line 332
[Child 3380, Chrome_ChildThread] WARNING: pipe error: 109: file z:/build/build/src/ipc/chromium/src/chrome/common/ipc_channel_win.cc, line 332
[Parent 3772, Gecko_IOThread] WARNING: pipe error: 109: file z:/build/build/src/ipc/chromium/src/chrome/common/ipc_channel_win.cc, line 332
1556046391521	Marionette	INFO	Stopped listening on port 54018
screenshots@mozilla.org': Reading manifest: Invalid extension permission: resource://pdf.js/
1556046300885	addons.webextension.screenshots@mozilla.org	WARN	Loading extension 'screenshots@mozilla.org': Reading manifest: Invalid extension permission: about:reader*
1556046304787	Marionette	INFO	Listening on port 54073
1556046304988	Marionette	WARN	TLS certificate errors will be ignored for this session
[Child 1296, Chrome_ChildThread] WARNING: pipe error: 109: file z:/build/build/src/ipc/chromium/src/chrome/common/ipc_channel_win.cc, line 332
[Child 1296, Chrome_ChildThread] WARNING: pipe error: 109: file z:/build/build/src/ipc/chromium/src/chrome/common/ipc_channel_win.cc, line 332
[Child 5108, Chrome_ChildThread] WARNING: pipe error: 109: file z:/build/build/src/ipc/chromium/src/chrome/common/ipc_channel_win.cc, line 332
[Child 5108, Chrome_ChildThread] WARNING: pipe error: 109: file z:/build/build/src/ipc/chromium/src/chrome/common/ipc_channel_win.cc, line 332
[Parent 4848, Gecko_IOThread] WARNING: pipe error: 109: file z:/build/build/src/ipc/chromium/src/chrome/common/ipc_channel_win.cc, line 332
1556046318991	Marionette	INFO	Stopped listening on port 54073
1556046578185	mozrunner::runner	INFO	Running command: "C:\\Program Files (x86)\\Mozilla Firefox\\firefox.exe" "-marionette" "-foreground" "-no-remote" "-profile" "C:\\Users\\Sridaran\\AppData\\Local\\Temp\\4\\rust_mozprofile.R7bqw1upnUMy"
1556046578983	addons.webextension.screenshots@mozilla.org	WARN	Loading extension 'screenshots@mozilla.org': Reading manifest: Invalid extension permission: mozillaAddons
1556046578984	addons.webextension.screenshots@mozilla.org	WARN	Loading extension 'screenshots@mozilla.org': Reading manifest: Invalid extension permission: resource://pdf.js/
1556046578984	addons.webextension.screenshots@mozilla.org	WARN	Loading extension 'screenshots@mozilla.org': Reading manifest: Invalid extension permission: about:reader*
1556046582448	Marionette	INFO	Listening on port 54156
1556046582647	Marionette	WARN	TLS certificate errors will be ignored for this session
1556046664605	Marionette	INFO	Stopped listening on port 54156
1556046691445	mozrunner::runner	INFO	Running command: "C:\\Program Files (x86)\\Mozilla Firefox\\firefox.exe" "-marionette" "-foreground" "-no-remote" "-profile" "C:\\Users\\Sridaran\\AppData\\Local\\Temp\\4\\rust_mozprofile.SuV2gMe8VZJP"
1556046692567	addons.webextension.screenshots@mozilla.org	WARN	Loading extension 'screenshots@mozilla.org': Reading manifest: Invalid extension permission: mozillaAddons
1556046692575	addons.webextension.screenshots@mozilla.org	WARN	Loading extension 'screenshots@mozilla.org': Reading manifest: Invalid extension permission: resource://pdf.js/
1556046692575	addons.webextension.screenshots@mozilla.org	WARN	Loading extension 'screenshots@mozilla.org': Reading manifest: Invalid extension permission: about:reader*
1556046696387	Marionette	INFO	Listening on port 54219
1556046696552	Marionette	WARN	TLS certificate errors will be ignored for this session
1556046867735	Marionette	INFO	Stopped listening on port 54219
1556047296994	mozrunner::runner	INFO	Running command: "C:\\Program Files (x86)\\Mozilla Firefox\\firefox.exe" "-marionette" "-foreground" "-no-remote" "-profile" "C:\\Users\\Sridaran\\AppData\\Local\\Temp\\4\\rust_mozprofile.ErsxylSU3qe0"
1556047297547	addons.webextension.screenshots@mozilla.org	WARN	Loading extension 'screenshots@mozilla.org': Reading manifest: Invalid extension permission: mozillaAddons
1556047297548	addons.webextension.screenshots@mozilla.org	WARN	Loading extension 'screenshots@mozilla.org': Reading manifest: Invalid extension permission: resource://pdf.js/
1556047297548	addons.webextension.screenshots@mozilla.org	WARN	Loading extension 'screenshots@mozilla.org': Reading manifest: Invalid extension permission: about:reader*
1556047301296	Marionette	INFO	Listening on port 54504
1556047301437	Marionette	WARN	TLS certificate errors will be ignored for this session
[Child 7252, Chrome_ChildThread] WARNING: pipe error: 109: file z:/build/build/src/ipc/chromium/src/chrome/common/ipc_channel_win.cc, line 332
[Child 7252, Chrome_ChildThread] WARNING: pipe error: 109: file z:/build/build/src/ipc/chromium/src/chrome/common/ipc_channel_win.cc, line 332
1556047394122	Marionette	INFO	Stopped listening on port 54504
1556047442503	mozrunner::runner	INFO	Running command: "C:\\Program Files (x86)\\Mozilla Firefox\\firefox.exe" "-marionette" "--enable-file-cookies" "-foreground" "-no-remote" "-profile" "C:\\Users\\Sridaran\\AppData\\Local\\Temp\\4\\rust_mozprofile.tSAozZpGPJCA"
1556047442882	addons.webextension.screenshots@mozilla.org	WARN	Loading extension 'screenshots@mozilla.org': Reading manifest: Invalid extension permission: mozillaAddons
1556047442882	addons.webextension.screenshots@mozilla.org	WARN	Loading extension 'screenshots@mozilla.org': Reading manifest: Invalid extension permission: resource://pdf.js/
1556047442882	addons.webextension.screenshots@mozilla.org	WARN	Loading extension 'screenshots@mozilla.org': Reading manifest: Invalid extension permission: about:reader*
1556047446625	Marionette	INFO	Listening on port 54564
1556047446961	Marionette	WARN	TLS certificate errors will be ignored for this session
[Child 3492, Chrome_ChildThread] WARNING: pipe error: 109: file z:/build/build/src/ipc/chromium/src/chrome/common/ipc_channel_win.cc, line 332
[Child 5364, Chrome_ChildThread] WARNING: pipe error: 109: file z:/build/build/src/ipc/chromium/src/chrome/common/ipc_channel_win.cc, line 332
[Child 5364, Chrome_ChildThread] WARNING: pipe error: 109: file z:/build/build/src/ipc/chromium/src/chrome/common/ipc_channel_win.cc, line 332
1556047560172	Marionette	INFO	Stopped listening on port 54564
1556047569299	mozrunner::runner	INFO	Running command: "C:\\Program Files (x86)\\Mozilla Firefox\\firefox.exe" "-marionette" "--enable-file-cookies" "-foreground" "-no-remote" "-profile" "C:\\Users\\Sridaran\\AppData\\Local\\Temp\\4\\rust_mozprofile.SNMmdWUElJ5K"
1556047569742	addons.webextension.screenshots@mozilla.org	WARN	Loading extension 'screenshots@mozilla.org': Reading manifest: Invalid extension permission: mozillaAddons
1556047569742	addons.webextension.screenshots@mozilla.org	WARN	Loading extension 'screenshots@mozilla.org': Reading manifest: Invalid extension permission: resource://pdf.js/
1556047569743	addons.webextension.screenshots@mozilla.org	WARN	Loading extension 'screenshots@mozilla.org': Reading manifest: Invalid extension permission: about:reader*
1556047573452	Marionette	INFO	Listening on port 54622
1556047573770	Marionette	WARN	TLS certificate errors will be ignored for this session
[Child 6792, Chrome_ChildThread] WARNING: pipe error: 109: file z:/build/build/src/ipc/chromium/src/chrome/common/ipc_channel_win.cc, line 332
[Parent 6552, Gecko_IOThread] WARNING: pipe error: 109: file z:/build/build/src/ipc/chromium/src/chrome/common/ipc_channel_win.cc, line 332
1556047645684	Marionette	INFO	Stopped listening on port 54622
1556047652337	mozrunner::runner	INFO	Running command: "C:\\Program Files (x86)\\Mozilla Firefox\\firefox.exe" "-marionette" "--enable-file-cookies" "-foreground" "-no-remote" "-profile" "C:\\Users\\Sridaran\\AppData\\Local\\Temp\\4\\rust_mozprofile.Tt9RHQtKMRGs"
1556047652755	addons.webextension.screenshots@mozilla.org	WARN	Loading extension 'screenshots@mozilla.org': Reading manifest: Invalid extension permission: mozillaAddons
1556047652755	addons.webextension.screenshots@mozilla.org	WARN	Loading extension 'screenshots@mozilla.org': Reading manifest: Invalid extension permission: resource://pdf.js/
1556047652755	addons.webextension.screenshots@mozilla.org	WARN	Loading extension 'screenshots@mozilla.org': Reading manifest: Invalid extension permission: about:reader*
1556047656197	Marionette	INFO	Listening on port 54678
1556047656393	Marionette	WARN	TLS certificate errors will be ignored for this session
JavaScript error: https://gametame.com/js/bootstrap-tour.min.js, line 22: TypeError: this.getStep(...) is undefined
JavaScript error: https://gametame.com/js/bootstrap-tour.min.js, line 22: TypeError: this.getStep(...) is undefined
JavaScript error: https://gametame.com/js/bootstrap-tour.min.js, line 22: TypeError: this.getStep(...) is undefined
console.error: BroadcastService: 
  receivedBroadcastMessage: handler for
  remote-settings/monitor_changes
  threw error:
  Message: Error: Polling for changes failed: NetworkError when attempting to fetch resource..
  Stack:
    remoteSettingsFunction/remoteSettings.pollChanges@resource://services-settings/remote-settings.js:190:13

console.error: BroadcastService: 
  receivedBroadcastMessage: handler for
  remote-settings/monitor_changes
  threw error:
  Message: Error: Polling for changes failed: NetworkError when attempting to fetch resource..
  Stack:
    remoteSettingsFunction/remoteSettings.pollChanges@resource://services-settings/remote-settings.js:190:13

1556048211925	Marionette	INFO	Stopped listening on port 54678
ram Files (x86)\\Mozilla Firefox\\firefox.exe" "-marionette" "-foreground" "-no-remote" "-profile" "C:\\Users\\Sridaran\\AppData\\Local\\Temp\\4\\rust_mozprofile.88jYm1nm0412"
1556048145549	addons.webextension.screenshots@mozilla.org	WARN	Loading extension 'screenshots@mozilla.org': Reading manifest: Invalid extension permission: mozillaAddons
1556048145549	addons.webextension.screenshots@mozilla.org	WARN	Loading extension 'screenshots@mozilla.org': Reading manifest: Invalid extension permission: resource://pdf.js/
1556048145549	addons.webextension.screenshots@mozilla.org	WARN	Loading extension 'screenshots@mozilla.org': Reading manifest: Invalid extension permission: about:reader*
1556048156990	Marionette	INFO	Listening on port 54768
1556048156993	Marionette	WARN	TLS certificate errors will be ignored for this session
[Child 5220, Chrome_ChildThread] WARNING: pipe error: 109: file z:/build/build/src/ipc/chromium/src/chrome/common/ipc_channel_win.cc, line 332
1556048174858	Marionette	INFO	Stopped listening on port 54768
1556048199868	mozrunner::runner	INFO	Running command: "C:\\Program Files (x86)\\Mozilla Firefox\\firefox.exe" "-marionette" "--enable-file-cookies" "-foreground" "-no-remote" "-profile" "C:\\Users\\Sridaran\\AppData\\Local\\Temp\\4\\rust_mozprofile.MsM9QZYVob4J"
1556048201552	addons.webextension.screenshots@mozilla.org	WARN	Loading extension 'screenshots@mozilla.org': Reading manifest: Invalid extension permission: mozillaAddons
1556048201552	addons.webextension.screenshots@mozilla.org	WARN	Loading extension 'screenshots@mozilla.org': Reading manifest: Invalid extension permission: resource://pdf.js/
1556048201552	addons.webextension.screenshots@mozilla.org	WARN	Loading extension 'screenshots@mozilla.org': Reading manifest: Invalid extension permission: about:reader*
1556048205745	Marionette	INFO	Listening on port 54817
1556048206105	Marionette	WARN	TLS certificate errors will be ignored for this session
[Child 7992, Chrome_ChildThread] WARNING: pipe error: 109: file z:/build/build/src/ipc/chromium/src/chrome/common/ipc_channel_win.cc, line 332
1556048488329	Marionette	INFO	Stopped listening on port 54817
1556048650063	mozrunner::runner	INFO	Running command: "C:\\Program Files (x86)\\Mozilla Firefox\\firefox.exe" "-marionette" "--enable-file-cookies" "-foreground" "-no-remote" "-profile" "C:\\Users\\Sridaran\\AppData\\Local\\Temp\\4\\rust_mozprofile.qxtqsBzkCZWu"
1556048651720	addons.webextension.screenshots@mozilla.org	WARN	Loading extension 'screenshots@mozilla.org': Reading manifest: Invalid extension permission: mozillaAddons
1556048651721	addons.webextension.screenshots@mozilla.org	WARN	Loading extension 'screenshots@mozilla.org': Reading manifest: Invalid extension permission: resource://pdf.js/
1556048651721	addons.webextension.screenshots@mozilla.org	WARN	Loading extension 'screenshots@mozilla.org': Reading manifest: Invalid extension permission: about:reader*
[Child 5592, Chrome_ChildThread] WARNING: pipe error: 109: file z:/build/build/src/ipc/chromium/src/chrome/common/ipc_channel_win.cc, line 332
[Child 7744, Chrome_ChildThread] WARNING: pipe error: 109: file z:/build/build/src/ipc/chromium/src/chrome/common/ipc_channel_win.cc, line 332
1556048662226	Marionette	INFO	Listening on port 54888
JavaScript error: chrome://marionette/content/server.js, line 99: NS_ERROR_NOT_INITIALIZED: Component returned failure code: 0xc1f30001 (NS_ERROR_NOT_INITIALIZED) [nsIServerSocket.close]
1556048747879	mozrunner::runner	INFO	Running command: "C:\\Program Files (x86)\\Mozilla Firefox\\firefox.exe" "-marionette" "--enable-file-cookies" "-foreground" "-no-remote" "-profile" "C:\\Users\\Sridaran\\AppData\\Local\\Temp\\4\\rust_mozprofile.UGb2Av8omyvy"
1556048750327	addons.webextension.screenshots@mozilla.org	WARN	Loading extension 'screenshots@mozilla.org': Reading manifest: Invalid extension permission: mozillaAddons
1556048750327	addons.webextension.screenshots@mozilla.org	WARN	Loading extension 'screenshots@mozilla.org': Reading manifest: Invalid extension permission: resource://pdf.js/
1556048750327	addons.webextension.screenshots@mozilla.org	WARN	Loading extension 'screenshots@mozilla.org': Reading manifest: Invalid extension permission: about:reader*
1556048760400	Marionette	INFO	Listening on port 54932
1556048760413	Marionette	WARN	TLS certificate errors will be ignored for this session
[Child 3204, Chrome_ChildThread] WARNING: pipe error: 109: file z:/build/build/src/ipc/chromium/src/chrome/common/ipc_channel_win.cc, line 332
[Child 3204, Chrome_ChildThread] WARNING: pipe error: 109: file z:/build/build/src/ipc/chromium/src/chrome/common/ipc_channel_win.cc, line 332
[Child 8012, Chrome_ChildThread] WARNING: pipe error: 109: file z:/build/build/src/ipc/chromium/src/chrome/common/ipc_channel_win.cc, line 332
1556049020697	Marionette	INFO	Stopped listening on port 54932
\\rust_mozprofile.3iXFLiU1j95o"
1556048988447	addons.webextension.screenshots@mozilla.org	WARN	Loading extension 'screenshots@mozilla.org': Reading manifest: Invalid extension permission: mozillaAddons
1556048988447	addons.webextension.screenshots@mozilla.org	WARN	Loading extension 'screenshots@mozilla.org': Reading manifest: Invalid extension permission: resource://pdf.js/
1556048988447	addons.webextension.screenshots@mozilla.org	WARN	Loading extension 'screenshots@mozilla.org': Reading manifest: Invalid extension permission: about:reader*
1556048992120	Marionette	INFO	Listening on port 55030
1556048992240	Marionette	WARN	TLS certificate errors will be ignored for this session
1556048999645	Marionette	INFO	Stopped listening on port 55030
1556049067940	mozrunner::runner	INFO	Running command: "C:\\Program Files (x86)\\Mozilla Firefox\\firefox.exe" "-marionette" "--enable-file-cookies" "-foreground" "-no-remote" "-profile" "C:\\Users\\Sridaran\\AppData\\Local\\Temp\\4\\rust_mozprofile.WQoutXWuSMdn"
1556049068367	addons.webextension.screenshots@mozilla.org	WARN	Loading extension 'screenshots@mozilla.org': Reading manifest: Invalid extension permission: mozillaAddons
1556049068367	addons.webextension.screenshots@mozilla.org	WARN	Loading extension 'screenshots@mozilla.org': Reading manifest: Invalid extension permission: resource://pdf.js/
1556049068367	addons.webextension.screenshots@mozilla.org	WARN	Loading extension 'screenshots@mozilla.org': Reading manifest: Invalid extension permission: about:reader*
1556049071841	Marionette	INFO	Listening on port 55070
1556049071924	Marionette	WARN	TLS certificate errors will be ignored for this session
1556049977739	Marionette	INFO	Stopped listening on port 55070
ram Files (x86)\\Mozilla Firefox\\firefox.exe" "-marionette" "-foreground" "-no-remote" "-profile" "C:\\Users\\Sridaran\\AppData\\Local\\Temp\\4\\rust_mozprofile.aMoXqbDcaCnC"
1556049247167	addons.webextension.screenshots@mozilla.org	WARN	Loading extension 'screenshots@mozilla.org': Reading manifest: Invalid extension permission: mozillaAddons
1556049247168	addons.webextension.screenshots@mozilla.org	WARN	Loading extension 'screenshots@mozilla.org': Reading manifest: Invalid extension permission: resource://pdf.js/
1556049247168	addons.webextension.screenshots@mozilla.org	WARN	Loading extension 'screenshots@mozilla.org': Reading manifest: Invalid extension permission: about:reader*
1556049251443	Marionette	INFO	Listening on port 55150
1556049251782	Marionette	WARN	TLS certificate errors will be ignored for this session
1556049260586	Marionette	INFO	Stopped listening on port 55150
1556049531561	mozrunner::runner	INFO	Running command: "C:\\Program Files (x86)\\Mozilla Firefox\\firefox.exe" "-marionette" "--enable-file-cookies" "-foreground" "-no-remote" "-profile" "C:\\Users\\Sridaran\\AppData\\Local\\Temp\\4\\rust_mozprofile.Q2Mt43ylU7nO"
1556049532129	addons.webextension.screenshots@mozilla.org	WARN	Loading extension 'screenshots@mozilla.org': Reading manifest: Invalid extension permission: mozillaAddons
1556049532129	addons.webextension.screenshots@mozilla.org	WARN	Loading extension 'screenshots@mozilla.org': Reading manifest: Invalid extension permission: resource://pdf.js/
1556049532129	addons.webextension.screenshots@mozilla.org	WARN	Loading extension 'screenshots@mozilla.org': Reading manifest: Invalid extension permission: about:reader*
1556049535418	Marionette	INFO	Listening on port 55207
1556049535569	Marionette	WARN	TLS certificate errors will be ignored for this session
1556049762479	Marionette	INFO	Stopped listening on port 55207
1556049984189	mozrunner::runner	INFO	Running command: "C:\\Program Files (x86)\\Mozilla Firefox\\firefox.exe" "-marionette" "--enable-file-cookies" "-foreground" "-no-remote" "-profile" "C:\\Users\\Sridaran\\AppData\\Local\\Temp\\4\\rust_mozprofile.b67orsIQ2obc"
1556049984794	addons.webextension.screenshots@mozilla.org	WARN	Loading extension 'screenshots@mozilla.org': Reading manifest: Invalid extension permission: mozillaAddons
1556049984794	addons.webextension.screenshots@mozilla.org	WARN	Loading extension 'screenshots@mozilla.org': Reading manifest: Invalid extension permission: resource://pdf.js/
1556049984794	addons.webextension.screenshots@mozilla.org	WARN	Loading extension 'screenshots@mozilla.org': Reading manifest: Invalid extension permission: about:reader*
1556049988068	Marionette	INFO	Listening on port 55267
1556049988145	Marionette	WARN	TLS certificate errors will be ignored for this session
1556050207669	Marionette	INFO	Stopped listening on port 55267
1556050347440	mozrunner::runner	INFO	Running command: "C:\\Program Files (x86)\\Mozilla Firefox\\firefox.exe" "-marionette" "--enable-file-cookies" "-foreground" "-no-remote" "-profile" "C:\\Users\\Sridaran\\AppData\\Local\\Temp\\4\\rust_mozprofile.NpcK8KVh2UQz"
1556050348011	addons.webextension.screenshots@mozilla.org	WARN	Loading extension 'screenshots@mozilla.org': Reading manifest: Invalid extension permission: mozillaAddons
1556050348012	addons.webextension.screenshots@mozilla.org	WARN	Loading extension 'screenshots@mozilla.org': Reading manifest: Invalid extension permission: resource://pdf.js/
1556050348012	addons.webextension.screenshots@mozilla.org	WARN	Loading extension 'screenshots@mozilla.org': Reading manifest: Invalid extension permission: about:reader*
1556050351197	Marionette	INFO	Listening on port 55345
1556050351429	Marionette	WARN	TLS certificate errors will be ignored for this session
1556050719437	Marionette	INFO	Stopped listening on port 55345
1556050748180	mozrunner::runner	INFO	Running command: "C:\\Program Files (x86)\\Mozilla Firefox\\firefox.exe" "-marionette" "--enable-file-cookies" "-foreground" "-no-remote" "-profile" "C:\\Users\\Sridaran\\AppData\\Local\\Temp\\4\\rust_mozprofile.Kzjesp8R32MM"
1556050748731	addons.webextension.screenshots@mozilla.org	WARN	Loading extension 'screenshots@mozilla.org': Reading manifest: Invalid extension permission: mozillaAddons
1556050748731	addons.webextension.screenshots@mozilla.org	WARN	Loading extension 'screenshots@mozilla.org': Reading manifest: Invalid extension permission: resource://pdf.js/
1556050748731	addons.webextension.screenshots@mozilla.org	WARN	Loading extension 'screenshots@mozilla.org': Reading manifest: Invalid extension permission: about:reader*
1556050751972	Marionette	INFO	Listening on port 55431
1556050752180	Marionette	WARN	TLS certificate errors will be ignored for this session
[Parent 4372, Gecko_IOThread] WARNING: pipe error: 109: file z:/build/build/src/ipc/chromium/src/chrome/common/ipc_channel_win.cc, line 332
1556051034764	Marionette	INFO	Stopped listening on port 55431
1556051078942	mozrunner::runner	INFO	Running command: "C:\\Program Files (x86)\\Mozilla Firefox\\firefox.exe" "-marionette" "--enable-file-cookies" "-foreground" "-no-remote" "-profile" "C:\\Users\\Sridaran\\AppData\\Local\\Temp\\4\\rust_mozprofile.oUnPxIT96hoa"
1556051079542	addons.webextension.screenshots@mozilla.org	WARN	Loading extension 'screenshots@mozilla.org': Reading manifest: Invalid extension permission: mozillaAddons
1556051079543	addons.webextension.screenshots@mozilla.org	WARN	Loading extension 'screenshots@mozilla.org': Reading manifest: Invalid extension permission: resource://pdf.js/
1556051079543	addons.webextension.screenshots@mozilla.org	WARN	Loading extension 'screenshots@mozilla.org': Reading manifest: Invalid extension permission: about:reader*
1556051082939	Marionette	INFO	Listening on port 55543
1556051083361	Marionette	WARN	TLS certificate errors will be ignored for this session
1556051196599	Marionette	INFO	Stopped listening on port 55543
1556051348842	mozrunner::runner	INFO	Running command: "C:\\Program Files (x86)\\Mozilla Firefox\\firefox.exe" "-marionette" "--enable-file-cookies" "-foreground" "-no-remote" "-profile" "C:\\Users\\Sridaran\\AppData\\Local\\Temp\\4\\rust_mozprofile.GrWLoG5oikYc"
1556051349377	addons.webextension.screenshots@mozilla.org	WARN	Loading extension 'screenshots@mozilla.org': Reading manifest: Invalid extension permission: mozillaAddons
1556051349377	addons.webextension.screenshots@mozilla.org	WARN	Loading extension 'screenshots@mozilla.org': Reading manifest: Invalid extension permission: resource://pdf.js/
1556051349377	addons.webextension.screenshots@mozilla.org	WARN	Loading extension 'screenshots@mozilla.org': Reading manifest: Invalid extension permission: about:reader*
1556051352966	Marionette	INFO	Listening on port 55604
1556051353285	Marionette	WARN	TLS certificate errors will be ignored for this session
1556051357132	Marionette	INFO	Stopped listening on port 55604
JavaScript error: resource://activity-stream/lib/ActivityStreamPrefs.jsm, line 23: NS_ERROR_ILLEGAL_VALUE: Component returned failure code: 0x80070057 (NS_ERROR_ILLEGAL_VALUE) [nsIPrefBranch.removeObserver]

###!!! [Child][RunMessage] Error: Channel closing: too late to send/recv, messages will be lost


###!!! [Child][RunMessage] Error: Channel closing: too late to send/recv, messages will be lost


###!!! [Child][RunMessage] Error: Channel closing: too late to send/recv, messages will be lost


###!!! [Child][RunMessage] Error: Channel closing: too late to send/recv, messages will be lost

console.error: 
  [Exception... "Component returned failure code: 0x80004005 (NS_ERROR_FAILURE) [nsIAppShellService.hiddenDOMWindow]"  nsresult: "0x80004005 (NS_ERROR_FAILURE)"  location: "JS frame :: resource://activity-stream/lib/DownloadsManager.jsm :: init :: line 44"  data: no]: init@resource://activity-stream/lib/DownloadsManager.jsm:44:5
postInit@resource://activity-stream/lib/HighlightsFeed.jsm:60:5
handler@resource://gre/modules/EventEmitter.jsm:94:11
emit@resource://gre/modules/EventEmitter.jsm:149:11
init@resource://activity-stream/lib/SectionsManager.jsm:119:5

JavaScript error: jar:file:///C:/Program%20Files%20(x86)/Mozilla%20Firefox/omni.ja!/components/nsUrlClassifierListManager.js, line 597: TypeError: this.tablesData[table] is undefined
JavaScript error: resource://gre/modules/ExtensionSettingsStore.jsm, line 103: Error: The ExtensionSettingsStore was accessed before the initialize promise resolved.
1556051390115	mozrunner::runner	INFO	Running command: "C:\\Program Files (x86)\\Mozilla Firefox\\firefox.exe" "-marionette" "--enable-file-cookies" "-foreground" "-no-remote" "-profile" "C:\\Users\\Sridaran\\AppData\\Local\\Temp\\4\\rust_mozprofile.OispJUp3wlMh"
1556051390541	addons.webextension.screenshots@mozilla.org	WARN	Loading extension 'screenshots@mozilla.org': Reading manifest: Invalid extension permission: mozillaAddons
1556051390541	addons.webextension.screenshots@mozilla.org	WARN	Loading extension 'screenshots@mozilla.org': Reading manifest: Invalid extension permission: resource://pdf.js/
1556051390542	addons.webextension.screenshots@mozilla.org	WARN	Loading extension 'screenshots@mozilla.org': Reading manifest: Invalid extension permission: about:reader*
1556051393862	Marionette	INFO	Listening on port 55655
1556051394084	Marionette	WARN	TLS certificate errors will be ignored for this session
1556051549898	Marionette	INFO	Stopped listening on port 55655
JavaScript error: resource://gre/modules/WebProgressChild.jsm, line 61: TypeError: this.mm.content is null
[Parent 6892, Gecko_IOThread] WARNING: pipe error: 232: file z:/build/build/src/ipc/chromium/src/chrome/common/ipc_channel_win.cc, line 493
1556051597327	mozrunner::runner	INFO	Running command: "C:\\Program Files (x86)\\Mozilla Firefox\\firefox.exe" "-marionette" "-foreground" "-no-remote" "-profile" "C:\\Users\\Sridaran\\AppData\\Local\\Temp\\4\\rust_mozprofile.uaKwRUJxrCOl"
1556051597801	addons.webextension.screenshots@mozilla.org	WARN	Loading extension 'screenshots@mozilla.org': Reading manifest: Invalid extension permission: mozillaAddons
1556051597801	addons.webextension.screenshots@mozilla.org	WARN	Loading extension 'screenshots@mozilla.org': Reading manifest: Invalid extension permission: resource://pdf.js/
1556051597801	addons.webextension.screenshots@mozilla.org	WARN	Loading extension 'screenshots@mozilla.org': Reading manifest: Invalid extension permission: about:reader*
1556051601171	Marionette	INFO	Listening on port 55731
1556051601260	Marionette	WARN	TLS certificate errors will be ignored for this session
1556051621642	Marionette	INFO	Stopped listening on port 55731
1556051721843	mozrunner::runner	INFO	Running command: "C:\\Program Files (x86)\\Mozilla Firefox\\firefox.exe" "-marionette" "-foreground" "-no-remote" "-profile" "C:\\Users\\Sridaran\\AppData\\Local\\Temp\\4\\rust_mozprofile.DlYkgLLkgzkA"
1556051722214	addons.webextension.screenshots@mozilla.org	WARN	Loading extension 'screenshots@mozilla.org': Reading manifest: Invalid extension permission: mozillaAddons
1556051722214	addons.webextension.screenshots@mozilla.org	WARN	Loading extension 'screenshots@mozilla.org': Reading manifest: Invalid extension permission: resource://pdf.js/
1556051722214	addons.webextension.screenshots@mozilla.org	WARN	Loading extension 'screenshots@mozilla.org': Reading manifest: Invalid extension permission: about:reader*
1556051725509	Marionette	INFO	Listening on port 55782
1556051725794	Marionette	WARN	TLS certificate errors will be ignored for this session
[Child 3084, Chrome_ChildThread] WARNING: pipe error: 109: file z:/build/build/src/ipc/chromium/src/chrome/common/ipc_channel_win.cc, line 332
[Child 3084, Chrome_ChildThread] WARNING: pipe error: 109: file z:/build/build/src/ipc/chromium/src/chrome/common/ipc_channel_win.cc, line 332
1556051767354	Marionette	INFO	Stopped listening on port 55782
1556051839963	mozrunner::runner	INFO	Running command: "C:\\Program Files (x86)\\Mozilla Firefox\\firefox.exe" "-marionette" "-foreground" "-no-remote" "-profile" "C:\\Users\\Sridaran\\AppData\\Local\\Temp\\4\\rust_mozprofile.AVUGjxEcqnTc"
1556051840566	addons.webextension.screenshots@mozilla.org	WARN	Loading extension 'screenshots@mozilla.org': Reading manifest: Invalid extension permission: mozillaAddons
1556051840567	addons.webextension.screenshots@mozilla.org	WARN	Loading extension 'screenshots@mozilla.org': Reading manifest: Invalid extension permission: resource://pdf.js/
1556051840567	addons.webextension.screenshots@mozilla.org	WARN	Loading extension 'screenshots@mozilla.org': Reading manifest: Invalid extension permission: about:reader*
1556051843988	Marionette	INFO	Listening on port 55846
1556051844434	Marionette	WARN	TLS certificate errors will be ignored for this session
1556051980438	mozrunner::runner	INFO	Running command: "C:\\Program Files (x86)\\Mozilla Firefox\\firefox.exe" "-marionette" "--enable-file-cookies" "-foreground" "-no-remote" "-profile" "C:\\Users\\Sridaran\\AppData\\Local\\Temp\\4\\rust_mozprofile.b9mFkEYvqNoh"
1556051981184	addons.webextension.screenshots@mozilla.org	WARN	Loading extension 'screenshots@mozilla.org': Reading manifest: Invalid extension permission: mozi1556051981667	Marionette	INFO	Stopped listening on port 55846
a.org	WARN	Loading extension 'screenshots@mozilla.org': Reading manifest: Invalid extension permission: resource://pdf.js/
1556051981184	addons.webextension.screenshots@mozilla.org	WARN	Loading extension 'screenshots@mozilla.org': Reading manifest: Invalid extension permission: about:reader*
1556051984756	Marionette	INFO	Listening on port 55901
1556051984929	Marionette	WARN	TLS certificate errors will be ignored for this session
JavaScript error: chrome://global/content/browser-child.js, line 22: TypeError: req is null
[Child 4216, Chrome_ChildThread] WARNING: pipe error: 109: file z:/build/build/src/ipc/chromium/src/chrome/common/ipc_channel_win.cc, line 332
[Child 4216, Chrome_ChildThread] WARNING: pipe error: 109: file z:/build/build/src/ipc/chromium/src/chrome/common/ipc_channel_win.cc, line 332
[Child 4832, Chrome_ChildThread] WARNING: pipe error: 109: file z:/build/build/src/ipc/chromium/src/chrome/common/ipc_channel_win.cc, line 332
[Child 4832, Chrome_ChildThread] WARNING: pipe error: 109: file z:/build/build/src/ipc/chromium/src/chrome/common/ipc_channel_win.cc, line 332
[Child 7300, Chrome_ChildThread] WARNING: pipe error: 109: file z:/build/build/src/ipc/chromium/src/chrome/common/ipc_channel_win.cc, line 332
[Child 7300, Chrome_ChildThread] WARNING: pipe error: 109: file z:/build/build/src/ipc/chromium/src/chrome/common/ipc_channel_win.cc, line 332
[Child 6412, Chrome_ChildThread] WARNING: pipe error: 109: file z:/build/build/src/ipc/chromium/src/chrome/common/ipc_channel_win.cc, line 332
[Child 3272, Chrome_ChildThread] WARNING: pipe error: 109: file z:/build/build/src/ipc/chromium/src/chrome/common/ipc_channel_win.cc, line 332
[Child 2920, Chrome_ChildThread] WARNING: pipe error: 109: file z:/build/build/src/ipc/chromium/src/chrome/common/ipc_channel_win.cc, line 332
1556052051968	Marionette	INFO	Stopped listening on port 55901
1556052162535	mozrunner::runner	INFO	Running command: "C:\\Program Files (x86)\\Mozilla Firefox\\firefox.exe" "-marionette" "-foreground" "-no-remote" "-profile" "C:\\Users\\Sridaran\\AppData\\Local\\Temp\\4\\rust_mozprofile.pAQOfUjsMkDO"
1556052163150	addons.webextension.screenshots@mozilla.org	WARN	Loading extension 'screenshots@mozilla.org': Reading manifest: Invalid extension permission: mozillaAddons
1556052163150	addons.webextension.screenshots@mozilla.org	WARN	Loading extension 'screenshots@mozilla.org': Reading manifest: Invalid extension permission: resource://pdf.js/
1556052163150	addons.webextension.screenshots@mozilla.org	WARN	Loading extension 'screenshots@mozilla.org': Reading manifest: Invalid extension permission: about:reader*
1556052166387	Marionette	INFO	Listening on port 56007
1556052166509	Marionette	WARN	TLS certificate errors will be ignored for this session
JavaScript error: https://gametame.com/js/bootstrap-tour.min.js, line 22: TypeError: this.getStep(...) is undefined
JavaScript error: https://gametame.com/js/bootstrap-tour.min.js, line 22: TypeError: this.getStep(...) is undefined
JavaScript error: https://gametame.com/js/bootstrap-tour.min.js, line 22: TypeError: this.getStep(...) is undefined
JavaScript error: https://gametame.com/js/bootstrap-tour.min.js, line 22: TypeError: this.getStep(...) is undefined

###!!! [Child][RunMessage] Error: Channel closing: too late to send/recv, messages will be lost

1556052188129	Marionette	INFO	Stopped listening on port 56007
1556052206531	mozrunner::runner	INFO	Running command: "C:\\Program Files (x86)\\Mozilla Firefox\\firefox.exe" "-marionette" "--enable-file-cookies" "-foreground" "-no-remote" "-profile" "C:\\Users\\Sridaran\\AppData\\Local\\Temp\\4\\rust_mozprofile.XIX3eReClqrd"
1556052206981	addons.webextension.screenshots@mozilla.org	WARN	Loading extension 'screenshots@mozilla.org': Reading manifest: Invalid extension permission: mozillaAddons
1556052206981	addons.webextension.screenshots@mozilla.org	WARN	Loading extension 'screenshots@mozilla.org': Reading manifest: Invalid extension permission: resource://pdf.js/
1556052206981	addons.webextension.screenshots@mozilla.org	WARN	Loading extension 'screenshots@mozilla.org': Reading manifest: Invalid extension permission: about:reader*
1556052210222	Marionette	INFO	Listening on port 56091
1556052210470	Marionette	WARN	TLS certificate errors will be ignored for this session
JavaScript error: https://gametame.com/js/bootstrap-tour.min.js, line 22: TypeError: this.getStep(...) is undefined
JavaScript error: https://gametame.com/js/bootstrap-tour.min.js, line 22: TypeError: this.getStep(...) is undefined
JavaScript error: https://gametame.com/js/bootstrap-tour.min.js, line 22: TypeError: this.getStep(...) is undefined
JavaScript error: https://gametame.com/js/bootstrap-tour.min.js, line 22: TypeError: this.getStep(...) is undefined
JavaScript error: https://gametame.com/js/bootstrap-tour.min.js, line 22: TypeError: this.getStep(...) is undefined
JavaScript error: https://gametame.com/js/bootstrap-tour.min.js, line 22: TypeError: this.getStep(...) is undefined
JavaScript error: https://gametame.com/js/bootstrap-tour.min.js, line 22: TypeError: this.getStep(...) is undefined
JavaScript error: https://gametame.com/js/bootstrap-tour.min.js, line 22: TypeError: this.getStep(...) is undefined
JavaScript error: https://gametame.com/js/bootstrap-tour.min.js, line 22: TypeError: this.getStep(...) is undefined
JavaScript error: https://gametame.com/js/bootstrap-tour.min.js, line 22: TypeError: this.getStep(...) is undefined
JavaScript error: https://gametame.com/js/bootstrap-tour.min.js, line 22: TypeError: this.getStep(...) is undefined
JavaScript error: https://gametame.com/js/bootstrap-tour.min.js, line 22: TypeError: this.getStep(...) is undefined
JavaScript error: https://gametame.com/js/bootstrap-tour.min.js, line 22: TypeError: this.getStep(...) is undefined
JavaScript error: https://gametame.com/js/bootstrap-tour.min.js, line 22: TypeError: this.getStep(...) is undefined
JavaScript error: https://gametame.com/js/bootstrap-tour.min.js, line 22: TypeError: this.getStep(...) is undefined
JavaScript error: https://gametame.com/js/bootstrap-tour.min.js, line 22: TypeError: this.getStep(...) is undefined
JavaScript error: https://gametame.com/js/bootstrap-tour.min.js, line 22: TypeError: this.getStep(...) is undefined
JavaScript error: https://gametame.com/js/bootstrap-tour.min.js, line 22: TypeError: this.getStep(...) is undefined
JavaScript error: https://gametame.com/js/bootstrap-tour.min.js, line 22: TypeError: this.getStep(...) is undefined
JavaScript error: https://gametame.com/js/bootstrap-tour.min.js, line 22: TypeError: this.getStep(...) is undefined
JavaScript error: https://gametame.com/js/bootstrap-tour.min.js, line 22: TypeError: this.getStep(...) is undefined
JavaScript error: https://gametame.com/js/bootstrap-tour.min.js, line 22: TypeError: this.getStep(...) is undefined
JavaScript error: https://gametame.com/js/bootstrap-tour.min.js, line 22: TypeError: this.getStep(...) is undefined
JavaScript error: https://gametame.com/js/bootstrap-tour.min.js, line 22: TypeError: this.getStep(...) is undefined
JavaScript error: https://gametame.com/js/bootstrap-tour.min.js, line 22: TypeError: this.getStep(...) is undefined
JavaScript error: https://gametame.com/js/bootstrap-tour.min.js, line 22: TypeError: this.getStep(...) is undefined
JavaScript error: https://gametame.com/js/bootstrap-tour.min.js, line 22: TypeError: this.getStep(...) is undefined
JavaScript error: https://gametame.com/js/bootstrap-tour.min.js, line 22: TypeError: this.getStep(...) is undefined
JavaScript error: https://gametame.com/js/bootstrap-tour.min.js, line 22: TypeError: this.getStep(...) is undefined
JavaScript error: https://gametame.com/js/bootstrap-tour.min.js, line 22: TypeError: this.getStep(...) is undefined
JavaScript error: https://gametame.com/js/bootstrap-tour.min.js, line 22: TypeError: this.getStep(...) is undefined
JavaScript error: https://gametame.com/js/bootstrap-tour.min.js, line 22: TypeError: this.getStep(...) is undefined
JavaScript error: https://gametame.com/js/bootstrap-tour.min.js, line 22: TypeError: this.getStep(...) is undefined
JavaScript error: https://gametame.com/js/bootstrap-tour.min.js, line 22: TypeError: this.getStep(...) is undefined
JavaScript error: https://gametame.com/js/bootstrap-tour.min.js, line 22: TypeError: this.getStep(...) is undefined
JavaScript error: https://gametame.com/js/bootstrap-tour.min.js, line 22: TypeError: this.getStep(...) is undefined
JavaScript error: https://gametame.com/js/bootstrap-tour.min.js, line 22: TypeError: this.getStep(...) is undefined
JavaScript error: https://gametame.com/js/bootstrap-tour.min.js, line 22: TypeError: this.getStep(...) is undefined
JavaScript error: https://gametame.com/js/bootstrap-tour.min.js, line 22: TypeError: this.getStep(...) is undefined
JavaScript error: https://gametame.com/js/bootstrap-tour.min.js, line 22: TypeError: this.getStep(...) is undefined
JavaScript error: https://gametame.com/js/bootstrap-tour.min.js, line 22: TypeError: this.getStep(...) is undefined
JavaScript error: https://gametame.com/js/bootstrap-tour.min.js, line 22: TypeError: this.getStep(...) is undefined
JavaScript error: https://gametame.com/js/bootstrap-tour.min.js, line 22: TypeError: this.getStep(...) is undefined
JavaScript error: https://gametame.com/js/bootstrap-tour.min.js, line 22: TypeError: this.getStep(...) is undefined
console.error: "Error while calling actor 'domnode's method 'getImageData'" ""
console.error: "imageToImageData@resource://devtools/server/actors/inspector/utils.js:248:5\n"
JavaScript error: https://gametame.com/js/bootstrap-tour.min.js, line 22: TypeError: this.getStep(...) is undefined
JavaScript error: https://gametame.com/js/bootstrap-tour.min.js, line 22: TypeError: this.getStep(...) is undefined
JavaScript error: https://gametame.com/js/bootstrap-tour.min.js, line 22: TypeError: this.getStep(...) is undefined
JavaScript error: https://gametame.com/js/bootstrap-tour.min.js, line 22: TypeError: this.getStep(...) is undefined
console.error: BroadcastService: 
  receivedBroadcastMessage: handler for
  remote-settings/monitor_changes
  threw error:
  Message: Error: Polling for changes failed: NetworkError when attempting to fetch resource..
  Stack:
    remoteSettingsFunction/remoteSettings.pollChanges@resource://services-settings/remote-settings.js:190:13

JavaScript error: https://gametame.com/js/bootstrap-tour.min.js, line 22: TypeError: this.getStep(...) is undefined
JavaScript error: https://gametame.com/js/bootstrap-tour.min.js, line 22: TypeError: this.getStep(...) is undefined
JavaScript error: https://gametame.com/js/bootstrap-tour.min.js, line 22: TypeError: this.getStep(...) is undefined
JavaScript error: https://gametame.com/js/bootstrap-tour.min.js, line 22: TypeError: this.getStep(...) is undefined
JavaScript error: https://gametame.com/js/bootstrap-tour.min.js, line 22: TypeError: this.getStep(...) is undefined
JavaScript error: https://gametame.com/js/bootstrap-tour.min.js, line 22: TypeError: this.getStep(...) is undefined
JavaScript error: https://gametame.com/js/bootstrap-tour.min.js, line 22: TypeError: this.getStep(...) is undefined
JavaScript error: https://gametame.com/js/bootstrap-tour.min.js, line 22: TypeError: this.getStep(...) is undefined
JavaScript error: https://gametame.com/js/bootstrap-tour.min.js, line 22: TypeError: this.getStep(...) is undefined
JavaScript error: https://gametame.com/js/bootstrap-tour.min.js, line 22: TypeError: this.getStep(...) is undefined
JavaScript error: https://gametame.com/js/bootstrap-tour.min.js, line 22: TypeError: this.getStep(...) is undefined
JavaScript error: https://gametame.com/js/bootstrap-tour.min.js, line 22: TypeError: this.getStep(...) is undefined
JavaScript error: https://asmwall.com/adwall/publisher/5400/profile/13178?subid1=gtsm-GallicaV, line 1: ReferenceError: imgError is not defined
JavaScript warning: https://asmwall.com/framework/public/packages/adscend/site/fingerprint2.min.js, line 1: Error: WebGL warning: getContext: Disallowing antialiased backbuffers due to blacklisting.
JavaScript warning: https://asmwall.com/framework/public/packages/adscend/site/fingerprint2.min.js, line 1: Error: WebGL warning: getContext: Disallowing antialiased backbuffers due to blacklisting.
JavaScript warning: https://asmwall.com/framework/public/packages/adscend/site/fingerprint2.min.js, line 1: Error: WebGL warning: getContext: Disallowing antialiased backbuffers due to blacklisting.
JavaScript warning: https://asmwall.com/framework/public/packages/adscend/site/fingerprint2.min.js, line 1: Error: WebGL warning: getContext: Disallowing antialiased backbuffers due to blacklisting.
JavaScript warning: https://smores.tv/assets/js/menuAnimation.js, line 0: Successfully compiled asm.js code (total compilation time 52ms)
JavaScript warning: https://smores.tv/assets/js/menuAnimation.js, line 0: Successfully compiled asm.js code (total compilation time 42ms)
JavaScript warning: https://smores.tv/assets/js/menuAnimation.js, line 0: Successfully compiled asm.js code (total compilation time 15ms)
JavaScript warning: https://smores.tv/assets/js/menuAnimation.js, line 0: Successfully compiled asm.js code (total compilation time 1ms)
JavaScript error: https://smores.tv/watch.php?v=DEF&p=4062&utm_medium=p&utm_source=5400&click=5400_1520126952&prof=13178&pub=5400&sub1=gtsm-GallicaV&sub3=, line 1080: TypeError: twttr.widgets is undefined
JavaScript warning: https://smores.tv/assets/js/thumb.js, line 1: Error: WebGL warning: getContext: Disallowing antialiased backbuffers due to blacklisting.
JavaScript warning: https://smores.tv/assets/js/thumb.js, line 1: Error: WebGL warning: getContext: Disallowing antialiased backbuffers due to blacklisting.
JavaScript warning: https://smores.tv/assets/js/thumb.js, line 1: Error: WebGL warning: getContext: Disallowing antialiased backbuffers due to blacklisting.
JavaScript warning: https://smores.tv/assets/js/thumb.js, line 1: Error: WebGL warning: getContext: Disallowing antialiased backbuffers due to blacklisting.
[Child 3420, MediaPlayback #2] WARNING: 243e4270 Can't get cubeb context!: file z:/build/build/src/dom/media/AudioStream.cpp, line 351
[Child 3420, MediaPlayback #2] WARNING: Decoder=126aaf80 [OnMediaSinkAudioError]: file z:/build/build/src/dom/media/MediaDecoderStateMachine.cpp, line 3651
[Child 3420, Chrome_ChildThread] WARNING: pipe error: 109: file z:/build/build/src/ipc/chromium/src/chrome/common/ipc_channel_win.cc, line 332
[Child 3420, Chrome_ChildThread] WARNING: pipe error: 109: file z:/build/build/src/ipc/chromium/src/chrome/common/ipc_channel_win.cc, line 332
[Child 6292, Chrome_ChildThread] WARNING: pipe error: 109: file z:/build/build/src/ipc/chromium/src/chrome/common/ipc_channel_win.cc, line 332
[Child 6292, Chrome_ChildThread] WARNING: pipe error: 109: file z:/build/build/src/ipc/chromium/src/chrome/common/ipc_channel_win.cc, line 332
[Child 5256, Chrome_ChildThread] WARNING: pipe error: 109: file z:/build/build/src/ipc/chromium/src/chrome/common/ipc_channel_win.cc, line 332
[Child 5256, Chrome_ChildThread] WARNING: pipe error: 109: file z:/build/build/src/ipc/chromium/src/chrome/common/ipc_channel_win.cc, line 332
[Child 2688, Chrome_ChildThread] WARNING: pipe error: 109: file z:/build/build/src/ipc/chromium/src/chrome/common/ipc_channel_win.cc, line 332
[Child 2688, Chrome_ChildThread] WARNING: pipe error: 109: file z:/build/build/src/ipc/chromium/src/chrome/common/ipc_channel_win.cc, line 332
JavaScript error: https://asmwall.com/adwall/publisher/5400/profile/13178?subid1=gtsm-GallicaV, line 1: ReferenceError: imgError is not defined
JavaScript warning: https://asmwall.com/framework/public/packages/adscend/site/fingerprint2.min.js, line 1: Error: WebGL warning: getContext: Disallowing antialiased backbuffers due to blacklisting.
JavaScript warning: https://asmwall.com/framework/public/packages/adscend/site/fingerprint2.min.js, line 1: Error: WebGL warning: getContext: Disallowing antialiased backbuffers due to blacklisting.
JavaScript warning: https://asmwall.com/framework/public/packages/adscend/site/fingerprint2.min.js, line 1: Error: WebGL warning: getContext: Disallowing antialiased backbuffers due to blacklisting.
JavaScript warning: https://asmwall.com/framework/public/packages/adscend/site/fingerprint2.min.js, line 1: Error: WebGL warning: getContext: Disallowing antialiased backbuffers due to blacklisting.
[Child 3684, Chrome_ChildThread] WARNING: pipe error: 109: file z:/build/build/src/ipc/chromium/src/chrome/common/ipc_channel_win.cc, line 332
[Child 3684, Chrome_ChildThread] WARNING: pipe error: 109: file z:/build/build/src/ipc/chromium/src/chrome/common/ipc_channel_win.cc, line 332
1556053249383	Marionette	INFO	Stopped listening on port 56091
ram Files (x86)\\Mozilla Firefox\\firefox.exe" "-marionette" "--enable-file-cookies" "-foreground" "-no-remote" "-profile" "C:\\Users\\Sridaran\\AppData\\Local\\Temp\\4\\rust_mozprofile.XtPT1Za0wL2I"
1556052938374	addons.webextension.screenshots@mozilla.org	WARN	Loading extension 'screenshots@mozilla.org': Reading manifest: Invalid extension permission: mozillaAddons
1556052938374	addons.webextension.screenshots@mozilla.org	WARN	Loading extension 'screenshots@mozilla.org': Reading manifest: Invalid extension permission: resource://pdf.js/
1556052938374	addons.webextension.screenshots@mozilla.org	WARN	Loading extension 'screenshots@mozilla.org': Reading manifest: Invalid extension permission: about:reader*
1556052941862	Marionette	INFO	Listening on port 56275
1556052941987	Marionette	WARN	TLS certificate errors will be ignored for this session
JavaScript error: https://gametame.com/js/bootstrap-tour.min.js, line 22: TypeError: this.getStep(...) is undefined
JavaScript error: https://gametame.com/js/bootstrap-tour.min.js, line 22: TypeError: this.getStep(...) is undefined
JavaScript error: https://gametame.com/js/bootstrap-tour.min.js, line 22: TypeError: this.getStep(...) is undefined
JavaScript error: https://gametame.com/js/bootstrap-tour.min.js, line 22: TypeError: this.getStep(...) is undefined
JavaScript error: https://gametame.com/js/bootstrap-tour.min.js, line 22: TypeError: this.getStep(...) is undefined
JavaScript error: https://gametame.com/js/bootstrap-tour.min.js, line 22: TypeError: this.getStep(...) is undefined
JavaScript error: https://gametame.com/js/bootstrap-tour.min.js, line 22: TypeError: this.getStep(...) is undefined
JavaScript error: https://gametame.com/js/bootstrap-tour.min.js, line 22: TypeError: this.getStep(...) is undefined
JavaScript error: https://gametame.com/js/bootstrap-tour.min.js, line 22: TypeError: this.getStep(...) is undefined
JavaScript error: https://gametame.com/js/bootstrap-tour.min.js, line 22: TypeError: this.getStep(...) is undefined
JavaScript error: https://gametame.com/js/bootstrap-tour.min.js, line 22: TypeError: this.getStep(...) is undefined
JavaScript error: https://gametame.com/js/bootstrap-tour.min.js, line 22: TypeError: this.getStep(...) is undefined
JavaScript error: https://gametame.com/js/bootstrap-tour.min.js, line 22: TypeError: this.getStep(...) is undefined
JavaScript error: https://gametame.com/js/bootstrap-tour.min.js, line 22: TypeError: this.getStep(...) is undefined
JavaScript error: https://gametame.com/js/bootstrap-tour.min.js, line 22: TypeError: this.getStep(...) is undefined
JavaScript error: https://gametame.com/js/bootstrap-tour.min.js, line 22: TypeError: this.getStep(...) is undefined
1556052994772	Marionette	INFO	Stopped listening on port 56275
1556053011872	mozrunner::runner	INFO	Running command: "C:\\Program Files (x86)\\Mozilla Firefox\\firefox.exe" "-marionette" "--enable-file-cookies" "-foreground" "-no-remote" "-profile" "C:\\Users\\Sridaran\\AppData\\Local\\Temp\\4\\rust_mozprofile.ReeT7IUQPJLj"
1556053013724	addons.webextension.screenshots@mozilla.org	WARN	Loading extension 'screenshots@mozilla.org': Reading manifest: Invalid extension permission: mozillaAddons
1556053013725	addons.webextension.screenshots@mozilla.org	WARN	Loading extension 'screenshots@mozilla.org': Reading manifest: Invalid extension permission: resource://pdf.js/
1556053013725	addons.webextension.screenshots@mozilla.org	WARN	Loading extension 'screenshots@mozilla.org': Reading manifest: Invalid extension permission: about:reader*
1556053017484	Marionette	INFO	Listening on port 56333
1556053017550	Marionette	WARN	TLS certificate errors will be ignored for this session
1556053084554	Marionette	INFO	Stopped listening on port 56333
ram Files (x86)\\Mozilla Firefox\\firefox.exe" "-marionette" "--enable-file-cookies" "-foreground" "-no-remote" "-profile" "C:\\Users\\Sridaran\\AppData\\Local\\Temp\\4\\rust_mozprofile.n28Kt54gDK67"
1556053087851	addons.webextension.screenshots@mozilla.org	WARN	Loading extension 'screenshots@mozilla.org': Reading manifest: Invalid extension permission: mozillaAddons
1556053087851	addons.webextension.screenshots@mozilla.org	WARN	Loading extension 'screenshots@mozilla.org': Reading manifest: Invalid extension permission: resource://pdf.js/
1556053087851	addons.webextension.screenshots@mozilla.org	WARN	Loading extension 'screenshots@mozilla.org': Reading manifest: Invalid extension permission: about:reader*
[Child 1308, Chrome_ChildThread] WARNING: pipe error: 109: file z:/build/build/src/ipc/chromium/src/chrome/common/ipc_channel_win.cc, line 332
1556053093617	Marionette	INFO	Listening on port 56401
1556053093999	Marionette	WARN	TLS certificate errors will be ignored for this session

###!!! [Child][RunMessage] Error: Channel closing: too late to send/recv, messages will be lost

1556053131132	Marionette	INFO	Stopped listening on port 56401
1556053136528	mozrunner::runner	INFO	Running command: "C:\\Program Files (x86)\\Mozilla Firefox\\firefox.exe" "-marionette" "--enable-file-cookies" "-foreground" "-no-remote" "-profile" "C:\\Users\\Sridaran\\AppData\\Local\\Temp\\4\\rust_mozprofile.EVP50QSgISBa"
1556053137384	addons.webextension.screenshots@mozilla.org	WARN	Loading extension 'screenshots@mozilla.org': Reading manifest: Invalid extension permission: mozillaAddons
1556053137411	addons.webextension.screenshots@mozilla.org	WARN	Loading extension 'screenshots@mozilla.org': Reading manifest: Invalid extension permission: resource://pdf.js/
1556053137411	addons.webextension.screenshots@mozilla.org	WARN	Loading extension 'screenshots@mozilla.org': Reading manifest: Invalid extension permission: about:reader*
1556053140843	Marionette	INFO	Listening on port 56489
1556053140973	Marionette	WARN	TLS certificate errors will be ignored for this session
JavaScript error: https://gametame.com/earn/, line 703: TypeError: $(...).tooltip is not a function
JavaScript error: https://gametame.com/earn/, line 795: TypeError: $(...).modal is not a function
JavaScript error: https://asmwall.com/adwall/publisher/5400/profile/13178?subid1=gtsm-GallicaV, line 1: ReferenceError: imgError is not defined
JavaScript warning: https://asmwall.com/framework/public/packages/adscend/site/fingerprint2.min.js, line 1: Error: WebGL warning: getContext: Disallowing antialiased backbuffers due to blacklisting.
JavaScript warning: https://asmwall.com/framework/public/packages/adscend/site/fingerprint2.min.js, line 1: Error: WebGL warning: getContext: Disallowing antialiased backbuffers due to blacklisting.
JavaScript warning: https://asmwall.com/framework/public/packages/adscend/site/fingerprint2.min.js, line 1: Error: WebGL warning: getContext: Disallowing antialiased backbuffers due to blacklisting.
JavaScript warning: https://asmwall.com/framework/public/packages/adscend/site/fingerprint2.min.js, line 1: Error: WebGL warning: getContext: Disallowing antialiased backbuffers due to blacklisting.
1556053237989	Marionette	INFO	Stopped listening on port 56489
